ARM GAS  C:\Users\DAELT\AppData\Local\Temp\ccjPkWWM.s 			page 1


   1              		.cpu cortex-m4
   2              		.arch armv7e-m
   3              		.fpu fpv4-sp-d16
   4              		.eabi_attribute 27, 1
   5              		.eabi_attribute 28, 1
   6              		.eabi_attribute 20, 1
   7              		.eabi_attribute 21, 1
   8              		.eabi_attribute 23, 3
   9              		.eabi_attribute 24, 1
  10              		.eabi_attribute 25, 1
  11              		.eabi_attribute 26, 1
  12              		.eabi_attribute 30, 6
  13              		.eabi_attribute 34, 1
  14              		.eabi_attribute 18, 4
  15              		.file	"stm32f4xx_it.c"
  16              		.text
  17              	.Ltext0:
  18              		.cfi_sections	.debug_frame
  19              		.section	.text.NMI_Handler,"ax",%progbits
  20              		.align	1
  21              		.global	NMI_Handler
  22              		.syntax unified
  23              		.thumb
  24              		.thumb_func
  26              	NMI_Handler:
  27              	.LFB216:
  28              		.file 1 "Core/Src/stm32f4xx_it.c"
   1:Core/Src/stm32f4xx_it.c **** /* USER CODE BEGIN Header */
   2:Core/Src/stm32f4xx_it.c **** /**
   3:Core/Src/stm32f4xx_it.c ****   ******************************************************************************
   4:Core/Src/stm32f4xx_it.c ****   * @file    stm32f4xx_it.c
   5:Core/Src/stm32f4xx_it.c ****   * @brief   Interrupt Service Routines.
   6:Core/Src/stm32f4xx_it.c ****   ******************************************************************************
   7:Core/Src/stm32f4xx_it.c ****   * @attention
   8:Core/Src/stm32f4xx_it.c ****   *
   9:Core/Src/stm32f4xx_it.c ****   * Copyright (c) 2022 STMicroelectronics.
  10:Core/Src/stm32f4xx_it.c ****   * All rights reserved.
  11:Core/Src/stm32f4xx_it.c ****   *
  12:Core/Src/stm32f4xx_it.c ****   * This software is licensed under terms that can be found in the LICENSE file
  13:Core/Src/stm32f4xx_it.c ****   * in the root directory of this software component.
  14:Core/Src/stm32f4xx_it.c ****   * If no LICENSE file comes with this software, it is provided AS-IS.
  15:Core/Src/stm32f4xx_it.c ****   *
  16:Core/Src/stm32f4xx_it.c ****   ******************************************************************************
  17:Core/Src/stm32f4xx_it.c ****   */
  18:Core/Src/stm32f4xx_it.c **** /* USER CODE END Header */
  19:Core/Src/stm32f4xx_it.c **** 
  20:Core/Src/stm32f4xx_it.c **** /* Includes ------------------------------------------------------------------*/
  21:Core/Src/stm32f4xx_it.c **** #include "main.h"
  22:Core/Src/stm32f4xx_it.c **** #include "stm32f4xx_it.h"
  23:Core/Src/stm32f4xx_it.c **** /* Private includes ----------------------------------------------------------*/
  24:Core/Src/stm32f4xx_it.c **** /* USER CODE BEGIN Includes */
  25:Core/Src/stm32f4xx_it.c **** /* USER CODE END Includes */
  26:Core/Src/stm32f4xx_it.c **** 
  27:Core/Src/stm32f4xx_it.c **** /* Private typedef -----------------------------------------------------------*/
  28:Core/Src/stm32f4xx_it.c **** /* USER CODE BEGIN TD */
  29:Core/Src/stm32f4xx_it.c **** 
  30:Core/Src/stm32f4xx_it.c **** /* USER CODE END TD */
ARM GAS  C:\Users\DAELT\AppData\Local\Temp\ccjPkWWM.s 			page 2


  31:Core/Src/stm32f4xx_it.c **** 
  32:Core/Src/stm32f4xx_it.c **** /* Private define ------------------------------------------------------------*/
  33:Core/Src/stm32f4xx_it.c **** /* USER CODE BEGIN PD */
  34:Core/Src/stm32f4xx_it.c **** 
  35:Core/Src/stm32f4xx_it.c **** /* USER CODE END PD */
  36:Core/Src/stm32f4xx_it.c **** 
  37:Core/Src/stm32f4xx_it.c **** /* Private macro -------------------------------------------------------------*/
  38:Core/Src/stm32f4xx_it.c **** /* USER CODE BEGIN PM */
  39:Core/Src/stm32f4xx_it.c **** 
  40:Core/Src/stm32f4xx_it.c **** /* USER CODE END PM */
  41:Core/Src/stm32f4xx_it.c **** 
  42:Core/Src/stm32f4xx_it.c **** /* Private variables ---------------------------------------------------------*/
  43:Core/Src/stm32f4xx_it.c **** /* USER CODE BEGIN PV */
  44:Core/Src/stm32f4xx_it.c **** 
  45:Core/Src/stm32f4xx_it.c **** /* USER CODE END PV */
  46:Core/Src/stm32f4xx_it.c **** 
  47:Core/Src/stm32f4xx_it.c **** /* Private function prototypes -----------------------------------------------*/
  48:Core/Src/stm32f4xx_it.c **** /* USER CODE BEGIN PFP */
  49:Core/Src/stm32f4xx_it.c **** 
  50:Core/Src/stm32f4xx_it.c **** /* USER CODE END PFP */
  51:Core/Src/stm32f4xx_it.c **** 
  52:Core/Src/stm32f4xx_it.c **** /* Private user code ---------------------------------------------------------*/
  53:Core/Src/stm32f4xx_it.c **** /* USER CODE BEGIN 0 */
  54:Core/Src/stm32f4xx_it.c **** /* USER CODE END 0 */
  55:Core/Src/stm32f4xx_it.c **** 
  56:Core/Src/stm32f4xx_it.c **** /* External variables --------------------------------------------------------*/
  57:Core/Src/stm32f4xx_it.c **** extern PCD_HandleTypeDef hpcd_USB_OTG_FS;
  58:Core/Src/stm32f4xx_it.c **** extern TIM_HandleTypeDef htim1;
  59:Core/Src/stm32f4xx_it.c **** extern DMA_HandleTypeDef hdma_usart1_rx;
  60:Core/Src/stm32f4xx_it.c **** extern DMA_HandleTypeDef hdma_usart1_tx;
  61:Core/Src/stm32f4xx_it.c **** extern UART_HandleTypeDef huart1;
  62:Core/Src/stm32f4xx_it.c **** extern TIM_HandleTypeDef htim11;
  63:Core/Src/stm32f4xx_it.c **** 
  64:Core/Src/stm32f4xx_it.c **** /* USER CODE BEGIN EV */
  65:Core/Src/stm32f4xx_it.c **** 
  66:Core/Src/stm32f4xx_it.c **** /* USER CODE END EV */
  67:Core/Src/stm32f4xx_it.c **** 
  68:Core/Src/stm32f4xx_it.c **** /******************************************************************************/
  69:Core/Src/stm32f4xx_it.c **** /*           Cortex-M4 Processor Interruption and Exception Handlers          */
  70:Core/Src/stm32f4xx_it.c **** /******************************************************************************/
  71:Core/Src/stm32f4xx_it.c **** /**
  72:Core/Src/stm32f4xx_it.c ****   * @brief This function handles Non maskable interrupt.
  73:Core/Src/stm32f4xx_it.c ****   */
  74:Core/Src/stm32f4xx_it.c **** void NMI_Handler(void)
  75:Core/Src/stm32f4xx_it.c **** {
  29              		.loc 1 75 1
  30              		.cfi_startproc
  31              		@ args = 0, pretend = 0, frame = 0
  32              		@ frame_needed = 1, uses_anonymous_args = 0
  33              		@ link register save eliminated.
  34 0000 80B4     		push	{r7}
  35              	.LCFI0:
  36              		.cfi_def_cfa_offset 4
  37              		.cfi_offset 7, -4
  38 0002 00AF     		add	r7, sp, #0
  39              	.LCFI1:
  40              		.cfi_def_cfa_register 7
ARM GAS  C:\Users\DAELT\AppData\Local\Temp\ccjPkWWM.s 			page 3


  41              	.L2:
  76:Core/Src/stm32f4xx_it.c ****   /* USER CODE BEGIN NonMaskableInt_IRQn 0 */
  77:Core/Src/stm32f4xx_it.c **** 
  78:Core/Src/stm32f4xx_it.c ****   /* USER CODE END NonMaskableInt_IRQn 0 */
  79:Core/Src/stm32f4xx_it.c ****   /* USER CODE BEGIN NonMaskableInt_IRQn 1 */
  80:Core/Src/stm32f4xx_it.c ****   while (1)
  42              		.loc 1 80 9 discriminator 1
  43 0004 FEE7     		b	.L2
  44              		.cfi_endproc
  45              	.LFE216:
  47              		.section	.text.HardFault_Handler,"ax",%progbits
  48              		.align	1
  49              		.global	HardFault_Handler
  50              		.syntax unified
  51              		.thumb
  52              		.thumb_func
  54              	HardFault_Handler:
  55              	.LFB217:
  81:Core/Src/stm32f4xx_it.c ****   {
  82:Core/Src/stm32f4xx_it.c ****   }
  83:Core/Src/stm32f4xx_it.c ****   /* USER CODE END NonMaskableInt_IRQn 1 */
  84:Core/Src/stm32f4xx_it.c **** }
  85:Core/Src/stm32f4xx_it.c **** 
  86:Core/Src/stm32f4xx_it.c **** /**
  87:Core/Src/stm32f4xx_it.c ****   * @brief This function handles Hard fault interrupt.
  88:Core/Src/stm32f4xx_it.c ****   */
  89:Core/Src/stm32f4xx_it.c **** void HardFault_Handler(void)
  90:Core/Src/stm32f4xx_it.c **** {
  56              		.loc 1 90 1
  57              		.cfi_startproc
  58              		@ args = 0, pretend = 0, frame = 0
  59              		@ frame_needed = 1, uses_anonymous_args = 0
  60              		@ link register save eliminated.
  61 0000 80B4     		push	{r7}
  62              	.LCFI2:
  63              		.cfi_def_cfa_offset 4
  64              		.cfi_offset 7, -4
  65 0002 00AF     		add	r7, sp, #0
  66              	.LCFI3:
  67              		.cfi_def_cfa_register 7
  68              	.L4:
  91:Core/Src/stm32f4xx_it.c ****   /* USER CODE BEGIN HardFault_IRQn 0 */
  92:Core/Src/stm32f4xx_it.c **** 
  93:Core/Src/stm32f4xx_it.c ****   /* USER CODE END HardFault_IRQn 0 */
  94:Core/Src/stm32f4xx_it.c ****   while (1)
  69              		.loc 1 94 9 discriminator 1
  70 0004 FEE7     		b	.L4
  71              		.cfi_endproc
  72              	.LFE217:
  74              		.section	.text.MemManage_Handler,"ax",%progbits
  75              		.align	1
  76              		.global	MemManage_Handler
  77              		.syntax unified
  78              		.thumb
  79              		.thumb_func
  81              	MemManage_Handler:
  82              	.LFB218:
ARM GAS  C:\Users\DAELT\AppData\Local\Temp\ccjPkWWM.s 			page 4


  95:Core/Src/stm32f4xx_it.c ****   {
  96:Core/Src/stm32f4xx_it.c ****     /* USER CODE BEGIN W1_HardFault_IRQn 0 */
  97:Core/Src/stm32f4xx_it.c ****     /* USER CODE END W1_HardFault_IRQn 0 */
  98:Core/Src/stm32f4xx_it.c ****   }
  99:Core/Src/stm32f4xx_it.c **** }
 100:Core/Src/stm32f4xx_it.c **** 
 101:Core/Src/stm32f4xx_it.c **** /**
 102:Core/Src/stm32f4xx_it.c ****   * @brief This function handles Memory management fault.
 103:Core/Src/stm32f4xx_it.c ****   */
 104:Core/Src/stm32f4xx_it.c **** void MemManage_Handler(void)
 105:Core/Src/stm32f4xx_it.c **** {
  83              		.loc 1 105 1
  84              		.cfi_startproc
  85              		@ args = 0, pretend = 0, frame = 0
  86              		@ frame_needed = 1, uses_anonymous_args = 0
  87              		@ link register save eliminated.
  88 0000 80B4     		push	{r7}
  89              	.LCFI4:
  90              		.cfi_def_cfa_offset 4
  91              		.cfi_offset 7, -4
  92 0002 00AF     		add	r7, sp, #0
  93              	.LCFI5:
  94              		.cfi_def_cfa_register 7
  95              	.L6:
 106:Core/Src/stm32f4xx_it.c ****   /* USER CODE BEGIN MemoryManagement_IRQn 0 */
 107:Core/Src/stm32f4xx_it.c **** 
 108:Core/Src/stm32f4xx_it.c ****   /* USER CODE END MemoryManagement_IRQn 0 */
 109:Core/Src/stm32f4xx_it.c ****   while (1)
  96              		.loc 1 109 9 discriminator 1
  97 0004 FEE7     		b	.L6
  98              		.cfi_endproc
  99              	.LFE218:
 101              		.section	.text.BusFault_Handler,"ax",%progbits
 102              		.align	1
 103              		.global	BusFault_Handler
 104              		.syntax unified
 105              		.thumb
 106              		.thumb_func
 108              	BusFault_Handler:
 109              	.LFB219:
 110:Core/Src/stm32f4xx_it.c ****   {
 111:Core/Src/stm32f4xx_it.c ****     /* USER CODE BEGIN W1_MemoryManagement_IRQn 0 */
 112:Core/Src/stm32f4xx_it.c ****     /* USER CODE END W1_MemoryManagement_IRQn 0 */
 113:Core/Src/stm32f4xx_it.c ****   }
 114:Core/Src/stm32f4xx_it.c **** }
 115:Core/Src/stm32f4xx_it.c **** 
 116:Core/Src/stm32f4xx_it.c **** /**
 117:Core/Src/stm32f4xx_it.c ****   * @brief This function handles Pre-fetch fault, memory access fault.
 118:Core/Src/stm32f4xx_it.c ****   */
 119:Core/Src/stm32f4xx_it.c **** void BusFault_Handler(void)
 120:Core/Src/stm32f4xx_it.c **** {
 110              		.loc 1 120 1
 111              		.cfi_startproc
 112              		@ args = 0, pretend = 0, frame = 0
 113              		@ frame_needed = 1, uses_anonymous_args = 0
 114              		@ link register save eliminated.
 115 0000 80B4     		push	{r7}
ARM GAS  C:\Users\DAELT\AppData\Local\Temp\ccjPkWWM.s 			page 5


 116              	.LCFI6:
 117              		.cfi_def_cfa_offset 4
 118              		.cfi_offset 7, -4
 119 0002 00AF     		add	r7, sp, #0
 120              	.LCFI7:
 121              		.cfi_def_cfa_register 7
 122              	.L8:
 121:Core/Src/stm32f4xx_it.c ****   /* USER CODE BEGIN BusFault_IRQn 0 */
 122:Core/Src/stm32f4xx_it.c **** 
 123:Core/Src/stm32f4xx_it.c ****   /* USER CODE END BusFault_IRQn 0 */
 124:Core/Src/stm32f4xx_it.c ****   while (1)
 123              		.loc 1 124 9 discriminator 1
 124 0004 FEE7     		b	.L8
 125              		.cfi_endproc
 126              	.LFE219:
 128              		.section	.text.UsageFault_Handler,"ax",%progbits
 129              		.align	1
 130              		.global	UsageFault_Handler
 131              		.syntax unified
 132              		.thumb
 133              		.thumb_func
 135              	UsageFault_Handler:
 136              	.LFB220:
 125:Core/Src/stm32f4xx_it.c ****   {
 126:Core/Src/stm32f4xx_it.c ****     /* USER CODE BEGIN W1_BusFault_IRQn 0 */
 127:Core/Src/stm32f4xx_it.c ****     /* USER CODE END W1_BusFault_IRQn 0 */
 128:Core/Src/stm32f4xx_it.c ****   }
 129:Core/Src/stm32f4xx_it.c **** }
 130:Core/Src/stm32f4xx_it.c **** 
 131:Core/Src/stm32f4xx_it.c **** /**
 132:Core/Src/stm32f4xx_it.c ****   * @brief This function handles Undefined instruction or illegal state.
 133:Core/Src/stm32f4xx_it.c ****   */
 134:Core/Src/stm32f4xx_it.c **** void UsageFault_Handler(void)
 135:Core/Src/stm32f4xx_it.c **** {
 137              		.loc 1 135 1
 138              		.cfi_startproc
 139              		@ args = 0, pretend = 0, frame = 0
 140              		@ frame_needed = 1, uses_anonymous_args = 0
 141              		@ link register save eliminated.
 142 0000 80B4     		push	{r7}
 143              	.LCFI8:
 144              		.cfi_def_cfa_offset 4
 145              		.cfi_offset 7, -4
 146 0002 00AF     		add	r7, sp, #0
 147              	.LCFI9:
 148              		.cfi_def_cfa_register 7
 149              	.L10:
 136:Core/Src/stm32f4xx_it.c ****   /* USER CODE BEGIN UsageFault_IRQn 0 */
 137:Core/Src/stm32f4xx_it.c **** 
 138:Core/Src/stm32f4xx_it.c ****   /* USER CODE END UsageFault_IRQn 0 */
 139:Core/Src/stm32f4xx_it.c ****   while (1)
 150              		.loc 1 139 9 discriminator 1
 151 0004 FEE7     		b	.L10
 152              		.cfi_endproc
 153              	.LFE220:
 155              		.section	.text.DebugMon_Handler,"ax",%progbits
 156              		.align	1
ARM GAS  C:\Users\DAELT\AppData\Local\Temp\ccjPkWWM.s 			page 6


 157              		.global	DebugMon_Handler
 158              		.syntax unified
 159              		.thumb
 160              		.thumb_func
 162              	DebugMon_Handler:
 163              	.LFB221:
 140:Core/Src/stm32f4xx_it.c ****   {
 141:Core/Src/stm32f4xx_it.c ****     /* USER CODE BEGIN W1_UsageFault_IRQn 0 */
 142:Core/Src/stm32f4xx_it.c ****     /* USER CODE END W1_UsageFault_IRQn 0 */
 143:Core/Src/stm32f4xx_it.c ****   }
 144:Core/Src/stm32f4xx_it.c **** }
 145:Core/Src/stm32f4xx_it.c **** 
 146:Core/Src/stm32f4xx_it.c **** /**
 147:Core/Src/stm32f4xx_it.c ****   * @brief This function handles Debug monitor.
 148:Core/Src/stm32f4xx_it.c ****   */
 149:Core/Src/stm32f4xx_it.c **** void DebugMon_Handler(void)
 150:Core/Src/stm32f4xx_it.c **** {
 164              		.loc 1 150 1
 165              		.cfi_startproc
 166              		@ args = 0, pretend = 0, frame = 0
 167              		@ frame_needed = 1, uses_anonymous_args = 0
 168              		@ link register save eliminated.
 169 0000 80B4     		push	{r7}
 170              	.LCFI10:
 171              		.cfi_def_cfa_offset 4
 172              		.cfi_offset 7, -4
 173 0002 00AF     		add	r7, sp, #0
 174              	.LCFI11:
 175              		.cfi_def_cfa_register 7
 151:Core/Src/stm32f4xx_it.c ****   /* USER CODE BEGIN DebugMonitor_IRQn 0 */
 152:Core/Src/stm32f4xx_it.c **** 
 153:Core/Src/stm32f4xx_it.c ****   /* USER CODE END DebugMonitor_IRQn 0 */
 154:Core/Src/stm32f4xx_it.c ****   /* USER CODE BEGIN DebugMonitor_IRQn 1 */
 155:Core/Src/stm32f4xx_it.c **** 
 156:Core/Src/stm32f4xx_it.c ****   /* USER CODE END DebugMonitor_IRQn 1 */
 157:Core/Src/stm32f4xx_it.c **** }
 176              		.loc 1 157 1
 177 0004 00BF     		nop
 178 0006 BD46     		mov	sp, r7
 179              	.LCFI12:
 180              		.cfi_def_cfa_register 13
 181              		@ sp needed
 182 0008 5DF8047B 		ldr	r7, [sp], #4
 183              	.LCFI13:
 184              		.cfi_restore 7
 185              		.cfi_def_cfa_offset 0
 186 000c 7047     		bx	lr
 187              		.cfi_endproc
 188              	.LFE221:
 190              		.section	.text.TIM1_TRG_COM_TIM11_IRQHandler,"ax",%progbits
 191              		.align	1
 192              		.global	TIM1_TRG_COM_TIM11_IRQHandler
 193              		.syntax unified
 194              		.thumb
 195              		.thumb_func
 197              	TIM1_TRG_COM_TIM11_IRQHandler:
 198              	.LFB222:
ARM GAS  C:\Users\DAELT\AppData\Local\Temp\ccjPkWWM.s 			page 7


 158:Core/Src/stm32f4xx_it.c **** 
 159:Core/Src/stm32f4xx_it.c **** /******************************************************************************/
 160:Core/Src/stm32f4xx_it.c **** /* STM32F4xx Peripheral Interrupt Handlers                                    */
 161:Core/Src/stm32f4xx_it.c **** /* Add here the Interrupt Handlers for the used peripherals.                  */
 162:Core/Src/stm32f4xx_it.c **** /* For the available peripheral interrupt handler names,                      */
 163:Core/Src/stm32f4xx_it.c **** /* please refer to the startup file (startup_stm32f4xx.s).                    */
 164:Core/Src/stm32f4xx_it.c **** /******************************************************************************/
 165:Core/Src/stm32f4xx_it.c **** 
 166:Core/Src/stm32f4xx_it.c **** /**
 167:Core/Src/stm32f4xx_it.c ****   * @brief This function handles TIM1 trigger and commutation interrupts and TIM11 global interrupt
 168:Core/Src/stm32f4xx_it.c ****   */
 169:Core/Src/stm32f4xx_it.c **** void TIM1_TRG_COM_TIM11_IRQHandler(void)
 170:Core/Src/stm32f4xx_it.c **** {
 199              		.loc 1 170 1
 200              		.cfi_startproc
 201              		@ args = 0, pretend = 0, frame = 0
 202              		@ frame_needed = 1, uses_anonymous_args = 0
 203 0000 80B5     		push	{r7, lr}
 204              	.LCFI14:
 205              		.cfi_def_cfa_offset 8
 206              		.cfi_offset 7, -8
 207              		.cfi_offset 14, -4
 208 0002 00AF     		add	r7, sp, #0
 209              	.LCFI15:
 210              		.cfi_def_cfa_register 7
 171:Core/Src/stm32f4xx_it.c ****   /* USER CODE BEGIN TIM1_TRG_COM_TIM11_IRQn 0 */
 172:Core/Src/stm32f4xx_it.c ****   /* USER CODE END TIM1_TRG_COM_TIM11_IRQn 0 */
 173:Core/Src/stm32f4xx_it.c ****   HAL_TIM_IRQHandler(&htim1);
 211              		.loc 1 173 3
 212 0004 0348     		ldr	r0, .L13
 213 0006 FFF7FEFF 		bl	HAL_TIM_IRQHandler
 174:Core/Src/stm32f4xx_it.c ****   HAL_TIM_IRQHandler(&htim11);
 214              		.loc 1 174 3
 215 000a 0348     		ldr	r0, .L13+4
 216 000c FFF7FEFF 		bl	HAL_TIM_IRQHandler
 175:Core/Src/stm32f4xx_it.c ****   /* USER CODE BEGIN TIM1_TRG_COM_TIM11_IRQn 1 */
 176:Core/Src/stm32f4xx_it.c **** 
 177:Core/Src/stm32f4xx_it.c ****   /* USER CODE END TIM1_TRG_COM_TIM11_IRQn 1 */
 178:Core/Src/stm32f4xx_it.c **** }
 217              		.loc 1 178 1
 218 0010 00BF     		nop
 219 0012 80BD     		pop	{r7, pc}
 220              	.L14:
 221              		.align	2
 222              	.L13:
 223 0014 00000000 		.word	htim1
 224 0018 00000000 		.word	htim11
 225              		.cfi_endproc
 226              	.LFE222:
 228              		.section	.text.USART1_IRQHandler,"ax",%progbits
 229              		.align	1
 230              		.global	USART1_IRQHandler
 231              		.syntax unified
 232              		.thumb
 233              		.thumb_func
 235              	USART1_IRQHandler:
 236              	.LFB223:
ARM GAS  C:\Users\DAELT\AppData\Local\Temp\ccjPkWWM.s 			page 8


 179:Core/Src/stm32f4xx_it.c **** 
 180:Core/Src/stm32f4xx_it.c **** /**
 181:Core/Src/stm32f4xx_it.c ****   * @brief This function handles USART1 global interrupt.
 182:Core/Src/stm32f4xx_it.c ****   */
 183:Core/Src/stm32f4xx_it.c **** void USART1_IRQHandler(void)
 184:Core/Src/stm32f4xx_it.c **** {
 237              		.loc 1 184 1
 238              		.cfi_startproc
 239              		@ args = 0, pretend = 0, frame = 0
 240              		@ frame_needed = 1, uses_anonymous_args = 0
 241 0000 80B5     		push	{r7, lr}
 242              	.LCFI16:
 243              		.cfi_def_cfa_offset 8
 244              		.cfi_offset 7, -8
 245              		.cfi_offset 14, -4
 246 0002 00AF     		add	r7, sp, #0
 247              	.LCFI17:
 248              		.cfi_def_cfa_register 7
 185:Core/Src/stm32f4xx_it.c ****   /* USER CODE BEGIN USART1_IRQn 0 */
 186:Core/Src/stm32f4xx_it.c **** 
 187:Core/Src/stm32f4xx_it.c ****   /* USER CODE END USART1_IRQn 0 */
 188:Core/Src/stm32f4xx_it.c ****   HAL_UART_IRQHandler(&huart1);
 249              		.loc 1 188 3
 250 0004 0248     		ldr	r0, .L16
 251 0006 FFF7FEFF 		bl	HAL_UART_IRQHandler
 189:Core/Src/stm32f4xx_it.c ****   /* USER CODE BEGIN USART1_IRQn 1 */
 190:Core/Src/stm32f4xx_it.c **** 
 191:Core/Src/stm32f4xx_it.c ****   /* USER CODE END USART1_IRQn 1 */
 192:Core/Src/stm32f4xx_it.c **** }
 252              		.loc 1 192 1
 253 000a 00BF     		nop
 254 000c 80BD     		pop	{r7, pc}
 255              	.L17:
 256 000e 00BF     		.align	2
 257              	.L16:
 258 0010 00000000 		.word	huart1
 259              		.cfi_endproc
 260              	.LFE223:
 262              		.section	.text.DMA2_Stream2_IRQHandler,"ax",%progbits
 263              		.align	1
 264              		.global	DMA2_Stream2_IRQHandler
 265              		.syntax unified
 266              		.thumb
 267              		.thumb_func
 269              	DMA2_Stream2_IRQHandler:
 270              	.LFB224:
 193:Core/Src/stm32f4xx_it.c **** 
 194:Core/Src/stm32f4xx_it.c **** /**
 195:Core/Src/stm32f4xx_it.c ****   * @brief This function handles DMA2 stream2 global interrupt.
 196:Core/Src/stm32f4xx_it.c ****   */
 197:Core/Src/stm32f4xx_it.c **** void DMA2_Stream2_IRQHandler(void)
 198:Core/Src/stm32f4xx_it.c **** {
 271              		.loc 1 198 1
 272              		.cfi_startproc
 273              		@ args = 0, pretend = 0, frame = 0
 274              		@ frame_needed = 1, uses_anonymous_args = 0
 275 0000 80B5     		push	{r7, lr}
ARM GAS  C:\Users\DAELT\AppData\Local\Temp\ccjPkWWM.s 			page 9


 276              	.LCFI18:
 277              		.cfi_def_cfa_offset 8
 278              		.cfi_offset 7, -8
 279              		.cfi_offset 14, -4
 280 0002 00AF     		add	r7, sp, #0
 281              	.LCFI19:
 282              		.cfi_def_cfa_register 7
 199:Core/Src/stm32f4xx_it.c ****   /* USER CODE BEGIN DMA2_Stream2_IRQn 0 */
 200:Core/Src/stm32f4xx_it.c **** 
 201:Core/Src/stm32f4xx_it.c ****   /* USER CODE END DMA2_Stream2_IRQn 0 */
 202:Core/Src/stm32f4xx_it.c ****   HAL_DMA_IRQHandler(&hdma_usart1_rx);
 283              		.loc 1 202 3
 284 0004 0248     		ldr	r0, .L19
 285 0006 FFF7FEFF 		bl	HAL_DMA_IRQHandler
 203:Core/Src/stm32f4xx_it.c ****   /* USER CODE BEGIN DMA2_Stream2_IRQn 1 */
 204:Core/Src/stm32f4xx_it.c **** 
 205:Core/Src/stm32f4xx_it.c ****   /* USER CODE END DMA2_Stream2_IRQn 1 */
 206:Core/Src/stm32f4xx_it.c **** }
 286              		.loc 1 206 1
 287 000a 00BF     		nop
 288 000c 80BD     		pop	{r7, pc}
 289              	.L20:
 290 000e 00BF     		.align	2
 291              	.L19:
 292 0010 00000000 		.word	hdma_usart1_rx
 293              		.cfi_endproc
 294              	.LFE224:
 296              		.section	.text.OTG_FS_IRQHandler,"ax",%progbits
 297              		.align	1
 298              		.global	OTG_FS_IRQHandler
 299              		.syntax unified
 300              		.thumb
 301              		.thumb_func
 303              	OTG_FS_IRQHandler:
 304              	.LFB225:
 207:Core/Src/stm32f4xx_it.c **** 
 208:Core/Src/stm32f4xx_it.c **** /**
 209:Core/Src/stm32f4xx_it.c ****   * @brief This function handles USB On The Go FS global interrupt.
 210:Core/Src/stm32f4xx_it.c ****   */
 211:Core/Src/stm32f4xx_it.c **** void OTG_FS_IRQHandler(void)
 212:Core/Src/stm32f4xx_it.c **** {
 305              		.loc 1 212 1
 306              		.cfi_startproc
 307              		@ args = 0, pretend = 0, frame = 0
 308              		@ frame_needed = 1, uses_anonymous_args = 0
 309 0000 80B5     		push	{r7, lr}
 310              	.LCFI20:
 311              		.cfi_def_cfa_offset 8
 312              		.cfi_offset 7, -8
 313              		.cfi_offset 14, -4
 314 0002 00AF     		add	r7, sp, #0
 315              	.LCFI21:
 316              		.cfi_def_cfa_register 7
 213:Core/Src/stm32f4xx_it.c ****   /* USER CODE BEGIN OTG_FS_IRQn 0 */
 214:Core/Src/stm32f4xx_it.c **** 
 215:Core/Src/stm32f4xx_it.c ****   /* USER CODE END OTG_FS_IRQn 0 */
 216:Core/Src/stm32f4xx_it.c ****   HAL_PCD_IRQHandler(&hpcd_USB_OTG_FS);
ARM GAS  C:\Users\DAELT\AppData\Local\Temp\ccjPkWWM.s 			page 10


 317              		.loc 1 216 3
 318 0004 0248     		ldr	r0, .L22
 319 0006 FFF7FEFF 		bl	HAL_PCD_IRQHandler
 217:Core/Src/stm32f4xx_it.c ****   /* USER CODE BEGIN OTG_FS_IRQn 1 */
 218:Core/Src/stm32f4xx_it.c **** 
 219:Core/Src/stm32f4xx_it.c ****   /* USER CODE END OTG_FS_IRQn 1 */
 220:Core/Src/stm32f4xx_it.c **** }
 320              		.loc 1 220 1
 321 000a 00BF     		nop
 322 000c 80BD     		pop	{r7, pc}
 323              	.L23:
 324 000e 00BF     		.align	2
 325              	.L22:
 326 0010 00000000 		.word	hpcd_USB_OTG_FS
 327              		.cfi_endproc
 328              	.LFE225:
 330              		.section	.text.DMA2_Stream7_IRQHandler,"ax",%progbits
 331              		.align	1
 332              		.global	DMA2_Stream7_IRQHandler
 333              		.syntax unified
 334              		.thumb
 335              		.thumb_func
 337              	DMA2_Stream7_IRQHandler:
 338              	.LFB226:
 221:Core/Src/stm32f4xx_it.c **** 
 222:Core/Src/stm32f4xx_it.c **** /**
 223:Core/Src/stm32f4xx_it.c ****   * @brief This function handles DMA2 stream7 global interrupt.
 224:Core/Src/stm32f4xx_it.c ****   */
 225:Core/Src/stm32f4xx_it.c **** void DMA2_Stream7_IRQHandler(void)
 226:Core/Src/stm32f4xx_it.c **** {
 339              		.loc 1 226 1
 340              		.cfi_startproc
 341              		@ args = 0, pretend = 0, frame = 0
 342              		@ frame_needed = 1, uses_anonymous_args = 0
 343 0000 80B5     		push	{r7, lr}
 344              	.LCFI22:
 345              		.cfi_def_cfa_offset 8
 346              		.cfi_offset 7, -8
 347              		.cfi_offset 14, -4
 348 0002 00AF     		add	r7, sp, #0
 349              	.LCFI23:
 350              		.cfi_def_cfa_register 7
 227:Core/Src/stm32f4xx_it.c ****   /* USER CODE BEGIN DMA2_Stream7_IRQn 0 */
 228:Core/Src/stm32f4xx_it.c **** 
 229:Core/Src/stm32f4xx_it.c ****   /* USER CODE END DMA2_Stream7_IRQn 0 */
 230:Core/Src/stm32f4xx_it.c ****   HAL_DMA_IRQHandler(&hdma_usart1_tx);
 351              		.loc 1 230 3
 352 0004 0248     		ldr	r0, .L25
 353 0006 FFF7FEFF 		bl	HAL_DMA_IRQHandler
 231:Core/Src/stm32f4xx_it.c ****   /* USER CODE BEGIN DMA2_Stream7_IRQn 1 */
 232:Core/Src/stm32f4xx_it.c **** 
 233:Core/Src/stm32f4xx_it.c ****   /* USER CODE END DMA2_Stream7_IRQn 1 */
 234:Core/Src/stm32f4xx_it.c **** }
 354              		.loc 1 234 1
 355 000a 00BF     		nop
 356 000c 80BD     		pop	{r7, pc}
 357              	.L26:
ARM GAS  C:\Users\DAELT\AppData\Local\Temp\ccjPkWWM.s 			page 11


 358 000e 00BF     		.align	2
 359              	.L25:
 360 0010 00000000 		.word	hdma_usart1_tx
 361              		.cfi_endproc
 362              	.LFE226:
 364              		.text
 365              	.Letext0:
 366              		.file 2 "c:\\arm-gcc\\arm-gnu-toolchain-11.3.rel1-mingw-w64-i686-arm-none-eabi\\arm-none-eabi\\inc
 367              		.file 3 "c:\\arm-gcc\\arm-gnu-toolchain-11.3.rel1-mingw-w64-i686-arm-none-eabi\\arm-none-eabi\\inc
 368              		.file 4 "Drivers/CMSIS/Device/ST/STM32F4xx/Include/stm32f411xe.h"
 369              		.file 5 "Drivers/STM32F4xx_HAL_Driver/Inc/stm32f4xx_hal_def.h"
 370              		.file 6 "Drivers/STM32F4xx_HAL_Driver/Inc/stm32f4xx_hal_dma.h"
 371              		.file 7 "Drivers/STM32F4xx_HAL_Driver/Inc/stm32f4xx_hal_tim.h"
 372              		.file 8 "Drivers/STM32F4xx_HAL_Driver/Inc/stm32f4xx_hal_uart.h"
 373              		.file 9 "Drivers/STM32F4xx_HAL_Driver/Inc/stm32f4xx_ll_usb.h"
 374              		.file 10 "Drivers/STM32F4xx_HAL_Driver/Inc/stm32f4xx_hal_pcd.h"
ARM GAS  C:\Users\DAELT\AppData\Local\Temp\ccjPkWWM.s 			page 12


DEFINED SYMBOLS
                            *ABS*:00000000 stm32f4xx_it.c
C:\Users\DAELT\AppData\Local\Temp\ccjPkWWM.s:20     .text.NMI_Handler:00000000 $t
C:\Users\DAELT\AppData\Local\Temp\ccjPkWWM.s:26     .text.NMI_Handler:00000000 NMI_Handler
C:\Users\DAELT\AppData\Local\Temp\ccjPkWWM.s:48     .text.HardFault_Handler:00000000 $t
C:\Users\DAELT\AppData\Local\Temp\ccjPkWWM.s:54     .text.HardFault_Handler:00000000 HardFault_Handler
C:\Users\DAELT\AppData\Local\Temp\ccjPkWWM.s:75     .text.MemManage_Handler:00000000 $t
C:\Users\DAELT\AppData\Local\Temp\ccjPkWWM.s:81     .text.MemManage_Handler:00000000 MemManage_Handler
C:\Users\DAELT\AppData\Local\Temp\ccjPkWWM.s:102    .text.BusFault_Handler:00000000 $t
C:\Users\DAELT\AppData\Local\Temp\ccjPkWWM.s:108    .text.BusFault_Handler:00000000 BusFault_Handler
C:\Users\DAELT\AppData\Local\Temp\ccjPkWWM.s:129    .text.UsageFault_Handler:00000000 $t
C:\Users\DAELT\AppData\Local\Temp\ccjPkWWM.s:135    .text.UsageFault_Handler:00000000 UsageFault_Handler
C:\Users\DAELT\AppData\Local\Temp\ccjPkWWM.s:156    .text.DebugMon_Handler:00000000 $t
C:\Users\DAELT\AppData\Local\Temp\ccjPkWWM.s:162    .text.DebugMon_Handler:00000000 DebugMon_Handler
C:\Users\DAELT\AppData\Local\Temp\ccjPkWWM.s:191    .text.TIM1_TRG_COM_TIM11_IRQHandler:00000000 $t
C:\Users\DAELT\AppData\Local\Temp\ccjPkWWM.s:197    .text.TIM1_TRG_COM_TIM11_IRQHandler:00000000 TIM1_TRG_COM_TIM11_IRQHandler
C:\Users\DAELT\AppData\Local\Temp\ccjPkWWM.s:223    .text.TIM1_TRG_COM_TIM11_IRQHandler:00000014 $d
C:\Users\DAELT\AppData\Local\Temp\ccjPkWWM.s:229    .text.USART1_IRQHandler:00000000 $t
C:\Users\DAELT\AppData\Local\Temp\ccjPkWWM.s:235    .text.USART1_IRQHandler:00000000 USART1_IRQHandler
C:\Users\DAELT\AppData\Local\Temp\ccjPkWWM.s:258    .text.USART1_IRQHandler:00000010 $d
C:\Users\DAELT\AppData\Local\Temp\ccjPkWWM.s:263    .text.DMA2_Stream2_IRQHandler:00000000 $t
C:\Users\DAELT\AppData\Local\Temp\ccjPkWWM.s:269    .text.DMA2_Stream2_IRQHandler:00000000 DMA2_Stream2_IRQHandler
C:\Users\DAELT\AppData\Local\Temp\ccjPkWWM.s:292    .text.DMA2_Stream2_IRQHandler:00000010 $d
C:\Users\DAELT\AppData\Local\Temp\ccjPkWWM.s:297    .text.OTG_FS_IRQHandler:00000000 $t
C:\Users\DAELT\AppData\Local\Temp\ccjPkWWM.s:303    .text.OTG_FS_IRQHandler:00000000 OTG_FS_IRQHandler
C:\Users\DAELT\AppData\Local\Temp\ccjPkWWM.s:326    .text.OTG_FS_IRQHandler:00000010 $d
C:\Users\DAELT\AppData\Local\Temp\ccjPkWWM.s:331    .text.DMA2_Stream7_IRQHandler:00000000 $t
C:\Users\DAELT\AppData\Local\Temp\ccjPkWWM.s:337    .text.DMA2_Stream7_IRQHandler:00000000 DMA2_Stream7_IRQHandler
C:\Users\DAELT\AppData\Local\Temp\ccjPkWWM.s:360    .text.DMA2_Stream7_IRQHandler:00000010 $d

UNDEFINED SYMBOLS
HAL_TIM_IRQHandler
htim1
htim11
HAL_UART_IRQHandler
huart1
HAL_DMA_IRQHandler
hdma_usart1_rx
HAL_PCD_IRQHandler
hpcd_USB_OTG_FS
hdma_usart1_tx
