ARM GAS  C:\Users\EI\AppData\Local\Temp\ccSMvDZa.s 			page 1


   1              		.cpu cortex-m4
   2              		.eabi_attribute 27, 1
   3              		.eabi_attribute 28, 1
   4              		.eabi_attribute 20, 1
   5              		.eabi_attribute 21, 1
   6              		.eabi_attribute 23, 3
   7              		.eabi_attribute 24, 1
   8              		.eabi_attribute 25, 1
   9              		.eabi_attribute 26, 1
  10              		.eabi_attribute 30, 6
  11              		.eabi_attribute 34, 1
  12              		.eabi_attribute 18, 4
  13              		.file	"stm32f4xx_hal_exti.c"
  14              		.text
  15              	.Ltext0:
  16              		.cfi_sections	.debug_frame
  17              		.section	.text.HAL_EXTI_SetConfigLine,"ax",%progbits
  18              		.align	1
  19              		.global	HAL_EXTI_SetConfigLine
  20              		.arch armv7e-m
  21              		.syntax unified
  22              		.thumb
  23              		.thumb_func
  24              		.fpu fpv4-sp-d16
  26              	HAL_EXTI_SetConfigLine:
  27              	.LFB216:
  28              		.file 1 "Drivers/STM32F4xx_HAL_Driver/Src/stm32f4xx_hal_exti.c"
   1:Drivers/STM32F4xx_HAL_Driver/Src/stm32f4xx_hal_exti.c **** /**
   2:Drivers/STM32F4xx_HAL_Driver/Src/stm32f4xx_hal_exti.c ****   ******************************************************************************
   3:Drivers/STM32F4xx_HAL_Driver/Src/stm32f4xx_hal_exti.c ****   * @file    stm32f4xx_hal_exti.c
   4:Drivers/STM32F4xx_HAL_Driver/Src/stm32f4xx_hal_exti.c ****   * @author  MCD Application Team
   5:Drivers/STM32F4xx_HAL_Driver/Src/stm32f4xx_hal_exti.c ****   * @brief   EXTI HAL module driver.
   6:Drivers/STM32F4xx_HAL_Driver/Src/stm32f4xx_hal_exti.c ****   *          This file provides firmware functions to manage the following
   7:Drivers/STM32F4xx_HAL_Driver/Src/stm32f4xx_hal_exti.c ****   *          functionalities of the Extended Interrupts and events controller (EXTI) peripheral:
   8:Drivers/STM32F4xx_HAL_Driver/Src/stm32f4xx_hal_exti.c ****   *           + Initialization and de-initialization functions
   9:Drivers/STM32F4xx_HAL_Driver/Src/stm32f4xx_hal_exti.c ****   *           + IO operation functions
  10:Drivers/STM32F4xx_HAL_Driver/Src/stm32f4xx_hal_exti.c ****   *
  11:Drivers/STM32F4xx_HAL_Driver/Src/stm32f4xx_hal_exti.c ****   ******************************************************************************
  12:Drivers/STM32F4xx_HAL_Driver/Src/stm32f4xx_hal_exti.c ****   * @attention
  13:Drivers/STM32F4xx_HAL_Driver/Src/stm32f4xx_hal_exti.c ****   *
  14:Drivers/STM32F4xx_HAL_Driver/Src/stm32f4xx_hal_exti.c ****   * Copyright (c) 2018 STMicroelectronics.
  15:Drivers/STM32F4xx_HAL_Driver/Src/stm32f4xx_hal_exti.c ****   * All rights reserved.
  16:Drivers/STM32F4xx_HAL_Driver/Src/stm32f4xx_hal_exti.c ****   *
  17:Drivers/STM32F4xx_HAL_Driver/Src/stm32f4xx_hal_exti.c ****   * This software is licensed under terms that can be found in the LICENSE file
  18:Drivers/STM32F4xx_HAL_Driver/Src/stm32f4xx_hal_exti.c ****   * in the root directory of this software component.
  19:Drivers/STM32F4xx_HAL_Driver/Src/stm32f4xx_hal_exti.c ****   * If no LICENSE file comes with this software, it is provided AS-IS.
  20:Drivers/STM32F4xx_HAL_Driver/Src/stm32f4xx_hal_exti.c ****   *
  21:Drivers/STM32F4xx_HAL_Driver/Src/stm32f4xx_hal_exti.c ****   ******************************************************************************
  22:Drivers/STM32F4xx_HAL_Driver/Src/stm32f4xx_hal_exti.c ****   @verbatim
  23:Drivers/STM32F4xx_HAL_Driver/Src/stm32f4xx_hal_exti.c ****   ==============================================================================
  24:Drivers/STM32F4xx_HAL_Driver/Src/stm32f4xx_hal_exti.c ****                     ##### EXTI Peripheral features #####
  25:Drivers/STM32F4xx_HAL_Driver/Src/stm32f4xx_hal_exti.c ****   ==============================================================================
  26:Drivers/STM32F4xx_HAL_Driver/Src/stm32f4xx_hal_exti.c ****   [..]
  27:Drivers/STM32F4xx_HAL_Driver/Src/stm32f4xx_hal_exti.c ****     (+) Each Exti line can be configured within this driver.
  28:Drivers/STM32F4xx_HAL_Driver/Src/stm32f4xx_hal_exti.c **** 
  29:Drivers/STM32F4xx_HAL_Driver/Src/stm32f4xx_hal_exti.c ****     (+) Exti line can be configured in 3 different modes
  30:Drivers/STM32F4xx_HAL_Driver/Src/stm32f4xx_hal_exti.c ****         (++) Interrupt
ARM GAS  C:\Users\EI\AppData\Local\Temp\ccSMvDZa.s 			page 2


  31:Drivers/STM32F4xx_HAL_Driver/Src/stm32f4xx_hal_exti.c ****         (++) Event
  32:Drivers/STM32F4xx_HAL_Driver/Src/stm32f4xx_hal_exti.c ****         (++) Both of them
  33:Drivers/STM32F4xx_HAL_Driver/Src/stm32f4xx_hal_exti.c **** 
  34:Drivers/STM32F4xx_HAL_Driver/Src/stm32f4xx_hal_exti.c ****     (+) Configurable Exti lines can be configured with 3 different triggers
  35:Drivers/STM32F4xx_HAL_Driver/Src/stm32f4xx_hal_exti.c ****         (++) Rising
  36:Drivers/STM32F4xx_HAL_Driver/Src/stm32f4xx_hal_exti.c ****         (++) Falling
  37:Drivers/STM32F4xx_HAL_Driver/Src/stm32f4xx_hal_exti.c ****         (++) Both of them
  38:Drivers/STM32F4xx_HAL_Driver/Src/stm32f4xx_hal_exti.c **** 
  39:Drivers/STM32F4xx_HAL_Driver/Src/stm32f4xx_hal_exti.c ****     (+) When set in interrupt mode, configurable Exti lines have two different
  40:Drivers/STM32F4xx_HAL_Driver/Src/stm32f4xx_hal_exti.c ****         interrupts pending registers which allow to distinguish which transition
  41:Drivers/STM32F4xx_HAL_Driver/Src/stm32f4xx_hal_exti.c ****         occurs:
  42:Drivers/STM32F4xx_HAL_Driver/Src/stm32f4xx_hal_exti.c ****         (++) Rising edge pending interrupt
  43:Drivers/STM32F4xx_HAL_Driver/Src/stm32f4xx_hal_exti.c ****         (++) Falling
  44:Drivers/STM32F4xx_HAL_Driver/Src/stm32f4xx_hal_exti.c **** 
  45:Drivers/STM32F4xx_HAL_Driver/Src/stm32f4xx_hal_exti.c ****     (+) Exti lines 0 to 15 are linked to gpio pin number 0 to 15. Gpio port can
  46:Drivers/STM32F4xx_HAL_Driver/Src/stm32f4xx_hal_exti.c ****         be selected through multiplexer.
  47:Drivers/STM32F4xx_HAL_Driver/Src/stm32f4xx_hal_exti.c **** 
  48:Drivers/STM32F4xx_HAL_Driver/Src/stm32f4xx_hal_exti.c ****                      ##### How to use this driver #####
  49:Drivers/STM32F4xx_HAL_Driver/Src/stm32f4xx_hal_exti.c ****   ==============================================================================
  50:Drivers/STM32F4xx_HAL_Driver/Src/stm32f4xx_hal_exti.c ****   [..]
  51:Drivers/STM32F4xx_HAL_Driver/Src/stm32f4xx_hal_exti.c **** 
  52:Drivers/STM32F4xx_HAL_Driver/Src/stm32f4xx_hal_exti.c ****     (#) Configure the EXTI line using HAL_EXTI_SetConfigLine().
  53:Drivers/STM32F4xx_HAL_Driver/Src/stm32f4xx_hal_exti.c ****         (++) Choose the interrupt line number by setting "Line" member from
  54:Drivers/STM32F4xx_HAL_Driver/Src/stm32f4xx_hal_exti.c ****              EXTI_ConfigTypeDef structure.
  55:Drivers/STM32F4xx_HAL_Driver/Src/stm32f4xx_hal_exti.c ****         (++) Configure the interrupt and/or event mode using "Mode" member from
  56:Drivers/STM32F4xx_HAL_Driver/Src/stm32f4xx_hal_exti.c ****              EXTI_ConfigTypeDef structure.
  57:Drivers/STM32F4xx_HAL_Driver/Src/stm32f4xx_hal_exti.c ****         (++) For configurable lines, configure rising and/or falling trigger
  58:Drivers/STM32F4xx_HAL_Driver/Src/stm32f4xx_hal_exti.c ****              "Trigger" member from EXTI_ConfigTypeDef structure.
  59:Drivers/STM32F4xx_HAL_Driver/Src/stm32f4xx_hal_exti.c ****         (++) For Exti lines linked to gpio, choose gpio port using "GPIOSel"
  60:Drivers/STM32F4xx_HAL_Driver/Src/stm32f4xx_hal_exti.c ****              member from GPIO_InitTypeDef structure.
  61:Drivers/STM32F4xx_HAL_Driver/Src/stm32f4xx_hal_exti.c **** 
  62:Drivers/STM32F4xx_HAL_Driver/Src/stm32f4xx_hal_exti.c ****     (#) Get current Exti configuration of a dedicated line using
  63:Drivers/STM32F4xx_HAL_Driver/Src/stm32f4xx_hal_exti.c ****         HAL_EXTI_GetConfigLine().
  64:Drivers/STM32F4xx_HAL_Driver/Src/stm32f4xx_hal_exti.c ****         (++) Provide exiting handle as parameter.
  65:Drivers/STM32F4xx_HAL_Driver/Src/stm32f4xx_hal_exti.c ****         (++) Provide pointer on EXTI_ConfigTypeDef structure as second parameter.
  66:Drivers/STM32F4xx_HAL_Driver/Src/stm32f4xx_hal_exti.c **** 
  67:Drivers/STM32F4xx_HAL_Driver/Src/stm32f4xx_hal_exti.c ****     (#) Clear Exti configuration of a dedicated line using HAL_EXTI_GetConfigLine().
  68:Drivers/STM32F4xx_HAL_Driver/Src/stm32f4xx_hal_exti.c ****         (++) Provide exiting handle as parameter.
  69:Drivers/STM32F4xx_HAL_Driver/Src/stm32f4xx_hal_exti.c **** 
  70:Drivers/STM32F4xx_HAL_Driver/Src/stm32f4xx_hal_exti.c ****     (#) Register callback to treat Exti interrupts using HAL_EXTI_RegisterCallback().
  71:Drivers/STM32F4xx_HAL_Driver/Src/stm32f4xx_hal_exti.c ****         (++) Provide exiting handle as first parameter.
  72:Drivers/STM32F4xx_HAL_Driver/Src/stm32f4xx_hal_exti.c ****         (++) Provide which callback will be registered using one value from
  73:Drivers/STM32F4xx_HAL_Driver/Src/stm32f4xx_hal_exti.c ****              EXTI_CallbackIDTypeDef.
  74:Drivers/STM32F4xx_HAL_Driver/Src/stm32f4xx_hal_exti.c ****         (++) Provide callback function pointer.
  75:Drivers/STM32F4xx_HAL_Driver/Src/stm32f4xx_hal_exti.c **** 
  76:Drivers/STM32F4xx_HAL_Driver/Src/stm32f4xx_hal_exti.c ****     (#) Get interrupt pending bit using HAL_EXTI_GetPending().
  77:Drivers/STM32F4xx_HAL_Driver/Src/stm32f4xx_hal_exti.c **** 
  78:Drivers/STM32F4xx_HAL_Driver/Src/stm32f4xx_hal_exti.c ****     (#) Clear interrupt pending bit using HAL_EXTI_GetPending().
  79:Drivers/STM32F4xx_HAL_Driver/Src/stm32f4xx_hal_exti.c **** 
  80:Drivers/STM32F4xx_HAL_Driver/Src/stm32f4xx_hal_exti.c ****     (#) Generate software interrupt using HAL_EXTI_GenerateSWI().
  81:Drivers/STM32F4xx_HAL_Driver/Src/stm32f4xx_hal_exti.c **** 
  82:Drivers/STM32F4xx_HAL_Driver/Src/stm32f4xx_hal_exti.c ****   @endverbatim
  83:Drivers/STM32F4xx_HAL_Driver/Src/stm32f4xx_hal_exti.c ****   */
  84:Drivers/STM32F4xx_HAL_Driver/Src/stm32f4xx_hal_exti.c **** 
  85:Drivers/STM32F4xx_HAL_Driver/Src/stm32f4xx_hal_exti.c **** /* Includes ------------------------------------------------------------------*/
  86:Drivers/STM32F4xx_HAL_Driver/Src/stm32f4xx_hal_exti.c **** #include "stm32f4xx_hal.h"
  87:Drivers/STM32F4xx_HAL_Driver/Src/stm32f4xx_hal_exti.c **** 
ARM GAS  C:\Users\EI\AppData\Local\Temp\ccSMvDZa.s 			page 3


  88:Drivers/STM32F4xx_HAL_Driver/Src/stm32f4xx_hal_exti.c **** /** @addtogroup STM32F4xx_HAL_Driver
  89:Drivers/STM32F4xx_HAL_Driver/Src/stm32f4xx_hal_exti.c ****   * @{
  90:Drivers/STM32F4xx_HAL_Driver/Src/stm32f4xx_hal_exti.c ****   */
  91:Drivers/STM32F4xx_HAL_Driver/Src/stm32f4xx_hal_exti.c **** 
  92:Drivers/STM32F4xx_HAL_Driver/Src/stm32f4xx_hal_exti.c **** /** @addtogroup EXTI
  93:Drivers/STM32F4xx_HAL_Driver/Src/stm32f4xx_hal_exti.c ****   * @{
  94:Drivers/STM32F4xx_HAL_Driver/Src/stm32f4xx_hal_exti.c ****   */
  95:Drivers/STM32F4xx_HAL_Driver/Src/stm32f4xx_hal_exti.c **** /** MISRA C:2012 deviation rule has been granted for following rule:
  96:Drivers/STM32F4xx_HAL_Driver/Src/stm32f4xx_hal_exti.c ****   * Rule-18.1_b - Medium: Array `EXTICR' 1st subscript interval [0,7] may be out
  97:Drivers/STM32F4xx_HAL_Driver/Src/stm32f4xx_hal_exti.c ****   * of bounds [0,3] in following API :
  98:Drivers/STM32F4xx_HAL_Driver/Src/stm32f4xx_hal_exti.c ****   * HAL_EXTI_SetConfigLine
  99:Drivers/STM32F4xx_HAL_Driver/Src/stm32f4xx_hal_exti.c ****   * HAL_EXTI_GetConfigLine
 100:Drivers/STM32F4xx_HAL_Driver/Src/stm32f4xx_hal_exti.c ****   * HAL_EXTI_ClearConfigLine
 101:Drivers/STM32F4xx_HAL_Driver/Src/stm32f4xx_hal_exti.c ****   */
 102:Drivers/STM32F4xx_HAL_Driver/Src/stm32f4xx_hal_exti.c **** 
 103:Drivers/STM32F4xx_HAL_Driver/Src/stm32f4xx_hal_exti.c **** #ifdef HAL_EXTI_MODULE_ENABLED
 104:Drivers/STM32F4xx_HAL_Driver/Src/stm32f4xx_hal_exti.c **** 
 105:Drivers/STM32F4xx_HAL_Driver/Src/stm32f4xx_hal_exti.c **** /* Private typedef -----------------------------------------------------------*/
 106:Drivers/STM32F4xx_HAL_Driver/Src/stm32f4xx_hal_exti.c **** /* Private defines -----------------------------------------------------------*/
 107:Drivers/STM32F4xx_HAL_Driver/Src/stm32f4xx_hal_exti.c **** /** @defgroup EXTI_Private_Constants EXTI Private Constants
 108:Drivers/STM32F4xx_HAL_Driver/Src/stm32f4xx_hal_exti.c ****   * @{
 109:Drivers/STM32F4xx_HAL_Driver/Src/stm32f4xx_hal_exti.c ****   */
 110:Drivers/STM32F4xx_HAL_Driver/Src/stm32f4xx_hal_exti.c **** 
 111:Drivers/STM32F4xx_HAL_Driver/Src/stm32f4xx_hal_exti.c **** /**
 112:Drivers/STM32F4xx_HAL_Driver/Src/stm32f4xx_hal_exti.c ****   * @}
 113:Drivers/STM32F4xx_HAL_Driver/Src/stm32f4xx_hal_exti.c ****   */
 114:Drivers/STM32F4xx_HAL_Driver/Src/stm32f4xx_hal_exti.c **** 
 115:Drivers/STM32F4xx_HAL_Driver/Src/stm32f4xx_hal_exti.c **** /* Private macros ------------------------------------------------------------*/
 116:Drivers/STM32F4xx_HAL_Driver/Src/stm32f4xx_hal_exti.c **** /* Private variables ---------------------------------------------------------*/
 117:Drivers/STM32F4xx_HAL_Driver/Src/stm32f4xx_hal_exti.c **** /* Private function prototypes -----------------------------------------------*/
 118:Drivers/STM32F4xx_HAL_Driver/Src/stm32f4xx_hal_exti.c **** /* Exported functions --------------------------------------------------------*/
 119:Drivers/STM32F4xx_HAL_Driver/Src/stm32f4xx_hal_exti.c **** 
 120:Drivers/STM32F4xx_HAL_Driver/Src/stm32f4xx_hal_exti.c **** /** @addtogroup EXTI_Exported_Functions
 121:Drivers/STM32F4xx_HAL_Driver/Src/stm32f4xx_hal_exti.c ****   * @{
 122:Drivers/STM32F4xx_HAL_Driver/Src/stm32f4xx_hal_exti.c ****   */
 123:Drivers/STM32F4xx_HAL_Driver/Src/stm32f4xx_hal_exti.c **** 
 124:Drivers/STM32F4xx_HAL_Driver/Src/stm32f4xx_hal_exti.c **** /** @addtogroup EXTI_Exported_Functions_Group1
 125:Drivers/STM32F4xx_HAL_Driver/Src/stm32f4xx_hal_exti.c ****   *  @brief    Configuration functions
 126:Drivers/STM32F4xx_HAL_Driver/Src/stm32f4xx_hal_exti.c ****   *
 127:Drivers/STM32F4xx_HAL_Driver/Src/stm32f4xx_hal_exti.c **** @verbatim
 128:Drivers/STM32F4xx_HAL_Driver/Src/stm32f4xx_hal_exti.c ****  ===============================================================================
 129:Drivers/STM32F4xx_HAL_Driver/Src/stm32f4xx_hal_exti.c ****               ##### Configuration functions #####
 130:Drivers/STM32F4xx_HAL_Driver/Src/stm32f4xx_hal_exti.c ****  ===============================================================================
 131:Drivers/STM32F4xx_HAL_Driver/Src/stm32f4xx_hal_exti.c **** 
 132:Drivers/STM32F4xx_HAL_Driver/Src/stm32f4xx_hal_exti.c **** @endverbatim
 133:Drivers/STM32F4xx_HAL_Driver/Src/stm32f4xx_hal_exti.c ****   * @{
 134:Drivers/STM32F4xx_HAL_Driver/Src/stm32f4xx_hal_exti.c ****   */
 135:Drivers/STM32F4xx_HAL_Driver/Src/stm32f4xx_hal_exti.c **** 
 136:Drivers/STM32F4xx_HAL_Driver/Src/stm32f4xx_hal_exti.c **** /**
 137:Drivers/STM32F4xx_HAL_Driver/Src/stm32f4xx_hal_exti.c ****   * @brief  Set configuration of a dedicated Exti line.
 138:Drivers/STM32F4xx_HAL_Driver/Src/stm32f4xx_hal_exti.c ****   * @param  hexti Exti handle.
 139:Drivers/STM32F4xx_HAL_Driver/Src/stm32f4xx_hal_exti.c ****   * @param  pExtiConfig Pointer on EXTI configuration to be set.
 140:Drivers/STM32F4xx_HAL_Driver/Src/stm32f4xx_hal_exti.c ****   * @retval HAL Status.
 141:Drivers/STM32F4xx_HAL_Driver/Src/stm32f4xx_hal_exti.c ****   */
 142:Drivers/STM32F4xx_HAL_Driver/Src/stm32f4xx_hal_exti.c **** HAL_StatusTypeDef HAL_EXTI_SetConfigLine(EXTI_HandleTypeDef *hexti, EXTI_ConfigTypeDef *pExtiConfig
 143:Drivers/STM32F4xx_HAL_Driver/Src/stm32f4xx_hal_exti.c **** {
  29              		.loc 1 143 1
ARM GAS  C:\Users\EI\AppData\Local\Temp\ccSMvDZa.s 			page 4


  30              		.cfi_startproc
  31              		@ args = 0, pretend = 0, frame = 24
  32              		@ frame_needed = 1, uses_anonymous_args = 0
  33              		@ link register save eliminated.
  34 0000 80B4     		push	{r7}
  35              	.LCFI0:
  36              		.cfi_def_cfa_offset 4
  37              		.cfi_offset 7, -4
  38 0002 87B0     		sub	sp, sp, #28
  39              	.LCFI1:
  40              		.cfi_def_cfa_offset 32
  41 0004 00AF     		add	r7, sp, #0
  42              	.LCFI2:
  43              		.cfi_def_cfa_register 7
  44 0006 7860     		str	r0, [r7, #4]
  45 0008 3960     		str	r1, [r7]
 144:Drivers/STM32F4xx_HAL_Driver/Src/stm32f4xx_hal_exti.c ****   uint32_t regval;
 145:Drivers/STM32F4xx_HAL_Driver/Src/stm32f4xx_hal_exti.c ****   uint32_t linepos;
 146:Drivers/STM32F4xx_HAL_Driver/Src/stm32f4xx_hal_exti.c ****   uint32_t maskline;
 147:Drivers/STM32F4xx_HAL_Driver/Src/stm32f4xx_hal_exti.c **** 
 148:Drivers/STM32F4xx_HAL_Driver/Src/stm32f4xx_hal_exti.c ****   /* Check null pointer */
 149:Drivers/STM32F4xx_HAL_Driver/Src/stm32f4xx_hal_exti.c ****   if ((hexti == NULL) || (pExtiConfig == NULL))
  46              		.loc 1 149 6
  47 000a 7B68     		ldr	r3, [r7, #4]
  48 000c 002B     		cmp	r3, #0
  49 000e 02D0     		beq	.L2
  50              		.loc 1 149 23 discriminator 1
  51 0010 3B68     		ldr	r3, [r7]
  52 0012 002B     		cmp	r3, #0
  53 0014 01D1     		bne	.L3
  54              	.L2:
 150:Drivers/STM32F4xx_HAL_Driver/Src/stm32f4xx_hal_exti.c ****   {
 151:Drivers/STM32F4xx_HAL_Driver/Src/stm32f4xx_hal_exti.c ****     return HAL_ERROR;
  55              		.loc 1 151 12
  56 0016 0123     		movs	r3, #1
  57 0018 8FE0     		b	.L4
  58              	.L3:
 152:Drivers/STM32F4xx_HAL_Driver/Src/stm32f4xx_hal_exti.c ****   }
 153:Drivers/STM32F4xx_HAL_Driver/Src/stm32f4xx_hal_exti.c **** 
 154:Drivers/STM32F4xx_HAL_Driver/Src/stm32f4xx_hal_exti.c ****   /* Check parameters */
 155:Drivers/STM32F4xx_HAL_Driver/Src/stm32f4xx_hal_exti.c ****   assert_param(IS_EXTI_LINE(pExtiConfig->Line));
 156:Drivers/STM32F4xx_HAL_Driver/Src/stm32f4xx_hal_exti.c ****   assert_param(IS_EXTI_MODE(pExtiConfig->Mode));
 157:Drivers/STM32F4xx_HAL_Driver/Src/stm32f4xx_hal_exti.c **** 
 158:Drivers/STM32F4xx_HAL_Driver/Src/stm32f4xx_hal_exti.c ****   /* Assign line number to handle */
 159:Drivers/STM32F4xx_HAL_Driver/Src/stm32f4xx_hal_exti.c ****   hexti->Line = pExtiConfig->Line;
  59              		.loc 1 159 28
  60 001a 3B68     		ldr	r3, [r7]
  61 001c 1A68     		ldr	r2, [r3]
  62              		.loc 1 159 15
  63 001e 7B68     		ldr	r3, [r7, #4]
  64 0020 1A60     		str	r2, [r3]
 160:Drivers/STM32F4xx_HAL_Driver/Src/stm32f4xx_hal_exti.c **** 
 161:Drivers/STM32F4xx_HAL_Driver/Src/stm32f4xx_hal_exti.c ****   /* Compute line mask */
 162:Drivers/STM32F4xx_HAL_Driver/Src/stm32f4xx_hal_exti.c ****   linepos = (pExtiConfig->Line & EXTI_PIN_MASK);
  65              		.loc 1 162 25
  66 0022 3B68     		ldr	r3, [r7]
  67 0024 1B68     		ldr	r3, [r3]
ARM GAS  C:\Users\EI\AppData\Local\Temp\ccSMvDZa.s 			page 5


  68              		.loc 1 162 11
  69 0026 03F01F03 		and	r3, r3, #31
  70 002a 7B61     		str	r3, [r7, #20]
 163:Drivers/STM32F4xx_HAL_Driver/Src/stm32f4xx_hal_exti.c ****   maskline = (1uL << linepos);
  71              		.loc 1 163 12
  72 002c 0122     		movs	r2, #1
  73 002e 7B69     		ldr	r3, [r7, #20]
  74 0030 02FA03F3 		lsl	r3, r2, r3
  75 0034 3B61     		str	r3, [r7, #16]
 164:Drivers/STM32F4xx_HAL_Driver/Src/stm32f4xx_hal_exti.c **** 
 165:Drivers/STM32F4xx_HAL_Driver/Src/stm32f4xx_hal_exti.c ****   /* Configure triggers for configurable lines */
 166:Drivers/STM32F4xx_HAL_Driver/Src/stm32f4xx_hal_exti.c ****   if ((pExtiConfig->Line & EXTI_CONFIG) != 0x00u)
  76              		.loc 1 166 19
  77 0036 3B68     		ldr	r3, [r7]
  78 0038 1B68     		ldr	r3, [r3]
  79              		.loc 1 166 26
  80 003a 03F00073 		and	r3, r3, #33554432
  81              		.loc 1 166 6
  82 003e 002B     		cmp	r3, #0
  83 0040 52D0     		beq	.L5
 167:Drivers/STM32F4xx_HAL_Driver/Src/stm32f4xx_hal_exti.c ****   {
 168:Drivers/STM32F4xx_HAL_Driver/Src/stm32f4xx_hal_exti.c ****     assert_param(IS_EXTI_TRIGGER(pExtiConfig->Trigger));
 169:Drivers/STM32F4xx_HAL_Driver/Src/stm32f4xx_hal_exti.c **** 
 170:Drivers/STM32F4xx_HAL_Driver/Src/stm32f4xx_hal_exti.c ****     /* Configure rising trigger */
 171:Drivers/STM32F4xx_HAL_Driver/Src/stm32f4xx_hal_exti.c ****     /* Mask or set line */
 172:Drivers/STM32F4xx_HAL_Driver/Src/stm32f4xx_hal_exti.c ****     if ((pExtiConfig->Trigger & EXTI_TRIGGER_RISING) != 0x00u)
  84              		.loc 1 172 21
  85 0042 3B68     		ldr	r3, [r7]
  86 0044 9B68     		ldr	r3, [r3, #8]
  87              		.loc 1 172 31
  88 0046 03F00103 		and	r3, r3, #1
  89              		.loc 1 172 8
  90 004a 002B     		cmp	r3, #0
  91 004c 06D0     		beq	.L6
 173:Drivers/STM32F4xx_HAL_Driver/Src/stm32f4xx_hal_exti.c ****     {
 174:Drivers/STM32F4xx_HAL_Driver/Src/stm32f4xx_hal_exti.c ****       EXTI->RTSR |= maskline;
  92              		.loc 1 174 18
  93 004e 3E4B     		ldr	r3, .L14
  94 0050 9A68     		ldr	r2, [r3, #8]
  95 0052 3D49     		ldr	r1, .L14
  96 0054 3B69     		ldr	r3, [r7, #16]
  97 0056 1343     		orrs	r3, r3, r2
  98 0058 8B60     		str	r3, [r1, #8]
  99 005a 06E0     		b	.L7
 100              	.L6:
 175:Drivers/STM32F4xx_HAL_Driver/Src/stm32f4xx_hal_exti.c ****     }
 176:Drivers/STM32F4xx_HAL_Driver/Src/stm32f4xx_hal_exti.c ****     else
 177:Drivers/STM32F4xx_HAL_Driver/Src/stm32f4xx_hal_exti.c ****     {
 178:Drivers/STM32F4xx_HAL_Driver/Src/stm32f4xx_hal_exti.c ****       EXTI->RTSR &= ~maskline;
 101              		.loc 1 178 18
 102 005c 3A4B     		ldr	r3, .L14
 103 005e 9A68     		ldr	r2, [r3, #8]
 104              		.loc 1 178 21
 105 0060 3B69     		ldr	r3, [r7, #16]
 106 0062 DB43     		mvns	r3, r3
 107              		.loc 1 178 18
 108 0064 3849     		ldr	r1, .L14
ARM GAS  C:\Users\EI\AppData\Local\Temp\ccSMvDZa.s 			page 6


 109 0066 1340     		ands	r3, r3, r2
 110 0068 8B60     		str	r3, [r1, #8]
 111              	.L7:
 179:Drivers/STM32F4xx_HAL_Driver/Src/stm32f4xx_hal_exti.c ****     }
 180:Drivers/STM32F4xx_HAL_Driver/Src/stm32f4xx_hal_exti.c **** 
 181:Drivers/STM32F4xx_HAL_Driver/Src/stm32f4xx_hal_exti.c ****     /* Configure falling trigger */
 182:Drivers/STM32F4xx_HAL_Driver/Src/stm32f4xx_hal_exti.c ****     /* Mask or set line */
 183:Drivers/STM32F4xx_HAL_Driver/Src/stm32f4xx_hal_exti.c ****     if ((pExtiConfig->Trigger & EXTI_TRIGGER_FALLING) != 0x00u)
 112              		.loc 1 183 21
 113 006a 3B68     		ldr	r3, [r7]
 114 006c 9B68     		ldr	r3, [r3, #8]
 115              		.loc 1 183 31
 116 006e 03F00203 		and	r3, r3, #2
 117              		.loc 1 183 8
 118 0072 002B     		cmp	r3, #0
 119 0074 06D0     		beq	.L8
 184:Drivers/STM32F4xx_HAL_Driver/Src/stm32f4xx_hal_exti.c ****     {
 185:Drivers/STM32F4xx_HAL_Driver/Src/stm32f4xx_hal_exti.c ****       EXTI->FTSR |= maskline;
 120              		.loc 1 185 18
 121 0076 344B     		ldr	r3, .L14
 122 0078 DA68     		ldr	r2, [r3, #12]
 123 007a 3349     		ldr	r1, .L14
 124 007c 3B69     		ldr	r3, [r7, #16]
 125 007e 1343     		orrs	r3, r3, r2
 126 0080 CB60     		str	r3, [r1, #12]
 127 0082 06E0     		b	.L9
 128              	.L8:
 186:Drivers/STM32F4xx_HAL_Driver/Src/stm32f4xx_hal_exti.c ****     }
 187:Drivers/STM32F4xx_HAL_Driver/Src/stm32f4xx_hal_exti.c ****     else
 188:Drivers/STM32F4xx_HAL_Driver/Src/stm32f4xx_hal_exti.c ****     {
 189:Drivers/STM32F4xx_HAL_Driver/Src/stm32f4xx_hal_exti.c ****       EXTI->FTSR &= ~maskline;
 129              		.loc 1 189 18
 130 0084 304B     		ldr	r3, .L14
 131 0086 DA68     		ldr	r2, [r3, #12]
 132              		.loc 1 189 21
 133 0088 3B69     		ldr	r3, [r7, #16]
 134 008a DB43     		mvns	r3, r3
 135              		.loc 1 189 18
 136 008c 2E49     		ldr	r1, .L14
 137 008e 1340     		ands	r3, r3, r2
 138 0090 CB60     		str	r3, [r1, #12]
 139              	.L9:
 190:Drivers/STM32F4xx_HAL_Driver/Src/stm32f4xx_hal_exti.c ****     }
 191:Drivers/STM32F4xx_HAL_Driver/Src/stm32f4xx_hal_exti.c **** 
 192:Drivers/STM32F4xx_HAL_Driver/Src/stm32f4xx_hal_exti.c **** 
 193:Drivers/STM32F4xx_HAL_Driver/Src/stm32f4xx_hal_exti.c ****     /* Configure gpio port selection in case of gpio exti line */
 194:Drivers/STM32F4xx_HAL_Driver/Src/stm32f4xx_hal_exti.c ****     if ((pExtiConfig->Line & EXTI_GPIO) == EXTI_GPIO)
 140              		.loc 1 194 21
 141 0092 3B68     		ldr	r3, [r7]
 142 0094 1B68     		ldr	r3, [r3]
 143              		.loc 1 194 28
 144 0096 03F0C063 		and	r3, r3, #100663296
 145              		.loc 1 194 8
 146 009a B3F1C06F 		cmp	r3, #100663296
 147 009e 23D1     		bne	.L5
 195:Drivers/STM32F4xx_HAL_Driver/Src/stm32f4xx_hal_exti.c ****     {
 196:Drivers/STM32F4xx_HAL_Driver/Src/stm32f4xx_hal_exti.c ****       assert_param(IS_EXTI_GPIO_PORT(pExtiConfig->GPIOSel));
ARM GAS  C:\Users\EI\AppData\Local\Temp\ccSMvDZa.s 			page 7


 197:Drivers/STM32F4xx_HAL_Driver/Src/stm32f4xx_hal_exti.c ****       assert_param(IS_EXTI_GPIO_PIN(linepos));
 198:Drivers/STM32F4xx_HAL_Driver/Src/stm32f4xx_hal_exti.c **** 
 199:Drivers/STM32F4xx_HAL_Driver/Src/stm32f4xx_hal_exti.c ****       regval = SYSCFG->EXTICR[linepos >> 2u];
 148              		.loc 1 199 22
 149 00a0 2A4A     		ldr	r2, .L14+4
 150              		.loc 1 199 39
 151 00a2 7B69     		ldr	r3, [r7, #20]
 152 00a4 9B08     		lsrs	r3, r3, #2
 153              		.loc 1 199 14
 154 00a6 0233     		adds	r3, r3, #2
 155 00a8 52F82330 		ldr	r3, [r2, r3, lsl #2]
 156 00ac FB60     		str	r3, [r7, #12]
 200:Drivers/STM32F4xx_HAL_Driver/Src/stm32f4xx_hal_exti.c ****       regval &= ~(SYSCFG_EXTICR1_EXTI0 << (SYSCFG_EXTICR1_EXTI1_Pos * (linepos & 0x03u)));
 157              		.loc 1 200 80
 158 00ae 7B69     		ldr	r3, [r7, #20]
 159 00b0 03F00303 		and	r3, r3, #3
 160              		.loc 1 200 69
 161 00b4 9B00     		lsls	r3, r3, #2
 162              		.loc 1 200 40
 163 00b6 0F22     		movs	r2, #15
 164 00b8 02FA03F3 		lsl	r3, r2, r3
 165              		.loc 1 200 17
 166 00bc DB43     		mvns	r3, r3
 167              		.loc 1 200 14
 168 00be FA68     		ldr	r2, [r7, #12]
 169 00c0 1340     		ands	r3, r3, r2
 170 00c2 FB60     		str	r3, [r7, #12]
 201:Drivers/STM32F4xx_HAL_Driver/Src/stm32f4xx_hal_exti.c ****       regval |= (pExtiConfig->GPIOSel << (SYSCFG_EXTICR1_EXTI1_Pos * (linepos & 0x03u)));
 171              		.loc 1 201 29
 172 00c4 3B68     		ldr	r3, [r7]
 173 00c6 DA68     		ldr	r2, [r3, #12]
 174              		.loc 1 201 79
 175 00c8 7B69     		ldr	r3, [r7, #20]
 176 00ca 03F00303 		and	r3, r3, #3
 177              		.loc 1 201 68
 178 00ce 9B00     		lsls	r3, r3, #2
 179              		.loc 1 201 39
 180 00d0 02FA03F3 		lsl	r3, r2, r3
 181              		.loc 1 201 14
 182 00d4 FA68     		ldr	r2, [r7, #12]
 183 00d6 1343     		orrs	r3, r3, r2
 184 00d8 FB60     		str	r3, [r7, #12]
 202:Drivers/STM32F4xx_HAL_Driver/Src/stm32f4xx_hal_exti.c ****       SYSCFG->EXTICR[linepos >> 2u] = regval;
 185              		.loc 1 202 13
 186 00da 1C49     		ldr	r1, .L14+4
 187              		.loc 1 202 30
 188 00dc 7B69     		ldr	r3, [r7, #20]
 189 00de 9B08     		lsrs	r3, r3, #2
 190              		.loc 1 202 37
 191 00e0 0233     		adds	r3, r3, #2
 192 00e2 FA68     		ldr	r2, [r7, #12]
 193 00e4 41F82320 		str	r2, [r1, r3, lsl #2]
 194              	.L5:
 203:Drivers/STM32F4xx_HAL_Driver/Src/stm32f4xx_hal_exti.c ****     }
 204:Drivers/STM32F4xx_HAL_Driver/Src/stm32f4xx_hal_exti.c ****   }
 205:Drivers/STM32F4xx_HAL_Driver/Src/stm32f4xx_hal_exti.c **** 
 206:Drivers/STM32F4xx_HAL_Driver/Src/stm32f4xx_hal_exti.c ****   /* Configure interrupt mode : read current mode */
ARM GAS  C:\Users\EI\AppData\Local\Temp\ccSMvDZa.s 			page 8


 207:Drivers/STM32F4xx_HAL_Driver/Src/stm32f4xx_hal_exti.c ****   /* Mask or set line */
 208:Drivers/STM32F4xx_HAL_Driver/Src/stm32f4xx_hal_exti.c ****   if ((pExtiConfig->Mode & EXTI_MODE_INTERRUPT) != 0x00u)
 195              		.loc 1 208 19
 196 00e8 3B68     		ldr	r3, [r7]
 197 00ea 5B68     		ldr	r3, [r3, #4]
 198              		.loc 1 208 26
 199 00ec 03F00103 		and	r3, r3, #1
 200              		.loc 1 208 6
 201 00f0 002B     		cmp	r3, #0
 202 00f2 06D0     		beq	.L10
 209:Drivers/STM32F4xx_HAL_Driver/Src/stm32f4xx_hal_exti.c ****   {
 210:Drivers/STM32F4xx_HAL_Driver/Src/stm32f4xx_hal_exti.c ****     EXTI->IMR |= maskline;
 203              		.loc 1 210 15
 204 00f4 144B     		ldr	r3, .L14
 205 00f6 1A68     		ldr	r2, [r3]
 206 00f8 1349     		ldr	r1, .L14
 207 00fa 3B69     		ldr	r3, [r7, #16]
 208 00fc 1343     		orrs	r3, r3, r2
 209 00fe 0B60     		str	r3, [r1]
 210 0100 06E0     		b	.L11
 211              	.L10:
 211:Drivers/STM32F4xx_HAL_Driver/Src/stm32f4xx_hal_exti.c ****   }
 212:Drivers/STM32F4xx_HAL_Driver/Src/stm32f4xx_hal_exti.c ****   else
 213:Drivers/STM32F4xx_HAL_Driver/Src/stm32f4xx_hal_exti.c ****   {
 214:Drivers/STM32F4xx_HAL_Driver/Src/stm32f4xx_hal_exti.c ****     EXTI->IMR &= ~maskline;
 212              		.loc 1 214 15
 213 0102 114B     		ldr	r3, .L14
 214 0104 1A68     		ldr	r2, [r3]
 215              		.loc 1 214 18
 216 0106 3B69     		ldr	r3, [r7, #16]
 217 0108 DB43     		mvns	r3, r3
 218              		.loc 1 214 15
 219 010a 0F49     		ldr	r1, .L14
 220 010c 1340     		ands	r3, r3, r2
 221 010e 0B60     		str	r3, [r1]
 222              	.L11:
 215:Drivers/STM32F4xx_HAL_Driver/Src/stm32f4xx_hal_exti.c ****   }
 216:Drivers/STM32F4xx_HAL_Driver/Src/stm32f4xx_hal_exti.c **** 
 217:Drivers/STM32F4xx_HAL_Driver/Src/stm32f4xx_hal_exti.c ****   /* Configure event mode : read current mode */
 218:Drivers/STM32F4xx_HAL_Driver/Src/stm32f4xx_hal_exti.c ****   /* Mask or set line */
 219:Drivers/STM32F4xx_HAL_Driver/Src/stm32f4xx_hal_exti.c ****   if ((pExtiConfig->Mode & EXTI_MODE_EVENT) != 0x00u)
 223              		.loc 1 219 19
 224 0110 3B68     		ldr	r3, [r7]
 225 0112 5B68     		ldr	r3, [r3, #4]
 226              		.loc 1 219 26
 227 0114 03F00203 		and	r3, r3, #2
 228              		.loc 1 219 6
 229 0118 002B     		cmp	r3, #0
 230 011a 06D0     		beq	.L12
 220:Drivers/STM32F4xx_HAL_Driver/Src/stm32f4xx_hal_exti.c ****   {
 221:Drivers/STM32F4xx_HAL_Driver/Src/stm32f4xx_hal_exti.c ****     EXTI->EMR |= maskline;
 231              		.loc 1 221 15
 232 011c 0A4B     		ldr	r3, .L14
 233 011e 5A68     		ldr	r2, [r3, #4]
 234 0120 0949     		ldr	r1, .L14
 235 0122 3B69     		ldr	r3, [r7, #16]
 236 0124 1343     		orrs	r3, r3, r2
ARM GAS  C:\Users\EI\AppData\Local\Temp\ccSMvDZa.s 			page 9


 237 0126 4B60     		str	r3, [r1, #4]
 238 0128 06E0     		b	.L13
 239              	.L12:
 222:Drivers/STM32F4xx_HAL_Driver/Src/stm32f4xx_hal_exti.c ****   }
 223:Drivers/STM32F4xx_HAL_Driver/Src/stm32f4xx_hal_exti.c ****   else
 224:Drivers/STM32F4xx_HAL_Driver/Src/stm32f4xx_hal_exti.c ****   {
 225:Drivers/STM32F4xx_HAL_Driver/Src/stm32f4xx_hal_exti.c ****     EXTI->EMR &= ~maskline;
 240              		.loc 1 225 15
 241 012a 074B     		ldr	r3, .L14
 242 012c 5A68     		ldr	r2, [r3, #4]
 243              		.loc 1 225 18
 244 012e 3B69     		ldr	r3, [r7, #16]
 245 0130 DB43     		mvns	r3, r3
 246              		.loc 1 225 15
 247 0132 0549     		ldr	r1, .L14
 248 0134 1340     		ands	r3, r3, r2
 249 0136 4B60     		str	r3, [r1, #4]
 250              	.L13:
 226:Drivers/STM32F4xx_HAL_Driver/Src/stm32f4xx_hal_exti.c ****   }
 227:Drivers/STM32F4xx_HAL_Driver/Src/stm32f4xx_hal_exti.c **** 
 228:Drivers/STM32F4xx_HAL_Driver/Src/stm32f4xx_hal_exti.c ****   return HAL_OK;
 251              		.loc 1 228 10
 252 0138 0023     		movs	r3, #0
 253              	.L4:
 229:Drivers/STM32F4xx_HAL_Driver/Src/stm32f4xx_hal_exti.c **** }
 254              		.loc 1 229 1
 255 013a 1846     		mov	r0, r3
 256 013c 1C37     		adds	r7, r7, #28
 257              	.LCFI3:
 258              		.cfi_def_cfa_offset 4
 259 013e BD46     		mov	sp, r7
 260              	.LCFI4:
 261              		.cfi_def_cfa_register 13
 262              		@ sp needed
 263 0140 5DF8047B 		ldr	r7, [sp], #4
 264              	.LCFI5:
 265              		.cfi_restore 7
 266              		.cfi_def_cfa_offset 0
 267 0144 7047     		bx	lr
 268              	.L15:
 269 0146 00BF     		.align	2
 270              	.L14:
 271 0148 003C0140 		.word	1073822720
 272 014c 00380140 		.word	1073821696
 273              		.cfi_endproc
 274              	.LFE216:
 276              		.section	.text.HAL_EXTI_GetConfigLine,"ax",%progbits
 277              		.align	1
 278              		.global	HAL_EXTI_GetConfigLine
 279              		.syntax unified
 280              		.thumb
 281              		.thumb_func
 282              		.fpu fpv4-sp-d16
 284              	HAL_EXTI_GetConfigLine:
 285              	.LFB217:
 230:Drivers/STM32F4xx_HAL_Driver/Src/stm32f4xx_hal_exti.c **** 
 231:Drivers/STM32F4xx_HAL_Driver/Src/stm32f4xx_hal_exti.c **** /**
ARM GAS  C:\Users\EI\AppData\Local\Temp\ccSMvDZa.s 			page 10


 232:Drivers/STM32F4xx_HAL_Driver/Src/stm32f4xx_hal_exti.c ****   * @brief  Get configuration of a dedicated Exti line.
 233:Drivers/STM32F4xx_HAL_Driver/Src/stm32f4xx_hal_exti.c ****   * @param  hexti Exti handle.
 234:Drivers/STM32F4xx_HAL_Driver/Src/stm32f4xx_hal_exti.c ****   * @param  pExtiConfig Pointer on structure to store Exti configuration.
 235:Drivers/STM32F4xx_HAL_Driver/Src/stm32f4xx_hal_exti.c ****   * @retval HAL Status.
 236:Drivers/STM32F4xx_HAL_Driver/Src/stm32f4xx_hal_exti.c ****   */
 237:Drivers/STM32F4xx_HAL_Driver/Src/stm32f4xx_hal_exti.c **** HAL_StatusTypeDef HAL_EXTI_GetConfigLine(EXTI_HandleTypeDef *hexti, EXTI_ConfigTypeDef *pExtiConfig
 238:Drivers/STM32F4xx_HAL_Driver/Src/stm32f4xx_hal_exti.c **** {
 286              		.loc 1 238 1
 287              		.cfi_startproc
 288              		@ args = 0, pretend = 0, frame = 24
 289              		@ frame_needed = 1, uses_anonymous_args = 0
 290              		@ link register save eliminated.
 291 0000 80B4     		push	{r7}
 292              	.LCFI6:
 293              		.cfi_def_cfa_offset 4
 294              		.cfi_offset 7, -4
 295 0002 87B0     		sub	sp, sp, #28
 296              	.LCFI7:
 297              		.cfi_def_cfa_offset 32
 298 0004 00AF     		add	r7, sp, #0
 299              	.LCFI8:
 300              		.cfi_def_cfa_register 7
 301 0006 7860     		str	r0, [r7, #4]
 302 0008 3960     		str	r1, [r7]
 239:Drivers/STM32F4xx_HAL_Driver/Src/stm32f4xx_hal_exti.c ****   uint32_t regval;
 240:Drivers/STM32F4xx_HAL_Driver/Src/stm32f4xx_hal_exti.c ****   uint32_t linepos;
 241:Drivers/STM32F4xx_HAL_Driver/Src/stm32f4xx_hal_exti.c ****   uint32_t maskline;
 242:Drivers/STM32F4xx_HAL_Driver/Src/stm32f4xx_hal_exti.c **** 
 243:Drivers/STM32F4xx_HAL_Driver/Src/stm32f4xx_hal_exti.c ****   /* Check null pointer */
 244:Drivers/STM32F4xx_HAL_Driver/Src/stm32f4xx_hal_exti.c ****   if ((hexti == NULL) || (pExtiConfig == NULL))
 303              		.loc 1 244 6
 304 000a 7B68     		ldr	r3, [r7, #4]
 305 000c 002B     		cmp	r3, #0
 306 000e 02D0     		beq	.L17
 307              		.loc 1 244 23 discriminator 1
 308 0010 3B68     		ldr	r3, [r7]
 309 0012 002B     		cmp	r3, #0
 310 0014 01D1     		bne	.L18
 311              	.L17:
 245:Drivers/STM32F4xx_HAL_Driver/Src/stm32f4xx_hal_exti.c ****   {
 246:Drivers/STM32F4xx_HAL_Driver/Src/stm32f4xx_hal_exti.c ****     return HAL_ERROR;
 312              		.loc 1 246 12
 313 0016 0123     		movs	r3, #1
 314 0018 62E0     		b	.L19
 315              	.L18:
 247:Drivers/STM32F4xx_HAL_Driver/Src/stm32f4xx_hal_exti.c ****   }
 248:Drivers/STM32F4xx_HAL_Driver/Src/stm32f4xx_hal_exti.c **** 
 249:Drivers/STM32F4xx_HAL_Driver/Src/stm32f4xx_hal_exti.c ****   /* Check the parameter */
 250:Drivers/STM32F4xx_HAL_Driver/Src/stm32f4xx_hal_exti.c ****   assert_param(IS_EXTI_LINE(hexti->Line));
 251:Drivers/STM32F4xx_HAL_Driver/Src/stm32f4xx_hal_exti.c **** 
 252:Drivers/STM32F4xx_HAL_Driver/Src/stm32f4xx_hal_exti.c ****   /* Store handle line number to configuration structure */
 253:Drivers/STM32F4xx_HAL_Driver/Src/stm32f4xx_hal_exti.c ****   pExtiConfig->Line = hexti->Line;
 316              		.loc 1 253 28
 317 001a 7B68     		ldr	r3, [r7, #4]
 318 001c 1A68     		ldr	r2, [r3]
 319              		.loc 1 253 21
 320 001e 3B68     		ldr	r3, [r7]
ARM GAS  C:\Users\EI\AppData\Local\Temp\ccSMvDZa.s 			page 11


 321 0020 1A60     		str	r2, [r3]
 254:Drivers/STM32F4xx_HAL_Driver/Src/stm32f4xx_hal_exti.c **** 
 255:Drivers/STM32F4xx_HAL_Driver/Src/stm32f4xx_hal_exti.c ****   /* Compute line mask */
 256:Drivers/STM32F4xx_HAL_Driver/Src/stm32f4xx_hal_exti.c ****   linepos = (pExtiConfig->Line & EXTI_PIN_MASK);
 322              		.loc 1 256 25
 323 0022 3B68     		ldr	r3, [r7]
 324 0024 1B68     		ldr	r3, [r3]
 325              		.loc 1 256 11
 326 0026 03F01F03 		and	r3, r3, #31
 327 002a 7B61     		str	r3, [r7, #20]
 257:Drivers/STM32F4xx_HAL_Driver/Src/stm32f4xx_hal_exti.c ****   maskline = (1uL << linepos);
 328              		.loc 1 257 12
 329 002c 0122     		movs	r2, #1
 330 002e 7B69     		ldr	r3, [r7, #20]
 331 0030 02FA03F3 		lsl	r3, r2, r3
 332 0034 3B61     		str	r3, [r7, #16]
 258:Drivers/STM32F4xx_HAL_Driver/Src/stm32f4xx_hal_exti.c **** 
 259:Drivers/STM32F4xx_HAL_Driver/Src/stm32f4xx_hal_exti.c ****   /* 1] Get core mode : interrupt */
 260:Drivers/STM32F4xx_HAL_Driver/Src/stm32f4xx_hal_exti.c **** 
 261:Drivers/STM32F4xx_HAL_Driver/Src/stm32f4xx_hal_exti.c ****   /* Check if selected line is enable */
 262:Drivers/STM32F4xx_HAL_Driver/Src/stm32f4xx_hal_exti.c ****   if ((EXTI->IMR & maskline) != 0x00u)
 333              		.loc 1 262 12
 334 0036 2D4B     		ldr	r3, .L26
 335 0038 1A68     		ldr	r2, [r3]
 336              		.loc 1 262 18
 337 003a 3B69     		ldr	r3, [r7, #16]
 338 003c 1340     		ands	r3, r3, r2
 339              		.loc 1 262 6
 340 003e 002B     		cmp	r3, #0
 341 0040 03D0     		beq	.L20
 263:Drivers/STM32F4xx_HAL_Driver/Src/stm32f4xx_hal_exti.c ****   {
 264:Drivers/STM32F4xx_HAL_Driver/Src/stm32f4xx_hal_exti.c ****     pExtiConfig->Mode = EXTI_MODE_INTERRUPT;
 342              		.loc 1 264 23
 343 0042 3B68     		ldr	r3, [r7]
 344 0044 0122     		movs	r2, #1
 345 0046 5A60     		str	r2, [r3, #4]
 346 0048 02E0     		b	.L21
 347              	.L20:
 265:Drivers/STM32F4xx_HAL_Driver/Src/stm32f4xx_hal_exti.c ****   }
 266:Drivers/STM32F4xx_HAL_Driver/Src/stm32f4xx_hal_exti.c ****   else
 267:Drivers/STM32F4xx_HAL_Driver/Src/stm32f4xx_hal_exti.c ****   {
 268:Drivers/STM32F4xx_HAL_Driver/Src/stm32f4xx_hal_exti.c ****     pExtiConfig->Mode = EXTI_MODE_NONE;
 348              		.loc 1 268 23
 349 004a 3B68     		ldr	r3, [r7]
 350 004c 0022     		movs	r2, #0
 351 004e 5A60     		str	r2, [r3, #4]
 352              	.L21:
 269:Drivers/STM32F4xx_HAL_Driver/Src/stm32f4xx_hal_exti.c ****   }
 270:Drivers/STM32F4xx_HAL_Driver/Src/stm32f4xx_hal_exti.c **** 
 271:Drivers/STM32F4xx_HAL_Driver/Src/stm32f4xx_hal_exti.c ****   /* Get event mode */
 272:Drivers/STM32F4xx_HAL_Driver/Src/stm32f4xx_hal_exti.c ****   /* Check if selected line is enable */
 273:Drivers/STM32F4xx_HAL_Driver/Src/stm32f4xx_hal_exti.c ****   if ((EXTI->EMR & maskline) != 0x00u)
 353              		.loc 1 273 12
 354 0050 264B     		ldr	r3, .L26
 355 0052 5A68     		ldr	r2, [r3, #4]
 356              		.loc 1 273 18
 357 0054 3B69     		ldr	r3, [r7, #16]
ARM GAS  C:\Users\EI\AppData\Local\Temp\ccSMvDZa.s 			page 12


 358 0056 1340     		ands	r3, r3, r2
 359              		.loc 1 273 6
 360 0058 002B     		cmp	r3, #0
 361 005a 05D0     		beq	.L22
 274:Drivers/STM32F4xx_HAL_Driver/Src/stm32f4xx_hal_exti.c ****   {
 275:Drivers/STM32F4xx_HAL_Driver/Src/stm32f4xx_hal_exti.c ****     pExtiConfig->Mode |= EXTI_MODE_EVENT;
 362              		.loc 1 275 23
 363 005c 3B68     		ldr	r3, [r7]
 364 005e 5B68     		ldr	r3, [r3, #4]
 365 0060 43F00202 		orr	r2, r3, #2
 366 0064 3B68     		ldr	r3, [r7]
 367 0066 5A60     		str	r2, [r3, #4]
 368              	.L22:
 276:Drivers/STM32F4xx_HAL_Driver/Src/stm32f4xx_hal_exti.c ****   }
 277:Drivers/STM32F4xx_HAL_Driver/Src/stm32f4xx_hal_exti.c **** 
 278:Drivers/STM32F4xx_HAL_Driver/Src/stm32f4xx_hal_exti.c ****   /* Get default Trigger and GPIOSel configuration */
 279:Drivers/STM32F4xx_HAL_Driver/Src/stm32f4xx_hal_exti.c ****   pExtiConfig->Trigger = EXTI_TRIGGER_NONE;
 369              		.loc 1 279 24
 370 0068 3B68     		ldr	r3, [r7]
 371 006a 0022     		movs	r2, #0
 372 006c 9A60     		str	r2, [r3, #8]
 280:Drivers/STM32F4xx_HAL_Driver/Src/stm32f4xx_hal_exti.c ****   pExtiConfig->GPIOSel = 0x00u;
 373              		.loc 1 280 24
 374 006e 3B68     		ldr	r3, [r7]
 375 0070 0022     		movs	r2, #0
 376 0072 DA60     		str	r2, [r3, #12]
 281:Drivers/STM32F4xx_HAL_Driver/Src/stm32f4xx_hal_exti.c **** 
 282:Drivers/STM32F4xx_HAL_Driver/Src/stm32f4xx_hal_exti.c ****   /* 2] Get trigger for configurable lines : rising */
 283:Drivers/STM32F4xx_HAL_Driver/Src/stm32f4xx_hal_exti.c ****   if ((pExtiConfig->Line & EXTI_CONFIG) != 0x00u)
 377              		.loc 1 283 19
 378 0074 3B68     		ldr	r3, [r7]
 379 0076 1B68     		ldr	r3, [r3]
 380              		.loc 1 283 26
 381 0078 03F00073 		and	r3, r3, #33554432
 382              		.loc 1 283 6
 383 007c 002B     		cmp	r3, #0
 384 007e 2ED0     		beq	.L23
 284:Drivers/STM32F4xx_HAL_Driver/Src/stm32f4xx_hal_exti.c ****   {
 285:Drivers/STM32F4xx_HAL_Driver/Src/stm32f4xx_hal_exti.c ****     /* Check if configuration of selected line is enable */
 286:Drivers/STM32F4xx_HAL_Driver/Src/stm32f4xx_hal_exti.c ****     if ((EXTI->RTSR & maskline) != 0x00u)
 385              		.loc 1 286 14
 386 0080 1A4B     		ldr	r3, .L26
 387 0082 9A68     		ldr	r2, [r3, #8]
 388              		.loc 1 286 21
 389 0084 3B69     		ldr	r3, [r7, #16]
 390 0086 1340     		ands	r3, r3, r2
 391              		.loc 1 286 8
 392 0088 002B     		cmp	r3, #0
 393 008a 02D0     		beq	.L24
 287:Drivers/STM32F4xx_HAL_Driver/Src/stm32f4xx_hal_exti.c ****     {
 288:Drivers/STM32F4xx_HAL_Driver/Src/stm32f4xx_hal_exti.c ****       pExtiConfig->Trigger = EXTI_TRIGGER_RISING;
 394              		.loc 1 288 28
 395 008c 3B68     		ldr	r3, [r7]
 396 008e 0122     		movs	r2, #1
 397 0090 9A60     		str	r2, [r3, #8]
 398              	.L24:
 289:Drivers/STM32F4xx_HAL_Driver/Src/stm32f4xx_hal_exti.c ****     }
ARM GAS  C:\Users\EI\AppData\Local\Temp\ccSMvDZa.s 			page 13


 290:Drivers/STM32F4xx_HAL_Driver/Src/stm32f4xx_hal_exti.c **** 
 291:Drivers/STM32F4xx_HAL_Driver/Src/stm32f4xx_hal_exti.c ****     /* Get falling configuration */
 292:Drivers/STM32F4xx_HAL_Driver/Src/stm32f4xx_hal_exti.c ****     /* Check if configuration of selected line is enable */
 293:Drivers/STM32F4xx_HAL_Driver/Src/stm32f4xx_hal_exti.c ****     if ((EXTI->FTSR & maskline) != 0x00u)
 399              		.loc 1 293 14
 400 0092 164B     		ldr	r3, .L26
 401 0094 DA68     		ldr	r2, [r3, #12]
 402              		.loc 1 293 21
 403 0096 3B69     		ldr	r3, [r7, #16]
 404 0098 1340     		ands	r3, r3, r2
 405              		.loc 1 293 8
 406 009a 002B     		cmp	r3, #0
 407 009c 05D0     		beq	.L25
 294:Drivers/STM32F4xx_HAL_Driver/Src/stm32f4xx_hal_exti.c ****     {
 295:Drivers/STM32F4xx_HAL_Driver/Src/stm32f4xx_hal_exti.c ****       pExtiConfig->Trigger |= EXTI_TRIGGER_FALLING;
 408              		.loc 1 295 28
 409 009e 3B68     		ldr	r3, [r7]
 410 00a0 9B68     		ldr	r3, [r3, #8]
 411 00a2 43F00202 		orr	r2, r3, #2
 412 00a6 3B68     		ldr	r3, [r7]
 413 00a8 9A60     		str	r2, [r3, #8]
 414              	.L25:
 296:Drivers/STM32F4xx_HAL_Driver/Src/stm32f4xx_hal_exti.c ****     }
 297:Drivers/STM32F4xx_HAL_Driver/Src/stm32f4xx_hal_exti.c **** 
 298:Drivers/STM32F4xx_HAL_Driver/Src/stm32f4xx_hal_exti.c ****     /* Get Gpio port selection for gpio lines */
 299:Drivers/STM32F4xx_HAL_Driver/Src/stm32f4xx_hal_exti.c ****     if ((pExtiConfig->Line & EXTI_GPIO) == EXTI_GPIO)
 415              		.loc 1 299 21
 416 00aa 3B68     		ldr	r3, [r7]
 417 00ac 1B68     		ldr	r3, [r3]
 418              		.loc 1 299 28
 419 00ae 03F0C063 		and	r3, r3, #100663296
 420              		.loc 1 299 8
 421 00b2 B3F1C06F 		cmp	r3, #100663296
 422 00b6 12D1     		bne	.L23
 300:Drivers/STM32F4xx_HAL_Driver/Src/stm32f4xx_hal_exti.c ****     {
 301:Drivers/STM32F4xx_HAL_Driver/Src/stm32f4xx_hal_exti.c ****       assert_param(IS_EXTI_GPIO_PIN(linepos));
 302:Drivers/STM32F4xx_HAL_Driver/Src/stm32f4xx_hal_exti.c **** 
 303:Drivers/STM32F4xx_HAL_Driver/Src/stm32f4xx_hal_exti.c ****       regval = (SYSCFG->EXTICR[linepos >> 2u] << 16u );
 423              		.loc 1 303 23
 424 00b8 0D4A     		ldr	r2, .L26+4
 425              		.loc 1 303 40
 426 00ba 7B69     		ldr	r3, [r7, #20]
 427 00bc 9B08     		lsrs	r3, r3, #2
 428              		.loc 1 303 31
 429 00be 0233     		adds	r3, r3, #2
 430 00c0 52F82330 		ldr	r3, [r2, r3, lsl #2]
 431              		.loc 1 303 14
 432 00c4 1B04     		lsls	r3, r3, #16
 433 00c6 FB60     		str	r3, [r7, #12]
 304:Drivers/STM32F4xx_HAL_Driver/Src/stm32f4xx_hal_exti.c ****       pExtiConfig->GPIOSel = ((regval << (SYSCFG_EXTICR1_EXTI1_Pos * (3uL - (linepos & 0x03u)))) >>
 434              		.loc 1 304 75
 435 00c8 7B69     		ldr	r3, [r7, #20]
 436 00ca DB43     		mvns	r3, r3
 437 00cc 03F00303 		and	r3, r3, #3
 438              		.loc 1 304 68
 439 00d0 9B00     		lsls	r3, r3, #2
 440              		.loc 1 304 39
ARM GAS  C:\Users\EI\AppData\Local\Temp\ccSMvDZa.s 			page 14


 441 00d2 FA68     		ldr	r2, [r7, #12]
 442 00d4 02FA03F3 		lsl	r3, r2, r3
 443              		.loc 1 304 98
 444 00d8 1A0F     		lsrs	r2, r3, #28
 445              		.loc 1 304 28
 446 00da 3B68     		ldr	r3, [r7]
 447 00dc DA60     		str	r2, [r3, #12]
 448              	.L23:
 305:Drivers/STM32F4xx_HAL_Driver/Src/stm32f4xx_hal_exti.c ****     }
 306:Drivers/STM32F4xx_HAL_Driver/Src/stm32f4xx_hal_exti.c ****   }
 307:Drivers/STM32F4xx_HAL_Driver/Src/stm32f4xx_hal_exti.c **** 
 308:Drivers/STM32F4xx_HAL_Driver/Src/stm32f4xx_hal_exti.c ****   return HAL_OK;
 449              		.loc 1 308 10
 450 00de 0023     		movs	r3, #0
 451              	.L19:
 309:Drivers/STM32F4xx_HAL_Driver/Src/stm32f4xx_hal_exti.c **** }
 452              		.loc 1 309 1
 453 00e0 1846     		mov	r0, r3
 454 00e2 1C37     		adds	r7, r7, #28
 455              	.LCFI9:
 456              		.cfi_def_cfa_offset 4
 457 00e4 BD46     		mov	sp, r7
 458              	.LCFI10:
 459              		.cfi_def_cfa_register 13
 460              		@ sp needed
 461 00e6 5DF8047B 		ldr	r7, [sp], #4
 462              	.LCFI11:
 463              		.cfi_restore 7
 464              		.cfi_def_cfa_offset 0
 465 00ea 7047     		bx	lr
 466              	.L27:
 467              		.align	2
 468              	.L26:
 469 00ec 003C0140 		.word	1073822720
 470 00f0 00380140 		.word	1073821696
 471              		.cfi_endproc
 472              	.LFE217:
 474              		.section	.text.HAL_EXTI_ClearConfigLine,"ax",%progbits
 475              		.align	1
 476              		.global	HAL_EXTI_ClearConfigLine
 477              		.syntax unified
 478              		.thumb
 479              		.thumb_func
 480              		.fpu fpv4-sp-d16
 482              	HAL_EXTI_ClearConfigLine:
 483              	.LFB218:
 310:Drivers/STM32F4xx_HAL_Driver/Src/stm32f4xx_hal_exti.c **** 
 311:Drivers/STM32F4xx_HAL_Driver/Src/stm32f4xx_hal_exti.c **** /**
 312:Drivers/STM32F4xx_HAL_Driver/Src/stm32f4xx_hal_exti.c ****   * @brief  Clear whole configuration of a dedicated Exti line.
 313:Drivers/STM32F4xx_HAL_Driver/Src/stm32f4xx_hal_exti.c ****   * @param  hexti Exti handle.
 314:Drivers/STM32F4xx_HAL_Driver/Src/stm32f4xx_hal_exti.c ****   * @retval HAL Status.
 315:Drivers/STM32F4xx_HAL_Driver/Src/stm32f4xx_hal_exti.c ****   */
 316:Drivers/STM32F4xx_HAL_Driver/Src/stm32f4xx_hal_exti.c **** HAL_StatusTypeDef HAL_EXTI_ClearConfigLine(EXTI_HandleTypeDef *hexti)
 317:Drivers/STM32F4xx_HAL_Driver/Src/stm32f4xx_hal_exti.c **** {
 484              		.loc 1 317 1
 485              		.cfi_startproc
 486              		@ args = 0, pretend = 0, frame = 24
ARM GAS  C:\Users\EI\AppData\Local\Temp\ccSMvDZa.s 			page 15


 487              		@ frame_needed = 1, uses_anonymous_args = 0
 488              		@ link register save eliminated.
 489 0000 80B4     		push	{r7}
 490              	.LCFI12:
 491              		.cfi_def_cfa_offset 4
 492              		.cfi_offset 7, -4
 493 0002 87B0     		sub	sp, sp, #28
 494              	.LCFI13:
 495              		.cfi_def_cfa_offset 32
 496 0004 00AF     		add	r7, sp, #0
 497              	.LCFI14:
 498              		.cfi_def_cfa_register 7
 499 0006 7860     		str	r0, [r7, #4]
 318:Drivers/STM32F4xx_HAL_Driver/Src/stm32f4xx_hal_exti.c ****   uint32_t regval;
 319:Drivers/STM32F4xx_HAL_Driver/Src/stm32f4xx_hal_exti.c ****   uint32_t linepos;
 320:Drivers/STM32F4xx_HAL_Driver/Src/stm32f4xx_hal_exti.c ****   uint32_t maskline;
 321:Drivers/STM32F4xx_HAL_Driver/Src/stm32f4xx_hal_exti.c **** 
 322:Drivers/STM32F4xx_HAL_Driver/Src/stm32f4xx_hal_exti.c ****   /* Check null pointer */
 323:Drivers/STM32F4xx_HAL_Driver/Src/stm32f4xx_hal_exti.c ****   if (hexti == NULL)
 500              		.loc 1 323 6
 501 0008 7B68     		ldr	r3, [r7, #4]
 502 000a 002B     		cmp	r3, #0
 503 000c 01D1     		bne	.L29
 324:Drivers/STM32F4xx_HAL_Driver/Src/stm32f4xx_hal_exti.c ****   {
 325:Drivers/STM32F4xx_HAL_Driver/Src/stm32f4xx_hal_exti.c ****     return HAL_ERROR;
 504              		.loc 1 325 12
 505 000e 0123     		movs	r3, #1
 506 0010 4CE0     		b	.L30
 507              	.L29:
 326:Drivers/STM32F4xx_HAL_Driver/Src/stm32f4xx_hal_exti.c ****   }
 327:Drivers/STM32F4xx_HAL_Driver/Src/stm32f4xx_hal_exti.c **** 
 328:Drivers/STM32F4xx_HAL_Driver/Src/stm32f4xx_hal_exti.c ****   /* Check the parameter */
 329:Drivers/STM32F4xx_HAL_Driver/Src/stm32f4xx_hal_exti.c ****   assert_param(IS_EXTI_LINE(hexti->Line));
 330:Drivers/STM32F4xx_HAL_Driver/Src/stm32f4xx_hal_exti.c **** 
 331:Drivers/STM32F4xx_HAL_Driver/Src/stm32f4xx_hal_exti.c ****   /* compute line mask */
 332:Drivers/STM32F4xx_HAL_Driver/Src/stm32f4xx_hal_exti.c ****   linepos = (hexti->Line & EXTI_PIN_MASK);
 508              		.loc 1 332 19
 509 0012 7B68     		ldr	r3, [r7, #4]
 510 0014 1B68     		ldr	r3, [r3]
 511              		.loc 1 332 11
 512 0016 03F01F03 		and	r3, r3, #31
 513 001a 7B61     		str	r3, [r7, #20]
 333:Drivers/STM32F4xx_HAL_Driver/Src/stm32f4xx_hal_exti.c ****   maskline = (1uL << linepos);
 514              		.loc 1 333 12
 515 001c 0122     		movs	r2, #1
 516 001e 7B69     		ldr	r3, [r7, #20]
 517 0020 02FA03F3 		lsl	r3, r2, r3
 518 0024 3B61     		str	r3, [r7, #16]
 334:Drivers/STM32F4xx_HAL_Driver/Src/stm32f4xx_hal_exti.c **** 
 335:Drivers/STM32F4xx_HAL_Driver/Src/stm32f4xx_hal_exti.c ****   /* 1] Clear interrupt mode */
 336:Drivers/STM32F4xx_HAL_Driver/Src/stm32f4xx_hal_exti.c ****   EXTI->IMR = (EXTI->IMR & ~maskline);
 519              		.loc 1 336 20
 520 0026 244B     		ldr	r3, .L32
 521 0028 1A68     		ldr	r2, [r3]
 522              		.loc 1 336 28
 523 002a 3B69     		ldr	r3, [r7, #16]
 524 002c DB43     		mvns	r3, r3
ARM GAS  C:\Users\EI\AppData\Local\Temp\ccSMvDZa.s 			page 16


 525              		.loc 1 336 7
 526 002e 2249     		ldr	r1, .L32
 527              		.loc 1 336 26
 528 0030 1340     		ands	r3, r3, r2
 529              		.loc 1 336 13
 530 0032 0B60     		str	r3, [r1]
 337:Drivers/STM32F4xx_HAL_Driver/Src/stm32f4xx_hal_exti.c **** 
 338:Drivers/STM32F4xx_HAL_Driver/Src/stm32f4xx_hal_exti.c ****   /* 2] Clear event mode */
 339:Drivers/STM32F4xx_HAL_Driver/Src/stm32f4xx_hal_exti.c ****   EXTI->EMR = (EXTI->EMR & ~maskline);
 531              		.loc 1 339 20
 532 0034 204B     		ldr	r3, .L32
 533 0036 5A68     		ldr	r2, [r3, #4]
 534              		.loc 1 339 28
 535 0038 3B69     		ldr	r3, [r7, #16]
 536 003a DB43     		mvns	r3, r3
 537              		.loc 1 339 7
 538 003c 1E49     		ldr	r1, .L32
 539              		.loc 1 339 26
 540 003e 1340     		ands	r3, r3, r2
 541              		.loc 1 339 13
 542 0040 4B60     		str	r3, [r1, #4]
 340:Drivers/STM32F4xx_HAL_Driver/Src/stm32f4xx_hal_exti.c **** 
 341:Drivers/STM32F4xx_HAL_Driver/Src/stm32f4xx_hal_exti.c ****   /* 3] Clear triggers in case of configurable lines */
 342:Drivers/STM32F4xx_HAL_Driver/Src/stm32f4xx_hal_exti.c ****   if ((hexti->Line & EXTI_CONFIG) != 0x00u)
 543              		.loc 1 342 13
 544 0042 7B68     		ldr	r3, [r7, #4]
 545 0044 1B68     		ldr	r3, [r3]
 546              		.loc 1 342 20
 547 0046 03F00073 		and	r3, r3, #33554432
 548              		.loc 1 342 6
 549 004a 002B     		cmp	r3, #0
 550 004c 2DD0     		beq	.L31
 343:Drivers/STM32F4xx_HAL_Driver/Src/stm32f4xx_hal_exti.c ****   {
 344:Drivers/STM32F4xx_HAL_Driver/Src/stm32f4xx_hal_exti.c ****     EXTI->RTSR = (EXTI->RTSR & ~maskline);
 551              		.loc 1 344 23
 552 004e 1A4B     		ldr	r3, .L32
 553 0050 9A68     		ldr	r2, [r3, #8]
 554              		.loc 1 344 32
 555 0052 3B69     		ldr	r3, [r7, #16]
 556 0054 DB43     		mvns	r3, r3
 557              		.loc 1 344 9
 558 0056 1849     		ldr	r1, .L32
 559              		.loc 1 344 30
 560 0058 1340     		ands	r3, r3, r2
 561              		.loc 1 344 16
 562 005a 8B60     		str	r3, [r1, #8]
 345:Drivers/STM32F4xx_HAL_Driver/Src/stm32f4xx_hal_exti.c ****     EXTI->FTSR = (EXTI->FTSR & ~maskline);
 563              		.loc 1 345 23
 564 005c 164B     		ldr	r3, .L32
 565 005e DA68     		ldr	r2, [r3, #12]
 566              		.loc 1 345 32
 567 0060 3B69     		ldr	r3, [r7, #16]
 568 0062 DB43     		mvns	r3, r3
 569              		.loc 1 345 9
 570 0064 1449     		ldr	r1, .L32
 571              		.loc 1 345 30
 572 0066 1340     		ands	r3, r3, r2
ARM GAS  C:\Users\EI\AppData\Local\Temp\ccSMvDZa.s 			page 17


 573              		.loc 1 345 16
 574 0068 CB60     		str	r3, [r1, #12]
 346:Drivers/STM32F4xx_HAL_Driver/Src/stm32f4xx_hal_exti.c **** 
 347:Drivers/STM32F4xx_HAL_Driver/Src/stm32f4xx_hal_exti.c ****     /* Get Gpio port selection for gpio lines */
 348:Drivers/STM32F4xx_HAL_Driver/Src/stm32f4xx_hal_exti.c ****     if ((hexti->Line & EXTI_GPIO) == EXTI_GPIO)
 575              		.loc 1 348 15
 576 006a 7B68     		ldr	r3, [r7, #4]
 577 006c 1B68     		ldr	r3, [r3]
 578              		.loc 1 348 22
 579 006e 03F0C063 		and	r3, r3, #100663296
 580              		.loc 1 348 8
 581 0072 B3F1C06F 		cmp	r3, #100663296
 582 0076 18D1     		bne	.L31
 349:Drivers/STM32F4xx_HAL_Driver/Src/stm32f4xx_hal_exti.c ****     {
 350:Drivers/STM32F4xx_HAL_Driver/Src/stm32f4xx_hal_exti.c ****       assert_param(IS_EXTI_GPIO_PIN(linepos));
 351:Drivers/STM32F4xx_HAL_Driver/Src/stm32f4xx_hal_exti.c **** 
 352:Drivers/STM32F4xx_HAL_Driver/Src/stm32f4xx_hal_exti.c ****       regval = SYSCFG->EXTICR[linepos >> 2u];
 583              		.loc 1 352 22
 584 0078 104A     		ldr	r2, .L32+4
 585              		.loc 1 352 39
 586 007a 7B69     		ldr	r3, [r7, #20]
 587 007c 9B08     		lsrs	r3, r3, #2
 588              		.loc 1 352 14
 589 007e 0233     		adds	r3, r3, #2
 590 0080 52F82330 		ldr	r3, [r2, r3, lsl #2]
 591 0084 FB60     		str	r3, [r7, #12]
 353:Drivers/STM32F4xx_HAL_Driver/Src/stm32f4xx_hal_exti.c ****       regval &= ~(SYSCFG_EXTICR1_EXTI0 << (SYSCFG_EXTICR1_EXTI1_Pos * (linepos & 0x03u)));
 592              		.loc 1 353 80
 593 0086 7B69     		ldr	r3, [r7, #20]
 594 0088 03F00303 		and	r3, r3, #3
 595              		.loc 1 353 69
 596 008c 9B00     		lsls	r3, r3, #2
 597              		.loc 1 353 40
 598 008e 0F22     		movs	r2, #15
 599 0090 02FA03F3 		lsl	r3, r2, r3
 600              		.loc 1 353 17
 601 0094 DB43     		mvns	r3, r3
 602              		.loc 1 353 14
 603 0096 FA68     		ldr	r2, [r7, #12]
 604 0098 1340     		ands	r3, r3, r2
 605 009a FB60     		str	r3, [r7, #12]
 354:Drivers/STM32F4xx_HAL_Driver/Src/stm32f4xx_hal_exti.c ****       SYSCFG->EXTICR[linepos >> 2u] = regval;
 606              		.loc 1 354 13
 607 009c 0749     		ldr	r1, .L32+4
 608              		.loc 1 354 30
 609 009e 7B69     		ldr	r3, [r7, #20]
 610 00a0 9B08     		lsrs	r3, r3, #2
 611              		.loc 1 354 37
 612 00a2 0233     		adds	r3, r3, #2
 613 00a4 FA68     		ldr	r2, [r7, #12]
 614 00a6 41F82320 		str	r2, [r1, r3, lsl #2]
 615              	.L31:
 355:Drivers/STM32F4xx_HAL_Driver/Src/stm32f4xx_hal_exti.c ****     }
 356:Drivers/STM32F4xx_HAL_Driver/Src/stm32f4xx_hal_exti.c ****   }
 357:Drivers/STM32F4xx_HAL_Driver/Src/stm32f4xx_hal_exti.c **** 
 358:Drivers/STM32F4xx_HAL_Driver/Src/stm32f4xx_hal_exti.c ****   return HAL_OK;
 616              		.loc 1 358 10
ARM GAS  C:\Users\EI\AppData\Local\Temp\ccSMvDZa.s 			page 18


 617 00aa 0023     		movs	r3, #0
 618              	.L30:
 359:Drivers/STM32F4xx_HAL_Driver/Src/stm32f4xx_hal_exti.c **** }
 619              		.loc 1 359 1
 620 00ac 1846     		mov	r0, r3
 621 00ae 1C37     		adds	r7, r7, #28
 622              	.LCFI15:
 623              		.cfi_def_cfa_offset 4
 624 00b0 BD46     		mov	sp, r7
 625              	.LCFI16:
 626              		.cfi_def_cfa_register 13
 627              		@ sp needed
 628 00b2 5DF8047B 		ldr	r7, [sp], #4
 629              	.LCFI17:
 630              		.cfi_restore 7
 631              		.cfi_def_cfa_offset 0
 632 00b6 7047     		bx	lr
 633              	.L33:
 634              		.align	2
 635              	.L32:
 636 00b8 003C0140 		.word	1073822720
 637 00bc 00380140 		.word	1073821696
 638              		.cfi_endproc
 639              	.LFE218:
 641              		.section	.text.HAL_EXTI_RegisterCallback,"ax",%progbits
 642              		.align	1
 643              		.global	HAL_EXTI_RegisterCallback
 644              		.syntax unified
 645              		.thumb
 646              		.thumb_func
 647              		.fpu fpv4-sp-d16
 649              	HAL_EXTI_RegisterCallback:
 650              	.LFB219:
 360:Drivers/STM32F4xx_HAL_Driver/Src/stm32f4xx_hal_exti.c **** 
 361:Drivers/STM32F4xx_HAL_Driver/Src/stm32f4xx_hal_exti.c **** /**
 362:Drivers/STM32F4xx_HAL_Driver/Src/stm32f4xx_hal_exti.c ****   * @brief  Register callback for a dedicated Exti line.
 363:Drivers/STM32F4xx_HAL_Driver/Src/stm32f4xx_hal_exti.c ****   * @param  hexti Exti handle.
 364:Drivers/STM32F4xx_HAL_Driver/Src/stm32f4xx_hal_exti.c ****   * @param  CallbackID User callback identifier.
 365:Drivers/STM32F4xx_HAL_Driver/Src/stm32f4xx_hal_exti.c ****   *         This parameter can be one of @arg @ref EXTI_CallbackIDTypeDef values.
 366:Drivers/STM32F4xx_HAL_Driver/Src/stm32f4xx_hal_exti.c ****   * @param  pPendingCbfn function pointer to be stored as callback.
 367:Drivers/STM32F4xx_HAL_Driver/Src/stm32f4xx_hal_exti.c ****   * @retval HAL Status.
 368:Drivers/STM32F4xx_HAL_Driver/Src/stm32f4xx_hal_exti.c ****   */
 369:Drivers/STM32F4xx_HAL_Driver/Src/stm32f4xx_hal_exti.c **** HAL_StatusTypeDef HAL_EXTI_RegisterCallback(EXTI_HandleTypeDef *hexti, EXTI_CallbackIDTypeDef Callb
 370:Drivers/STM32F4xx_HAL_Driver/Src/stm32f4xx_hal_exti.c **** {
 651              		.loc 1 370 1
 652              		.cfi_startproc
 653              		@ args = 0, pretend = 0, frame = 24
 654              		@ frame_needed = 1, uses_anonymous_args = 0
 655              		@ link register save eliminated.
 656 0000 80B4     		push	{r7}
 657              	.LCFI18:
 658              		.cfi_def_cfa_offset 4
 659              		.cfi_offset 7, -4
 660 0002 87B0     		sub	sp, sp, #28
 661              	.LCFI19:
 662              		.cfi_def_cfa_offset 32
 663 0004 00AF     		add	r7, sp, #0
ARM GAS  C:\Users\EI\AppData\Local\Temp\ccSMvDZa.s 			page 19


 664              	.LCFI20:
 665              		.cfi_def_cfa_register 7
 666 0006 F860     		str	r0, [r7, #12]
 667 0008 0B46     		mov	r3, r1
 668 000a 7A60     		str	r2, [r7, #4]
 669 000c FB72     		strb	r3, [r7, #11]
 371:Drivers/STM32F4xx_HAL_Driver/Src/stm32f4xx_hal_exti.c ****   HAL_StatusTypeDef status = HAL_OK;
 670              		.loc 1 371 21
 671 000e 0023     		movs	r3, #0
 672 0010 FB75     		strb	r3, [r7, #23]
 372:Drivers/STM32F4xx_HAL_Driver/Src/stm32f4xx_hal_exti.c **** 
 373:Drivers/STM32F4xx_HAL_Driver/Src/stm32f4xx_hal_exti.c ****   switch (CallbackID)
 673              		.loc 1 373 3
 674 0012 FB7A     		ldrb	r3, [r7, #11]	@ zero_extendqisi2
 675 0014 002B     		cmp	r3, #0
 676 0016 03D1     		bne	.L35
 374:Drivers/STM32F4xx_HAL_Driver/Src/stm32f4xx_hal_exti.c ****   {
 375:Drivers/STM32F4xx_HAL_Driver/Src/stm32f4xx_hal_exti.c ****     case  HAL_EXTI_COMMON_CB_ID:
 376:Drivers/STM32F4xx_HAL_Driver/Src/stm32f4xx_hal_exti.c ****       hexti->PendingCallback = pPendingCbfn;
 677              		.loc 1 376 30
 678 0018 FB68     		ldr	r3, [r7, #12]
 679 001a 7A68     		ldr	r2, [r7, #4]
 680 001c 5A60     		str	r2, [r3, #4]
 377:Drivers/STM32F4xx_HAL_Driver/Src/stm32f4xx_hal_exti.c ****       break;
 681              		.loc 1 377 7
 682 001e 02E0     		b	.L36
 683              	.L35:
 378:Drivers/STM32F4xx_HAL_Driver/Src/stm32f4xx_hal_exti.c **** 
 379:Drivers/STM32F4xx_HAL_Driver/Src/stm32f4xx_hal_exti.c ****     default:
 380:Drivers/STM32F4xx_HAL_Driver/Src/stm32f4xx_hal_exti.c ****       status = HAL_ERROR;
 684              		.loc 1 380 14
 685 0020 0123     		movs	r3, #1
 686 0022 FB75     		strb	r3, [r7, #23]
 381:Drivers/STM32F4xx_HAL_Driver/Src/stm32f4xx_hal_exti.c ****       break;
 687              		.loc 1 381 7
 688 0024 00BF     		nop
 689              	.L36:
 382:Drivers/STM32F4xx_HAL_Driver/Src/stm32f4xx_hal_exti.c ****   }
 383:Drivers/STM32F4xx_HAL_Driver/Src/stm32f4xx_hal_exti.c **** 
 384:Drivers/STM32F4xx_HAL_Driver/Src/stm32f4xx_hal_exti.c ****   return status;
 690              		.loc 1 384 10
 691 0026 FB7D     		ldrb	r3, [r7, #23]	@ zero_extendqisi2
 385:Drivers/STM32F4xx_HAL_Driver/Src/stm32f4xx_hal_exti.c **** }
 692              		.loc 1 385 1
 693 0028 1846     		mov	r0, r3
 694 002a 1C37     		adds	r7, r7, #28
 695              	.LCFI21:
 696              		.cfi_def_cfa_offset 4
 697 002c BD46     		mov	sp, r7
 698              	.LCFI22:
 699              		.cfi_def_cfa_register 13
 700              		@ sp needed
 701 002e 5DF8047B 		ldr	r7, [sp], #4
 702              	.LCFI23:
 703              		.cfi_restore 7
 704              		.cfi_def_cfa_offset 0
 705 0032 7047     		bx	lr
ARM GAS  C:\Users\EI\AppData\Local\Temp\ccSMvDZa.s 			page 20


 706              		.cfi_endproc
 707              	.LFE219:
 709              		.section	.text.HAL_EXTI_GetHandle,"ax",%progbits
 710              		.align	1
 711              		.global	HAL_EXTI_GetHandle
 712              		.syntax unified
 713              		.thumb
 714              		.thumb_func
 715              		.fpu fpv4-sp-d16
 717              	HAL_EXTI_GetHandle:
 718              	.LFB220:
 386:Drivers/STM32F4xx_HAL_Driver/Src/stm32f4xx_hal_exti.c **** 
 387:Drivers/STM32F4xx_HAL_Driver/Src/stm32f4xx_hal_exti.c **** /**
 388:Drivers/STM32F4xx_HAL_Driver/Src/stm32f4xx_hal_exti.c ****   * @brief  Store line number as handle private field.
 389:Drivers/STM32F4xx_HAL_Driver/Src/stm32f4xx_hal_exti.c ****   * @param  hexti Exti handle.
 390:Drivers/STM32F4xx_HAL_Driver/Src/stm32f4xx_hal_exti.c ****   * @param  ExtiLine Exti line number.
 391:Drivers/STM32F4xx_HAL_Driver/Src/stm32f4xx_hal_exti.c ****   *         This parameter can be from 0 to @ref EXTI_LINE_NB.
 392:Drivers/STM32F4xx_HAL_Driver/Src/stm32f4xx_hal_exti.c ****   * @retval HAL Status.
 393:Drivers/STM32F4xx_HAL_Driver/Src/stm32f4xx_hal_exti.c ****   */
 394:Drivers/STM32F4xx_HAL_Driver/Src/stm32f4xx_hal_exti.c **** HAL_StatusTypeDef HAL_EXTI_GetHandle(EXTI_HandleTypeDef *hexti, uint32_t ExtiLine)
 395:Drivers/STM32F4xx_HAL_Driver/Src/stm32f4xx_hal_exti.c **** {
 719              		.loc 1 395 1
 720              		.cfi_startproc
 721              		@ args = 0, pretend = 0, frame = 8
 722              		@ frame_needed = 1, uses_anonymous_args = 0
 723              		@ link register save eliminated.
 724 0000 80B4     		push	{r7}
 725              	.LCFI24:
 726              		.cfi_def_cfa_offset 4
 727              		.cfi_offset 7, -4
 728 0002 83B0     		sub	sp, sp, #12
 729              	.LCFI25:
 730              		.cfi_def_cfa_offset 16
 731 0004 00AF     		add	r7, sp, #0
 732              	.LCFI26:
 733              		.cfi_def_cfa_register 7
 734 0006 7860     		str	r0, [r7, #4]
 735 0008 3960     		str	r1, [r7]
 396:Drivers/STM32F4xx_HAL_Driver/Src/stm32f4xx_hal_exti.c ****   /* Check the parameters */
 397:Drivers/STM32F4xx_HAL_Driver/Src/stm32f4xx_hal_exti.c ****   assert_param(IS_EXTI_LINE(ExtiLine));
 398:Drivers/STM32F4xx_HAL_Driver/Src/stm32f4xx_hal_exti.c **** 
 399:Drivers/STM32F4xx_HAL_Driver/Src/stm32f4xx_hal_exti.c ****   /* Check null pointer */
 400:Drivers/STM32F4xx_HAL_Driver/Src/stm32f4xx_hal_exti.c ****   if (hexti == NULL)
 736              		.loc 1 400 6
 737 000a 7B68     		ldr	r3, [r7, #4]
 738 000c 002B     		cmp	r3, #0
 739 000e 01D1     		bne	.L39
 401:Drivers/STM32F4xx_HAL_Driver/Src/stm32f4xx_hal_exti.c ****   {
 402:Drivers/STM32F4xx_HAL_Driver/Src/stm32f4xx_hal_exti.c ****     return HAL_ERROR;
 740              		.loc 1 402 12
 741 0010 0123     		movs	r3, #1
 742 0012 03E0     		b	.L40
 743              	.L39:
 403:Drivers/STM32F4xx_HAL_Driver/Src/stm32f4xx_hal_exti.c ****   }
 404:Drivers/STM32F4xx_HAL_Driver/Src/stm32f4xx_hal_exti.c ****   else
 405:Drivers/STM32F4xx_HAL_Driver/Src/stm32f4xx_hal_exti.c ****   {
 406:Drivers/STM32F4xx_HAL_Driver/Src/stm32f4xx_hal_exti.c ****     /* Store line number as handle private field */
ARM GAS  C:\Users\EI\AppData\Local\Temp\ccSMvDZa.s 			page 21


 407:Drivers/STM32F4xx_HAL_Driver/Src/stm32f4xx_hal_exti.c ****     hexti->Line = ExtiLine;
 744              		.loc 1 407 17
 745 0014 7B68     		ldr	r3, [r7, #4]
 746 0016 3A68     		ldr	r2, [r7]
 747 0018 1A60     		str	r2, [r3]
 408:Drivers/STM32F4xx_HAL_Driver/Src/stm32f4xx_hal_exti.c **** 
 409:Drivers/STM32F4xx_HAL_Driver/Src/stm32f4xx_hal_exti.c ****     return HAL_OK;
 748              		.loc 1 409 12
 749 001a 0023     		movs	r3, #0
 750              	.L40:
 410:Drivers/STM32F4xx_HAL_Driver/Src/stm32f4xx_hal_exti.c ****   }
 411:Drivers/STM32F4xx_HAL_Driver/Src/stm32f4xx_hal_exti.c **** }
 751              		.loc 1 411 1
 752 001c 1846     		mov	r0, r3
 753 001e 0C37     		adds	r7, r7, #12
 754              	.LCFI27:
 755              		.cfi_def_cfa_offset 4
 756 0020 BD46     		mov	sp, r7
 757              	.LCFI28:
 758              		.cfi_def_cfa_register 13
 759              		@ sp needed
 760 0022 5DF8047B 		ldr	r7, [sp], #4
 761              	.LCFI29:
 762              		.cfi_restore 7
 763              		.cfi_def_cfa_offset 0
 764 0026 7047     		bx	lr
 765              		.cfi_endproc
 766              	.LFE220:
 768              		.section	.text.HAL_EXTI_IRQHandler,"ax",%progbits
 769              		.align	1
 770              		.global	HAL_EXTI_IRQHandler
 771              		.syntax unified
 772              		.thumb
 773              		.thumb_func
 774              		.fpu fpv4-sp-d16
 776              	HAL_EXTI_IRQHandler:
 777              	.LFB221:
 412:Drivers/STM32F4xx_HAL_Driver/Src/stm32f4xx_hal_exti.c **** 
 413:Drivers/STM32F4xx_HAL_Driver/Src/stm32f4xx_hal_exti.c **** /**
 414:Drivers/STM32F4xx_HAL_Driver/Src/stm32f4xx_hal_exti.c ****   * @}
 415:Drivers/STM32F4xx_HAL_Driver/Src/stm32f4xx_hal_exti.c ****   */
 416:Drivers/STM32F4xx_HAL_Driver/Src/stm32f4xx_hal_exti.c **** 
 417:Drivers/STM32F4xx_HAL_Driver/Src/stm32f4xx_hal_exti.c **** /** @addtogroup EXTI_Exported_Functions_Group2
 418:Drivers/STM32F4xx_HAL_Driver/Src/stm32f4xx_hal_exti.c ****   *  @brief EXTI IO functions.
 419:Drivers/STM32F4xx_HAL_Driver/Src/stm32f4xx_hal_exti.c ****   *
 420:Drivers/STM32F4xx_HAL_Driver/Src/stm32f4xx_hal_exti.c **** @verbatim
 421:Drivers/STM32F4xx_HAL_Driver/Src/stm32f4xx_hal_exti.c ****  ===============================================================================
 422:Drivers/STM32F4xx_HAL_Driver/Src/stm32f4xx_hal_exti.c ****                        ##### IO operation functions #####
 423:Drivers/STM32F4xx_HAL_Driver/Src/stm32f4xx_hal_exti.c ****  ===============================================================================
 424:Drivers/STM32F4xx_HAL_Driver/Src/stm32f4xx_hal_exti.c **** 
 425:Drivers/STM32F4xx_HAL_Driver/Src/stm32f4xx_hal_exti.c **** @endverbatim
 426:Drivers/STM32F4xx_HAL_Driver/Src/stm32f4xx_hal_exti.c ****   * @{
 427:Drivers/STM32F4xx_HAL_Driver/Src/stm32f4xx_hal_exti.c ****   */
 428:Drivers/STM32F4xx_HAL_Driver/Src/stm32f4xx_hal_exti.c **** 
 429:Drivers/STM32F4xx_HAL_Driver/Src/stm32f4xx_hal_exti.c **** /**
 430:Drivers/STM32F4xx_HAL_Driver/Src/stm32f4xx_hal_exti.c ****   * @brief  Handle EXTI interrupt request.
 431:Drivers/STM32F4xx_HAL_Driver/Src/stm32f4xx_hal_exti.c ****   * @param  hexti Exti handle.
ARM GAS  C:\Users\EI\AppData\Local\Temp\ccSMvDZa.s 			page 22


 432:Drivers/STM32F4xx_HAL_Driver/Src/stm32f4xx_hal_exti.c ****   * @retval none.
 433:Drivers/STM32F4xx_HAL_Driver/Src/stm32f4xx_hal_exti.c ****   */
 434:Drivers/STM32F4xx_HAL_Driver/Src/stm32f4xx_hal_exti.c **** void HAL_EXTI_IRQHandler(EXTI_HandleTypeDef *hexti)
 435:Drivers/STM32F4xx_HAL_Driver/Src/stm32f4xx_hal_exti.c **** {
 778              		.loc 1 435 1
 779              		.cfi_startproc
 780              		@ args = 0, pretend = 0, frame = 16
 781              		@ frame_needed = 1, uses_anonymous_args = 0
 782 0000 80B5     		push	{r7, lr}
 783              	.LCFI30:
 784              		.cfi_def_cfa_offset 8
 785              		.cfi_offset 7, -8
 786              		.cfi_offset 14, -4
 787 0002 84B0     		sub	sp, sp, #16
 788              	.LCFI31:
 789              		.cfi_def_cfa_offset 24
 790 0004 00AF     		add	r7, sp, #0
 791              	.LCFI32:
 792              		.cfi_def_cfa_register 7
 793 0006 7860     		str	r0, [r7, #4]
 436:Drivers/STM32F4xx_HAL_Driver/Src/stm32f4xx_hal_exti.c ****   uint32_t regval;
 437:Drivers/STM32F4xx_HAL_Driver/Src/stm32f4xx_hal_exti.c ****   uint32_t maskline;
 438:Drivers/STM32F4xx_HAL_Driver/Src/stm32f4xx_hal_exti.c **** 
 439:Drivers/STM32F4xx_HAL_Driver/Src/stm32f4xx_hal_exti.c ****   /* Compute line mask */
 440:Drivers/STM32F4xx_HAL_Driver/Src/stm32f4xx_hal_exti.c ****   maskline = (1uL << (hexti->Line & EXTI_PIN_MASK));
 794              		.loc 1 440 28
 795 0008 7B68     		ldr	r3, [r7, #4]
 796 000a 1B68     		ldr	r3, [r3]
 797              		.loc 1 440 35
 798 000c 03F01F03 		and	r3, r3, #31
 799              		.loc 1 440 12
 800 0010 0122     		movs	r2, #1
 801 0012 02FA03F3 		lsl	r3, r2, r3
 802 0016 FB60     		str	r3, [r7, #12]
 441:Drivers/STM32F4xx_HAL_Driver/Src/stm32f4xx_hal_exti.c **** 
 442:Drivers/STM32F4xx_HAL_Driver/Src/stm32f4xx_hal_exti.c ****   /* Get pending bit  */
 443:Drivers/STM32F4xx_HAL_Driver/Src/stm32f4xx_hal_exti.c ****   regval = (EXTI->PR & maskline);
 803              		.loc 1 443 17
 804 0018 0A4B     		ldr	r3, .L44
 805 001a 5B69     		ldr	r3, [r3, #20]
 806              		.loc 1 443 10
 807 001c FA68     		ldr	r2, [r7, #12]
 808 001e 1340     		ands	r3, r3, r2
 809 0020 BB60     		str	r3, [r7, #8]
 444:Drivers/STM32F4xx_HAL_Driver/Src/stm32f4xx_hal_exti.c ****   if (regval != 0x00u)
 810              		.loc 1 444 6
 811 0022 BB68     		ldr	r3, [r7, #8]
 812 0024 002B     		cmp	r3, #0
 813 0026 09D0     		beq	.L43
 445:Drivers/STM32F4xx_HAL_Driver/Src/stm32f4xx_hal_exti.c ****   {
 446:Drivers/STM32F4xx_HAL_Driver/Src/stm32f4xx_hal_exti.c ****     /* Clear pending bit */
 447:Drivers/STM32F4xx_HAL_Driver/Src/stm32f4xx_hal_exti.c ****     EXTI->PR = maskline;
 814              		.loc 1 447 9
 815 0028 064A     		ldr	r2, .L44
 816              		.loc 1 447 14
 817 002a FB68     		ldr	r3, [r7, #12]
 818 002c 5361     		str	r3, [r2, #20]
ARM GAS  C:\Users\EI\AppData\Local\Temp\ccSMvDZa.s 			page 23


 448:Drivers/STM32F4xx_HAL_Driver/Src/stm32f4xx_hal_exti.c **** 
 449:Drivers/STM32F4xx_HAL_Driver/Src/stm32f4xx_hal_exti.c ****     /* Call callback */
 450:Drivers/STM32F4xx_HAL_Driver/Src/stm32f4xx_hal_exti.c ****     if (hexti->PendingCallback != NULL)
 819              		.loc 1 450 14
 820 002e 7B68     		ldr	r3, [r7, #4]
 821 0030 5B68     		ldr	r3, [r3, #4]
 822              		.loc 1 450 8
 823 0032 002B     		cmp	r3, #0
 824 0034 02D0     		beq	.L43
 451:Drivers/STM32F4xx_HAL_Driver/Src/stm32f4xx_hal_exti.c ****     {
 452:Drivers/STM32F4xx_HAL_Driver/Src/stm32f4xx_hal_exti.c ****       hexti->PendingCallback();
 825              		.loc 1 452 12
 826 0036 7B68     		ldr	r3, [r7, #4]
 827 0038 5B68     		ldr	r3, [r3, #4]
 828              		.loc 1 452 7
 829 003a 9847     		blx	r3
 830              	.LVL0:
 831              	.L43:
 453:Drivers/STM32F4xx_HAL_Driver/Src/stm32f4xx_hal_exti.c ****     }
 454:Drivers/STM32F4xx_HAL_Driver/Src/stm32f4xx_hal_exti.c ****   }
 455:Drivers/STM32F4xx_HAL_Driver/Src/stm32f4xx_hal_exti.c **** }
 832              		.loc 1 455 1
 833 003c 00BF     		nop
 834 003e 1037     		adds	r7, r7, #16
 835              	.LCFI33:
 836              		.cfi_def_cfa_offset 8
 837 0040 BD46     		mov	sp, r7
 838              	.LCFI34:
 839              		.cfi_def_cfa_register 13
 840              		@ sp needed
 841 0042 80BD     		pop	{r7, pc}
 842              	.L45:
 843              		.align	2
 844              	.L44:
 845 0044 003C0140 		.word	1073822720
 846              		.cfi_endproc
 847              	.LFE221:
 849              		.section	.text.HAL_EXTI_GetPending,"ax",%progbits
 850              		.align	1
 851              		.global	HAL_EXTI_GetPending
 852              		.syntax unified
 853              		.thumb
 854              		.thumb_func
 855              		.fpu fpv4-sp-d16
 857              	HAL_EXTI_GetPending:
 858              	.LFB222:
 456:Drivers/STM32F4xx_HAL_Driver/Src/stm32f4xx_hal_exti.c **** 
 457:Drivers/STM32F4xx_HAL_Driver/Src/stm32f4xx_hal_exti.c **** /**
 458:Drivers/STM32F4xx_HAL_Driver/Src/stm32f4xx_hal_exti.c ****   * @brief  Get interrupt pending bit of a dedicated line.
 459:Drivers/STM32F4xx_HAL_Driver/Src/stm32f4xx_hal_exti.c ****   * @param  hexti Exti handle.
 460:Drivers/STM32F4xx_HAL_Driver/Src/stm32f4xx_hal_exti.c ****   * @param  Edge Specify which pending edge as to be checked.
 461:Drivers/STM32F4xx_HAL_Driver/Src/stm32f4xx_hal_exti.c ****   *         This parameter can be one of the following values:
 462:Drivers/STM32F4xx_HAL_Driver/Src/stm32f4xx_hal_exti.c ****   *           @arg @ref EXTI_TRIGGER_RISING_FALLING
 463:Drivers/STM32F4xx_HAL_Driver/Src/stm32f4xx_hal_exti.c ****   *         This parameter is kept for compatibility with other series.
 464:Drivers/STM32F4xx_HAL_Driver/Src/stm32f4xx_hal_exti.c ****   * @retval 1 if interrupt is pending else 0.
 465:Drivers/STM32F4xx_HAL_Driver/Src/stm32f4xx_hal_exti.c ****   */
 466:Drivers/STM32F4xx_HAL_Driver/Src/stm32f4xx_hal_exti.c **** uint32_t HAL_EXTI_GetPending(EXTI_HandleTypeDef *hexti, uint32_t Edge)
ARM GAS  C:\Users\EI\AppData\Local\Temp\ccSMvDZa.s 			page 24


 467:Drivers/STM32F4xx_HAL_Driver/Src/stm32f4xx_hal_exti.c **** {
 859              		.loc 1 467 1
 860              		.cfi_startproc
 861              		@ args = 0, pretend = 0, frame = 24
 862              		@ frame_needed = 1, uses_anonymous_args = 0
 863              		@ link register save eliminated.
 864 0000 80B4     		push	{r7}
 865              	.LCFI35:
 866              		.cfi_def_cfa_offset 4
 867              		.cfi_offset 7, -4
 868 0002 87B0     		sub	sp, sp, #28
 869              	.LCFI36:
 870              		.cfi_def_cfa_offset 32
 871 0004 00AF     		add	r7, sp, #0
 872              	.LCFI37:
 873              		.cfi_def_cfa_register 7
 874 0006 7860     		str	r0, [r7, #4]
 875 0008 3960     		str	r1, [r7]
 468:Drivers/STM32F4xx_HAL_Driver/Src/stm32f4xx_hal_exti.c ****   uint32_t regval;
 469:Drivers/STM32F4xx_HAL_Driver/Src/stm32f4xx_hal_exti.c ****   uint32_t linepos;
 470:Drivers/STM32F4xx_HAL_Driver/Src/stm32f4xx_hal_exti.c ****   uint32_t maskline;
 471:Drivers/STM32F4xx_HAL_Driver/Src/stm32f4xx_hal_exti.c **** 
 472:Drivers/STM32F4xx_HAL_Driver/Src/stm32f4xx_hal_exti.c ****   /* Check parameters */
 473:Drivers/STM32F4xx_HAL_Driver/Src/stm32f4xx_hal_exti.c ****   assert_param(IS_EXTI_LINE(hexti->Line));
 474:Drivers/STM32F4xx_HAL_Driver/Src/stm32f4xx_hal_exti.c ****   assert_param(IS_EXTI_CONFIG_LINE(hexti->Line));
 475:Drivers/STM32F4xx_HAL_Driver/Src/stm32f4xx_hal_exti.c ****   assert_param(IS_EXTI_PENDING_EDGE(Edge));
 476:Drivers/STM32F4xx_HAL_Driver/Src/stm32f4xx_hal_exti.c **** 
 477:Drivers/STM32F4xx_HAL_Driver/Src/stm32f4xx_hal_exti.c ****   /* Compute line mask */
 478:Drivers/STM32F4xx_HAL_Driver/Src/stm32f4xx_hal_exti.c ****   linepos = (hexti->Line & EXTI_PIN_MASK);
 876              		.loc 1 478 19
 877 000a 7B68     		ldr	r3, [r7, #4]
 878 000c 1B68     		ldr	r3, [r3]
 879              		.loc 1 478 11
 880 000e 03F01F03 		and	r3, r3, #31
 881 0012 7B61     		str	r3, [r7, #20]
 479:Drivers/STM32F4xx_HAL_Driver/Src/stm32f4xx_hal_exti.c ****   maskline = (1uL << linepos);
 882              		.loc 1 479 12
 883 0014 0122     		movs	r2, #1
 884 0016 7B69     		ldr	r3, [r7, #20]
 885 0018 02FA03F3 		lsl	r3, r2, r3
 886 001c 3B61     		str	r3, [r7, #16]
 480:Drivers/STM32F4xx_HAL_Driver/Src/stm32f4xx_hal_exti.c **** 
 481:Drivers/STM32F4xx_HAL_Driver/Src/stm32f4xx_hal_exti.c ****   /* return 1 if bit is set else 0 */
 482:Drivers/STM32F4xx_HAL_Driver/Src/stm32f4xx_hal_exti.c ****   regval = ((EXTI->PR & maskline) >> linepos);
 887              		.loc 1 482 18
 888 001e 074B     		ldr	r3, .L48
 889 0020 5A69     		ldr	r2, [r3, #20]
 890              		.loc 1 482 23
 891 0022 3B69     		ldr	r3, [r7, #16]
 892 0024 1A40     		ands	r2, r2, r3
 893              		.loc 1 482 10
 894 0026 7B69     		ldr	r3, [r7, #20]
 895 0028 22FA03F3 		lsr	r3, r2, r3
 896 002c FB60     		str	r3, [r7, #12]
 483:Drivers/STM32F4xx_HAL_Driver/Src/stm32f4xx_hal_exti.c ****   return regval;
 897              		.loc 1 483 10
 898 002e FB68     		ldr	r3, [r7, #12]
ARM GAS  C:\Users\EI\AppData\Local\Temp\ccSMvDZa.s 			page 25


 484:Drivers/STM32F4xx_HAL_Driver/Src/stm32f4xx_hal_exti.c **** }
 899              		.loc 1 484 1
 900 0030 1846     		mov	r0, r3
 901 0032 1C37     		adds	r7, r7, #28
 902              	.LCFI38:
 903              		.cfi_def_cfa_offset 4
 904 0034 BD46     		mov	sp, r7
 905              	.LCFI39:
 906              		.cfi_def_cfa_register 13
 907              		@ sp needed
 908 0036 5DF8047B 		ldr	r7, [sp], #4
 909              	.LCFI40:
 910              		.cfi_restore 7
 911              		.cfi_def_cfa_offset 0
 912 003a 7047     		bx	lr
 913              	.L49:
 914              		.align	2
 915              	.L48:
 916 003c 003C0140 		.word	1073822720
 917              		.cfi_endproc
 918              	.LFE222:
 920              		.section	.text.HAL_EXTI_ClearPending,"ax",%progbits
 921              		.align	1
 922              		.global	HAL_EXTI_ClearPending
 923              		.syntax unified
 924              		.thumb
 925              		.thumb_func
 926              		.fpu fpv4-sp-d16
 928              	HAL_EXTI_ClearPending:
 929              	.LFB223:
 485:Drivers/STM32F4xx_HAL_Driver/Src/stm32f4xx_hal_exti.c **** 
 486:Drivers/STM32F4xx_HAL_Driver/Src/stm32f4xx_hal_exti.c **** /**
 487:Drivers/STM32F4xx_HAL_Driver/Src/stm32f4xx_hal_exti.c ****   * @brief  Clear interrupt pending bit of a dedicated line.
 488:Drivers/STM32F4xx_HAL_Driver/Src/stm32f4xx_hal_exti.c ****   * @param  hexti Exti handle.
 489:Drivers/STM32F4xx_HAL_Driver/Src/stm32f4xx_hal_exti.c ****   * @param  Edge Specify which pending edge as to be clear.
 490:Drivers/STM32F4xx_HAL_Driver/Src/stm32f4xx_hal_exti.c ****   *         This parameter can be one of the following values:
 491:Drivers/STM32F4xx_HAL_Driver/Src/stm32f4xx_hal_exti.c ****   *           @arg @ref EXTI_TRIGGER_RISING_FALLING
 492:Drivers/STM32F4xx_HAL_Driver/Src/stm32f4xx_hal_exti.c ****   *         This parameter is kept for compatibility with other series.
 493:Drivers/STM32F4xx_HAL_Driver/Src/stm32f4xx_hal_exti.c ****   * @retval None.
 494:Drivers/STM32F4xx_HAL_Driver/Src/stm32f4xx_hal_exti.c ****   */
 495:Drivers/STM32F4xx_HAL_Driver/Src/stm32f4xx_hal_exti.c **** void HAL_EXTI_ClearPending(EXTI_HandleTypeDef *hexti, uint32_t Edge)
 496:Drivers/STM32F4xx_HAL_Driver/Src/stm32f4xx_hal_exti.c **** {
 930              		.loc 1 496 1
 931              		.cfi_startproc
 932              		@ args = 0, pretend = 0, frame = 16
 933              		@ frame_needed = 1, uses_anonymous_args = 0
 934              		@ link register save eliminated.
 935 0000 80B4     		push	{r7}
 936              	.LCFI41:
 937              		.cfi_def_cfa_offset 4
 938              		.cfi_offset 7, -4
 939 0002 85B0     		sub	sp, sp, #20
 940              	.LCFI42:
 941              		.cfi_def_cfa_offset 24
 942 0004 00AF     		add	r7, sp, #0
 943              	.LCFI43:
 944              		.cfi_def_cfa_register 7
ARM GAS  C:\Users\EI\AppData\Local\Temp\ccSMvDZa.s 			page 26


 945 0006 7860     		str	r0, [r7, #4]
 946 0008 3960     		str	r1, [r7]
 497:Drivers/STM32F4xx_HAL_Driver/Src/stm32f4xx_hal_exti.c ****   uint32_t maskline;
 498:Drivers/STM32F4xx_HAL_Driver/Src/stm32f4xx_hal_exti.c **** 
 499:Drivers/STM32F4xx_HAL_Driver/Src/stm32f4xx_hal_exti.c ****   /* Check parameters */
 500:Drivers/STM32F4xx_HAL_Driver/Src/stm32f4xx_hal_exti.c ****   assert_param(IS_EXTI_LINE(hexti->Line));
 501:Drivers/STM32F4xx_HAL_Driver/Src/stm32f4xx_hal_exti.c ****   assert_param(IS_EXTI_CONFIG_LINE(hexti->Line));
 502:Drivers/STM32F4xx_HAL_Driver/Src/stm32f4xx_hal_exti.c ****   assert_param(IS_EXTI_PENDING_EDGE(Edge));
 503:Drivers/STM32F4xx_HAL_Driver/Src/stm32f4xx_hal_exti.c **** 
 504:Drivers/STM32F4xx_HAL_Driver/Src/stm32f4xx_hal_exti.c ****   /* Compute line mask */
 505:Drivers/STM32F4xx_HAL_Driver/Src/stm32f4xx_hal_exti.c ****   maskline = (1uL << (hexti->Line & EXTI_PIN_MASK));
 947              		.loc 1 505 28
 948 000a 7B68     		ldr	r3, [r7, #4]
 949 000c 1B68     		ldr	r3, [r3]
 950              		.loc 1 505 35
 951 000e 03F01F03 		and	r3, r3, #31
 952              		.loc 1 505 12
 953 0012 0122     		movs	r2, #1
 954 0014 02FA03F3 		lsl	r3, r2, r3
 955 0018 FB60     		str	r3, [r7, #12]
 506:Drivers/STM32F4xx_HAL_Driver/Src/stm32f4xx_hal_exti.c **** 
 507:Drivers/STM32F4xx_HAL_Driver/Src/stm32f4xx_hal_exti.c ****   /* Clear Pending bit */
 508:Drivers/STM32F4xx_HAL_Driver/Src/stm32f4xx_hal_exti.c ****   EXTI->PR =  maskline;
 956              		.loc 1 508 7
 957 001a 044A     		ldr	r2, .L51
 958              		.loc 1 508 12
 959 001c FB68     		ldr	r3, [r7, #12]
 960 001e 5361     		str	r3, [r2, #20]
 509:Drivers/STM32F4xx_HAL_Driver/Src/stm32f4xx_hal_exti.c **** }
 961              		.loc 1 509 1
 962 0020 00BF     		nop
 963 0022 1437     		adds	r7, r7, #20
 964              	.LCFI44:
 965              		.cfi_def_cfa_offset 4
 966 0024 BD46     		mov	sp, r7
 967              	.LCFI45:
 968              		.cfi_def_cfa_register 13
 969              		@ sp needed
 970 0026 5DF8047B 		ldr	r7, [sp], #4
 971              	.LCFI46:
 972              		.cfi_restore 7
 973              		.cfi_def_cfa_offset 0
 974 002a 7047     		bx	lr
 975              	.L52:
 976              		.align	2
 977              	.L51:
 978 002c 003C0140 		.word	1073822720
 979              		.cfi_endproc
 980              	.LFE223:
 982              		.section	.text.HAL_EXTI_GenerateSWI,"ax",%progbits
 983              		.align	1
 984              		.global	HAL_EXTI_GenerateSWI
 985              		.syntax unified
 986              		.thumb
 987              		.thumb_func
 988              		.fpu fpv4-sp-d16
 990              	HAL_EXTI_GenerateSWI:
ARM GAS  C:\Users\EI\AppData\Local\Temp\ccSMvDZa.s 			page 27


 991              	.LFB224:
 510:Drivers/STM32F4xx_HAL_Driver/Src/stm32f4xx_hal_exti.c **** 
 511:Drivers/STM32F4xx_HAL_Driver/Src/stm32f4xx_hal_exti.c **** /**
 512:Drivers/STM32F4xx_HAL_Driver/Src/stm32f4xx_hal_exti.c ****   * @brief  Generate a software interrupt for a dedicated line.
 513:Drivers/STM32F4xx_HAL_Driver/Src/stm32f4xx_hal_exti.c ****   * @param  hexti Exti handle.
 514:Drivers/STM32F4xx_HAL_Driver/Src/stm32f4xx_hal_exti.c ****   * @retval None.
 515:Drivers/STM32F4xx_HAL_Driver/Src/stm32f4xx_hal_exti.c ****   */
 516:Drivers/STM32F4xx_HAL_Driver/Src/stm32f4xx_hal_exti.c **** void HAL_EXTI_GenerateSWI(EXTI_HandleTypeDef *hexti)
 517:Drivers/STM32F4xx_HAL_Driver/Src/stm32f4xx_hal_exti.c **** {
 992              		.loc 1 517 1
 993              		.cfi_startproc
 994              		@ args = 0, pretend = 0, frame = 16
 995              		@ frame_needed = 1, uses_anonymous_args = 0
 996              		@ link register save eliminated.
 997 0000 80B4     		push	{r7}
 998              	.LCFI47:
 999              		.cfi_def_cfa_offset 4
 1000              		.cfi_offset 7, -4
 1001 0002 85B0     		sub	sp, sp, #20
 1002              	.LCFI48:
 1003              		.cfi_def_cfa_offset 24
 1004 0004 00AF     		add	r7, sp, #0
 1005              	.LCFI49:
 1006              		.cfi_def_cfa_register 7
 1007 0006 7860     		str	r0, [r7, #4]
 518:Drivers/STM32F4xx_HAL_Driver/Src/stm32f4xx_hal_exti.c ****   uint32_t maskline;
 519:Drivers/STM32F4xx_HAL_Driver/Src/stm32f4xx_hal_exti.c **** 
 520:Drivers/STM32F4xx_HAL_Driver/Src/stm32f4xx_hal_exti.c ****   /* Check parameters */
 521:Drivers/STM32F4xx_HAL_Driver/Src/stm32f4xx_hal_exti.c ****   assert_param(IS_EXTI_LINE(hexti->Line));
 522:Drivers/STM32F4xx_HAL_Driver/Src/stm32f4xx_hal_exti.c ****   assert_param(IS_EXTI_CONFIG_LINE(hexti->Line));
 523:Drivers/STM32F4xx_HAL_Driver/Src/stm32f4xx_hal_exti.c **** 
 524:Drivers/STM32F4xx_HAL_Driver/Src/stm32f4xx_hal_exti.c ****   /* Compute line mask */
 525:Drivers/STM32F4xx_HAL_Driver/Src/stm32f4xx_hal_exti.c ****   maskline = (1uL << (hexti->Line & EXTI_PIN_MASK));
 1008              		.loc 1 525 28
 1009 0008 7B68     		ldr	r3, [r7, #4]
 1010 000a 1B68     		ldr	r3, [r3]
 1011              		.loc 1 525 35
 1012 000c 03F01F03 		and	r3, r3, #31
 1013              		.loc 1 525 12
 1014 0010 0122     		movs	r2, #1
 1015 0012 02FA03F3 		lsl	r3, r2, r3
 1016 0016 FB60     		str	r3, [r7, #12]
 526:Drivers/STM32F4xx_HAL_Driver/Src/stm32f4xx_hal_exti.c **** 
 527:Drivers/STM32F4xx_HAL_Driver/Src/stm32f4xx_hal_exti.c ****   /* Generate Software interrupt */
 528:Drivers/STM32F4xx_HAL_Driver/Src/stm32f4xx_hal_exti.c ****   EXTI->SWIER = maskline;
 1017              		.loc 1 528 7
 1018 0018 044A     		ldr	r2, .L54
 1019              		.loc 1 528 15
 1020 001a FB68     		ldr	r3, [r7, #12]
 1021 001c 1361     		str	r3, [r2, #16]
 529:Drivers/STM32F4xx_HAL_Driver/Src/stm32f4xx_hal_exti.c **** }
 1022              		.loc 1 529 1
 1023 001e 00BF     		nop
 1024 0020 1437     		adds	r7, r7, #20
 1025              	.LCFI50:
 1026              		.cfi_def_cfa_offset 4
 1027 0022 BD46     		mov	sp, r7
ARM GAS  C:\Users\EI\AppData\Local\Temp\ccSMvDZa.s 			page 28


 1028              	.LCFI51:
 1029              		.cfi_def_cfa_register 13
 1030              		@ sp needed
 1031 0024 5DF8047B 		ldr	r7, [sp], #4
 1032              	.LCFI52:
 1033              		.cfi_restore 7
 1034              		.cfi_def_cfa_offset 0
 1035 0028 7047     		bx	lr
 1036              	.L55:
 1037 002a 00BF     		.align	2
 1038              	.L54:
 1039 002c 003C0140 		.word	1073822720
 1040              		.cfi_endproc
 1041              	.LFE224:
 1043              		.text
 1044              	.Letext0:
 1045              		.file 2 "c:\\arm-gcc\\tools\\gcc-arm-none-eabi-10-2020-q4-major\\arm-none-eabi\\include\\machine\\
 1046              		.file 3 "c:\\arm-gcc\\tools\\gcc-arm-none-eabi-10-2020-q4-major\\arm-none-eabi\\include\\sys\\_std
 1047              		.file 4 "Drivers/CMSIS/Device/ST/STM32F4xx/Include/stm32f411xe.h"
 1048              		.file 5 "Drivers/STM32F4xx_HAL_Driver/Inc/stm32f4xx_hal_def.h"
 1049              		.file 6 "Drivers/STM32F4xx_HAL_Driver/Inc/stm32f4xx_hal_exti.h"
ARM GAS  C:\Users\EI\AppData\Local\Temp\ccSMvDZa.s 			page 29


DEFINED SYMBOLS
                            *ABS*:00000000 stm32f4xx_hal_exti.c
C:\Users\EI\AppData\Local\Temp\ccSMvDZa.s:18     .text.HAL_EXTI_SetConfigLine:00000000 $t
C:\Users\EI\AppData\Local\Temp\ccSMvDZa.s:26     .text.HAL_EXTI_SetConfigLine:00000000 HAL_EXTI_SetConfigLine
C:\Users\EI\AppData\Local\Temp\ccSMvDZa.s:271    .text.HAL_EXTI_SetConfigLine:00000148 $d
C:\Users\EI\AppData\Local\Temp\ccSMvDZa.s:277    .text.HAL_EXTI_GetConfigLine:00000000 $t
C:\Users\EI\AppData\Local\Temp\ccSMvDZa.s:284    .text.HAL_EXTI_GetConfigLine:00000000 HAL_EXTI_GetConfigLine
C:\Users\EI\AppData\Local\Temp\ccSMvDZa.s:469    .text.HAL_EXTI_GetConfigLine:000000ec $d
C:\Users\EI\AppData\Local\Temp\ccSMvDZa.s:475    .text.HAL_EXTI_ClearConfigLine:00000000 $t
C:\Users\EI\AppData\Local\Temp\ccSMvDZa.s:482    .text.HAL_EXTI_ClearConfigLine:00000000 HAL_EXTI_ClearConfigLine
C:\Users\EI\AppData\Local\Temp\ccSMvDZa.s:636    .text.HAL_EXTI_ClearConfigLine:000000b8 $d
C:\Users\EI\AppData\Local\Temp\ccSMvDZa.s:642    .text.HAL_EXTI_RegisterCallback:00000000 $t
C:\Users\EI\AppData\Local\Temp\ccSMvDZa.s:649    .text.HAL_EXTI_RegisterCallback:00000000 HAL_EXTI_RegisterCallback
C:\Users\EI\AppData\Local\Temp\ccSMvDZa.s:710    .text.HAL_EXTI_GetHandle:00000000 $t
C:\Users\EI\AppData\Local\Temp\ccSMvDZa.s:717    .text.HAL_EXTI_GetHandle:00000000 HAL_EXTI_GetHandle
C:\Users\EI\AppData\Local\Temp\ccSMvDZa.s:769    .text.HAL_EXTI_IRQHandler:00000000 $t
C:\Users\EI\AppData\Local\Temp\ccSMvDZa.s:776    .text.HAL_EXTI_IRQHandler:00000000 HAL_EXTI_IRQHandler
C:\Users\EI\AppData\Local\Temp\ccSMvDZa.s:845    .text.HAL_EXTI_IRQHandler:00000044 $d
C:\Users\EI\AppData\Local\Temp\ccSMvDZa.s:850    .text.HAL_EXTI_GetPending:00000000 $t
C:\Users\EI\AppData\Local\Temp\ccSMvDZa.s:857    .text.HAL_EXTI_GetPending:00000000 HAL_EXTI_GetPending
C:\Users\EI\AppData\Local\Temp\ccSMvDZa.s:916    .text.HAL_EXTI_GetPending:0000003c $d
C:\Users\EI\AppData\Local\Temp\ccSMvDZa.s:921    .text.HAL_EXTI_ClearPending:00000000 $t
C:\Users\EI\AppData\Local\Temp\ccSMvDZa.s:928    .text.HAL_EXTI_ClearPending:00000000 HAL_EXTI_ClearPending
C:\Users\EI\AppData\Local\Temp\ccSMvDZa.s:978    .text.HAL_EXTI_ClearPending:0000002c $d
C:\Users\EI\AppData\Local\Temp\ccSMvDZa.s:983    .text.HAL_EXTI_GenerateSWI:00000000 $t
C:\Users\EI\AppData\Local\Temp\ccSMvDZa.s:990    .text.HAL_EXTI_GenerateSWI:00000000 HAL_EXTI_GenerateSWI
C:\Users\EI\AppData\Local\Temp\ccSMvDZa.s:1039   .text.HAL_EXTI_GenerateSWI:0000002c $d

NO UNDEFINED SYMBOLS
