ARM GAS  C:\Users\EI\AppData\Local\Temp\ccKlJNUb.s 			page 1


   1              		.cpu cortex-m4
   2              		.eabi_attribute 27, 1
   3              		.eabi_attribute 28, 1
   4              		.eabi_attribute 20, 1
   5              		.eabi_attribute 21, 1
   6              		.eabi_attribute 23, 3
   7              		.eabi_attribute 24, 1
   8              		.eabi_attribute 25, 1
   9              		.eabi_attribute 26, 1
  10              		.eabi_attribute 30, 6
  11              		.eabi_attribute 34, 1
  12              		.eabi_attribute 18, 4
  13              		.file	"usbd_desc.c"
  14              		.text
  15              	.Ltext0:
  16              		.cfi_sections	.debug_frame
  17              		.global	FS_Desc
  18              		.section	.data.FS_Desc,"aw"
  19              		.align	2
  22              	FS_Desc:
  23 0000 00000000 		.word	USBD_FS_DeviceDescriptor
  24 0004 00000000 		.word	USBD_FS_LangIDStrDescriptor
  25 0008 00000000 		.word	USBD_FS_ManufacturerStrDescriptor
  26 000c 00000000 		.word	USBD_FS_ProductStrDescriptor
  27 0010 00000000 		.word	USBD_FS_SerialStrDescriptor
  28 0014 00000000 		.word	USBD_FS_ConfigStrDescriptor
  29 0018 00000000 		.word	USBD_FS_InterfaceStrDescriptor
  30              		.global	USBD_FS_DeviceDesc
  31              		.section	.data.USBD_FS_DeviceDesc,"aw"
  32              		.align	2
  35              	USBD_FS_DeviceDesc:
  36 0000 12010002 		.ascii	"\022\001\000\002\002\002\000@\203\004@W\000\002\001"
  36      02020040 
  36      83044057 
  36      000201
  37 000f 020301   		.ascii	"\002\003\001"
  38              		.global	USBD_LangIDDesc
  39              		.section	.data.USBD_LangIDDesc,"aw"
  40              		.align	2
  43              	USBD_LangIDDesc:
  44 0000 04030904 		.ascii	"\004\003\011\004"
  45              		.global	USBD_StrDesc
  46              		.section	.bss.USBD_StrDesc,"aw",%nobits
  47              		.align	2
  50              	USBD_StrDesc:
  51 0000 00000000 		.space	512
  51      00000000 
  51      00000000 
  51      00000000 
  51      00000000 
  52              		.global	USBD_StringSerial
  53              		.section	.data.USBD_StringSerial,"aw"
  54              		.align	2
  57              	USBD_StringSerial:
  58 0000 1A0300   		.ascii	"\032\003\000"
  59 0003 00000000 		.space	23
  59      00000000 
ARM GAS  C:\Users\EI\AppData\Local\Temp\ccKlJNUb.s 			page 2


  59      00000000 
  59      00000000 
  59      00000000 
  60              		.section	.text.USBD_FS_DeviceDescriptor,"ax",%progbits
  61              		.align	1
  62              		.global	USBD_FS_DeviceDescriptor
  63              		.arch armv7e-m
  64              		.syntax unified
  65              		.thumb
  66              		.thumb_func
  67              		.fpu fpv4-sp-d16
  69              	USBD_FS_DeviceDescriptor:
  70              	.LFB220:
  71              		.file 1 "USB_DEVICE/App/usbd_desc.c"
   1:USB_DEVICE/App/usbd_desc.c **** /* USER CODE BEGIN Header */
   2:USB_DEVICE/App/usbd_desc.c **** /**
   3:USB_DEVICE/App/usbd_desc.c ****   ******************************************************************************
   4:USB_DEVICE/App/usbd_desc.c ****   * @file           : App/usbd_desc.c
   5:USB_DEVICE/App/usbd_desc.c ****   * @version        : v1.0_Cube
   6:USB_DEVICE/App/usbd_desc.c ****   * @brief          : This file implements the USB device descriptors.
   7:USB_DEVICE/App/usbd_desc.c ****   ******************************************************************************
   8:USB_DEVICE/App/usbd_desc.c ****   * @attention
   9:USB_DEVICE/App/usbd_desc.c ****   *
  10:USB_DEVICE/App/usbd_desc.c ****   * Copyright (c) 2022 STMicroelectronics.
  11:USB_DEVICE/App/usbd_desc.c ****   * All rights reserved.
  12:USB_DEVICE/App/usbd_desc.c ****   *
  13:USB_DEVICE/App/usbd_desc.c ****   * This software is licensed under terms that can be found in the LICENSE file
  14:USB_DEVICE/App/usbd_desc.c ****   * in the root directory of this software component.
  15:USB_DEVICE/App/usbd_desc.c ****   * If no LICENSE file comes with this software, it is provided AS-IS.
  16:USB_DEVICE/App/usbd_desc.c ****   *
  17:USB_DEVICE/App/usbd_desc.c ****   ******************************************************************************
  18:USB_DEVICE/App/usbd_desc.c ****   */
  19:USB_DEVICE/App/usbd_desc.c **** /* USER CODE END Header */
  20:USB_DEVICE/App/usbd_desc.c **** 
  21:USB_DEVICE/App/usbd_desc.c **** /* Includes ------------------------------------------------------------------*/
  22:USB_DEVICE/App/usbd_desc.c **** #include "usbd_core.h"
  23:USB_DEVICE/App/usbd_desc.c **** #include "usbd_desc.h"
  24:USB_DEVICE/App/usbd_desc.c **** #include "usbd_conf.h"
  25:USB_DEVICE/App/usbd_desc.c **** 
  26:USB_DEVICE/App/usbd_desc.c **** /* USER CODE BEGIN INCLUDE */
  27:USB_DEVICE/App/usbd_desc.c **** 
  28:USB_DEVICE/App/usbd_desc.c **** /* USER CODE END INCLUDE */
  29:USB_DEVICE/App/usbd_desc.c **** 
  30:USB_DEVICE/App/usbd_desc.c **** /* Private typedef -----------------------------------------------------------*/
  31:USB_DEVICE/App/usbd_desc.c **** /* Private define ------------------------------------------------------------*/
  32:USB_DEVICE/App/usbd_desc.c **** /* Private macro -------------------------------------------------------------*/
  33:USB_DEVICE/App/usbd_desc.c **** 
  34:USB_DEVICE/App/usbd_desc.c **** /* USER CODE BEGIN PV */
  35:USB_DEVICE/App/usbd_desc.c **** /* Private variables ---------------------------------------------------------*/
  36:USB_DEVICE/App/usbd_desc.c **** 
  37:USB_DEVICE/App/usbd_desc.c **** /* USER CODE END PV */
  38:USB_DEVICE/App/usbd_desc.c **** 
  39:USB_DEVICE/App/usbd_desc.c **** /** @addtogroup STM32_USB_OTG_DEVICE_LIBRARY
  40:USB_DEVICE/App/usbd_desc.c ****   * @{
  41:USB_DEVICE/App/usbd_desc.c ****   */
  42:USB_DEVICE/App/usbd_desc.c **** 
  43:USB_DEVICE/App/usbd_desc.c **** /** @addtogroup USBD_DESC
ARM GAS  C:\Users\EI\AppData\Local\Temp\ccKlJNUb.s 			page 3


  44:USB_DEVICE/App/usbd_desc.c ****   * @{
  45:USB_DEVICE/App/usbd_desc.c ****   */
  46:USB_DEVICE/App/usbd_desc.c **** 
  47:USB_DEVICE/App/usbd_desc.c **** /** @defgroup USBD_DESC_Private_TypesDefinitions USBD_DESC_Private_TypesDefinitions
  48:USB_DEVICE/App/usbd_desc.c ****   * @brief Private types.
  49:USB_DEVICE/App/usbd_desc.c ****   * @{
  50:USB_DEVICE/App/usbd_desc.c ****   */
  51:USB_DEVICE/App/usbd_desc.c **** 
  52:USB_DEVICE/App/usbd_desc.c **** /* USER CODE BEGIN PRIVATE_TYPES */
  53:USB_DEVICE/App/usbd_desc.c **** 
  54:USB_DEVICE/App/usbd_desc.c **** /* USER CODE END PRIVATE_TYPES */
  55:USB_DEVICE/App/usbd_desc.c **** 
  56:USB_DEVICE/App/usbd_desc.c **** /**
  57:USB_DEVICE/App/usbd_desc.c ****   * @}
  58:USB_DEVICE/App/usbd_desc.c ****   */
  59:USB_DEVICE/App/usbd_desc.c **** 
  60:USB_DEVICE/App/usbd_desc.c **** /** @defgroup USBD_DESC_Private_Defines USBD_DESC_Private_Defines
  61:USB_DEVICE/App/usbd_desc.c ****   * @brief Private defines.
  62:USB_DEVICE/App/usbd_desc.c ****   * @{
  63:USB_DEVICE/App/usbd_desc.c ****   */
  64:USB_DEVICE/App/usbd_desc.c **** 
  65:USB_DEVICE/App/usbd_desc.c **** #define USBD_VID     1155
  66:USB_DEVICE/App/usbd_desc.c **** #define USBD_LANGID_STRING     1033
  67:USB_DEVICE/App/usbd_desc.c **** #define USBD_MANUFACTURER_STRING     "STMicroelectronics"
  68:USB_DEVICE/App/usbd_desc.c **** #define USBD_PID_FS     22336
  69:USB_DEVICE/App/usbd_desc.c **** #define USBD_PRODUCT_STRING_FS     "STM32 Virtual ComPort"
  70:USB_DEVICE/App/usbd_desc.c **** #define USBD_CONFIGURATION_STRING_FS     "CDC Config"
  71:USB_DEVICE/App/usbd_desc.c **** #define USBD_INTERFACE_STRING_FS     "CDC Interface"
  72:USB_DEVICE/App/usbd_desc.c **** 
  73:USB_DEVICE/App/usbd_desc.c **** #define USB_SIZ_BOS_DESC            0x0C
  74:USB_DEVICE/App/usbd_desc.c **** 
  75:USB_DEVICE/App/usbd_desc.c **** /* USER CODE BEGIN PRIVATE_DEFINES */
  76:USB_DEVICE/App/usbd_desc.c **** 
  77:USB_DEVICE/App/usbd_desc.c **** /* USER CODE END PRIVATE_DEFINES */
  78:USB_DEVICE/App/usbd_desc.c **** 
  79:USB_DEVICE/App/usbd_desc.c **** /**
  80:USB_DEVICE/App/usbd_desc.c ****   * @}
  81:USB_DEVICE/App/usbd_desc.c ****   */
  82:USB_DEVICE/App/usbd_desc.c **** 
  83:USB_DEVICE/App/usbd_desc.c **** /* USER CODE BEGIN 0 */
  84:USB_DEVICE/App/usbd_desc.c **** 
  85:USB_DEVICE/App/usbd_desc.c **** /* USER CODE END 0 */
  86:USB_DEVICE/App/usbd_desc.c **** 
  87:USB_DEVICE/App/usbd_desc.c **** /** @defgroup USBD_DESC_Private_Macros USBD_DESC_Private_Macros
  88:USB_DEVICE/App/usbd_desc.c ****   * @brief Private macros.
  89:USB_DEVICE/App/usbd_desc.c ****   * @{
  90:USB_DEVICE/App/usbd_desc.c ****   */
  91:USB_DEVICE/App/usbd_desc.c **** 
  92:USB_DEVICE/App/usbd_desc.c **** /* USER CODE BEGIN PRIVATE_MACRO */
  93:USB_DEVICE/App/usbd_desc.c **** 
  94:USB_DEVICE/App/usbd_desc.c **** /* USER CODE END PRIVATE_MACRO */
  95:USB_DEVICE/App/usbd_desc.c **** 
  96:USB_DEVICE/App/usbd_desc.c **** /**
  97:USB_DEVICE/App/usbd_desc.c ****   * @}
  98:USB_DEVICE/App/usbd_desc.c ****   */
  99:USB_DEVICE/App/usbd_desc.c **** 
 100:USB_DEVICE/App/usbd_desc.c **** /** @defgroup USBD_DESC_Private_FunctionPrototypes USBD_DESC_Private_FunctionPrototypes
ARM GAS  C:\Users\EI\AppData\Local\Temp\ccKlJNUb.s 			page 4


 101:USB_DEVICE/App/usbd_desc.c ****   * @brief Private functions declaration.
 102:USB_DEVICE/App/usbd_desc.c ****   * @{
 103:USB_DEVICE/App/usbd_desc.c ****   */
 104:USB_DEVICE/App/usbd_desc.c **** 
 105:USB_DEVICE/App/usbd_desc.c **** static void Get_SerialNum(void);
 106:USB_DEVICE/App/usbd_desc.c **** static void IntToUnicode(uint32_t value, uint8_t * pbuf, uint8_t len);
 107:USB_DEVICE/App/usbd_desc.c **** 
 108:USB_DEVICE/App/usbd_desc.c **** /**
 109:USB_DEVICE/App/usbd_desc.c ****   * @}
 110:USB_DEVICE/App/usbd_desc.c ****   */
 111:USB_DEVICE/App/usbd_desc.c **** 
 112:USB_DEVICE/App/usbd_desc.c **** /** @defgroup USBD_DESC_Private_FunctionPrototypes USBD_DESC_Private_FunctionPrototypes
 113:USB_DEVICE/App/usbd_desc.c ****   * @brief Private functions declaration for FS.
 114:USB_DEVICE/App/usbd_desc.c ****   * @{
 115:USB_DEVICE/App/usbd_desc.c ****   */
 116:USB_DEVICE/App/usbd_desc.c **** 
 117:USB_DEVICE/App/usbd_desc.c **** uint8_t * USBD_FS_DeviceDescriptor(USBD_SpeedTypeDef speed, uint16_t *length);
 118:USB_DEVICE/App/usbd_desc.c **** uint8_t * USBD_FS_LangIDStrDescriptor(USBD_SpeedTypeDef speed, uint16_t *length);
 119:USB_DEVICE/App/usbd_desc.c **** uint8_t * USBD_FS_ManufacturerStrDescriptor(USBD_SpeedTypeDef speed, uint16_t *length);
 120:USB_DEVICE/App/usbd_desc.c **** uint8_t * USBD_FS_ProductStrDescriptor(USBD_SpeedTypeDef speed, uint16_t *length);
 121:USB_DEVICE/App/usbd_desc.c **** uint8_t * USBD_FS_SerialStrDescriptor(USBD_SpeedTypeDef speed, uint16_t *length);
 122:USB_DEVICE/App/usbd_desc.c **** uint8_t * USBD_FS_ConfigStrDescriptor(USBD_SpeedTypeDef speed, uint16_t *length);
 123:USB_DEVICE/App/usbd_desc.c **** uint8_t * USBD_FS_InterfaceStrDescriptor(USBD_SpeedTypeDef speed, uint16_t *length);
 124:USB_DEVICE/App/usbd_desc.c **** #if (USBD_LPM_ENABLED == 1)
 125:USB_DEVICE/App/usbd_desc.c **** uint8_t * USBD_FS_USR_BOSDescriptor(USBD_SpeedTypeDef speed, uint16_t *length);
 126:USB_DEVICE/App/usbd_desc.c **** #endif /* (USBD_LPM_ENABLED == 1) */
 127:USB_DEVICE/App/usbd_desc.c **** 
 128:USB_DEVICE/App/usbd_desc.c **** /**
 129:USB_DEVICE/App/usbd_desc.c ****   * @}
 130:USB_DEVICE/App/usbd_desc.c ****   */
 131:USB_DEVICE/App/usbd_desc.c **** 
 132:USB_DEVICE/App/usbd_desc.c **** /** @defgroup USBD_DESC_Private_Variables USBD_DESC_Private_Variables
 133:USB_DEVICE/App/usbd_desc.c ****   * @brief Private variables.
 134:USB_DEVICE/App/usbd_desc.c ****   * @{
 135:USB_DEVICE/App/usbd_desc.c ****   */
 136:USB_DEVICE/App/usbd_desc.c **** 
 137:USB_DEVICE/App/usbd_desc.c **** USBD_DescriptorsTypeDef FS_Desc =
 138:USB_DEVICE/App/usbd_desc.c **** {
 139:USB_DEVICE/App/usbd_desc.c ****   USBD_FS_DeviceDescriptor
 140:USB_DEVICE/App/usbd_desc.c **** , USBD_FS_LangIDStrDescriptor
 141:USB_DEVICE/App/usbd_desc.c **** , USBD_FS_ManufacturerStrDescriptor
 142:USB_DEVICE/App/usbd_desc.c **** , USBD_FS_ProductStrDescriptor
 143:USB_DEVICE/App/usbd_desc.c **** , USBD_FS_SerialStrDescriptor
 144:USB_DEVICE/App/usbd_desc.c **** , USBD_FS_ConfigStrDescriptor
 145:USB_DEVICE/App/usbd_desc.c **** , USBD_FS_InterfaceStrDescriptor
 146:USB_DEVICE/App/usbd_desc.c **** #if (USBD_LPM_ENABLED == 1)
 147:USB_DEVICE/App/usbd_desc.c **** , USBD_FS_USR_BOSDescriptor
 148:USB_DEVICE/App/usbd_desc.c **** #endif /* (USBD_LPM_ENABLED == 1) */
 149:USB_DEVICE/App/usbd_desc.c **** };
 150:USB_DEVICE/App/usbd_desc.c **** 
 151:USB_DEVICE/App/usbd_desc.c **** #if defined ( __ICCARM__ ) /* IAR Compiler */
 152:USB_DEVICE/App/usbd_desc.c ****   #pragma data_alignment=4
 153:USB_DEVICE/App/usbd_desc.c **** #endif /* defined ( __ICCARM__ ) */
 154:USB_DEVICE/App/usbd_desc.c **** /** USB standard device descriptor. */
 155:USB_DEVICE/App/usbd_desc.c **** __ALIGN_BEGIN uint8_t USBD_FS_DeviceDesc[USB_LEN_DEV_DESC] __ALIGN_END =
 156:USB_DEVICE/App/usbd_desc.c **** {
 157:USB_DEVICE/App/usbd_desc.c ****   0x12,                       /*bLength */
ARM GAS  C:\Users\EI\AppData\Local\Temp\ccKlJNUb.s 			page 5


 158:USB_DEVICE/App/usbd_desc.c ****   USB_DESC_TYPE_DEVICE,       /*bDescriptorType*/
 159:USB_DEVICE/App/usbd_desc.c **** #if (USBD_LPM_ENABLED == 1)
 160:USB_DEVICE/App/usbd_desc.c ****   0x01,                       /*bcdUSB */ /* changed to USB version 2.01
 161:USB_DEVICE/App/usbd_desc.c ****                                              in order to support LPM L1 suspend
 162:USB_DEVICE/App/usbd_desc.c ****                                              resume test of USBCV3.0*/
 163:USB_DEVICE/App/usbd_desc.c **** #else
 164:USB_DEVICE/App/usbd_desc.c ****   0x00,                       /*bcdUSB */
 165:USB_DEVICE/App/usbd_desc.c **** #endif /* (USBD_LPM_ENABLED == 1) */
 166:USB_DEVICE/App/usbd_desc.c ****   0x02,
 167:USB_DEVICE/App/usbd_desc.c ****   0x02,                       /*bDeviceClass*/
 168:USB_DEVICE/App/usbd_desc.c ****   0x02,                       /*bDeviceSubClass*/
 169:USB_DEVICE/App/usbd_desc.c ****   0x00,                       /*bDeviceProtocol*/
 170:USB_DEVICE/App/usbd_desc.c ****   USB_MAX_EP0_SIZE,           /*bMaxPacketSize*/
 171:USB_DEVICE/App/usbd_desc.c ****   LOBYTE(USBD_VID),           /*idVendor*/
 172:USB_DEVICE/App/usbd_desc.c ****   HIBYTE(USBD_VID),           /*idVendor*/
 173:USB_DEVICE/App/usbd_desc.c ****   LOBYTE(USBD_PID_FS),        /*idProduct*/
 174:USB_DEVICE/App/usbd_desc.c ****   HIBYTE(USBD_PID_FS),        /*idProduct*/
 175:USB_DEVICE/App/usbd_desc.c ****   0x00,                       /*bcdDevice rel. 2.00*/
 176:USB_DEVICE/App/usbd_desc.c ****   0x02,
 177:USB_DEVICE/App/usbd_desc.c ****   USBD_IDX_MFC_STR,           /*Index of manufacturer  string*/
 178:USB_DEVICE/App/usbd_desc.c ****   USBD_IDX_PRODUCT_STR,       /*Index of product string*/
 179:USB_DEVICE/App/usbd_desc.c ****   USBD_IDX_SERIAL_STR,        /*Index of serial number string*/
 180:USB_DEVICE/App/usbd_desc.c ****   USBD_MAX_NUM_CONFIGURATION  /*bNumConfigurations*/
 181:USB_DEVICE/App/usbd_desc.c **** };
 182:USB_DEVICE/App/usbd_desc.c **** 
 183:USB_DEVICE/App/usbd_desc.c **** /* USB_DeviceDescriptor */
 184:USB_DEVICE/App/usbd_desc.c **** /** BOS descriptor. */
 185:USB_DEVICE/App/usbd_desc.c **** #if (USBD_LPM_ENABLED == 1)
 186:USB_DEVICE/App/usbd_desc.c **** #if defined ( __ICCARM__ ) /* IAR Compiler */
 187:USB_DEVICE/App/usbd_desc.c ****   #pragma data_alignment=4
 188:USB_DEVICE/App/usbd_desc.c **** #endif /* defined ( __ICCARM__ ) */
 189:USB_DEVICE/App/usbd_desc.c **** __ALIGN_BEGIN uint8_t USBD_FS_BOSDesc[USB_SIZ_BOS_DESC] __ALIGN_END =
 190:USB_DEVICE/App/usbd_desc.c **** {
 191:USB_DEVICE/App/usbd_desc.c ****   0x5,
 192:USB_DEVICE/App/usbd_desc.c ****   USB_DESC_TYPE_BOS,
 193:USB_DEVICE/App/usbd_desc.c ****   0xC,
 194:USB_DEVICE/App/usbd_desc.c ****   0x0,
 195:USB_DEVICE/App/usbd_desc.c ****   0x1,  /* 1 device capability*/
 196:USB_DEVICE/App/usbd_desc.c ****         /* device capability*/
 197:USB_DEVICE/App/usbd_desc.c ****   0x7,
 198:USB_DEVICE/App/usbd_desc.c ****   USB_DEVICE_CAPABITY_TYPE,
 199:USB_DEVICE/App/usbd_desc.c ****   0x2,
 200:USB_DEVICE/App/usbd_desc.c ****   0x2,  /* LPM capability bit set*/
 201:USB_DEVICE/App/usbd_desc.c ****   0x0,
 202:USB_DEVICE/App/usbd_desc.c ****   0x0,
 203:USB_DEVICE/App/usbd_desc.c ****   0x0
 204:USB_DEVICE/App/usbd_desc.c **** };
 205:USB_DEVICE/App/usbd_desc.c **** #endif /* (USBD_LPM_ENABLED == 1) */
 206:USB_DEVICE/App/usbd_desc.c **** 
 207:USB_DEVICE/App/usbd_desc.c **** /**
 208:USB_DEVICE/App/usbd_desc.c ****   * @}
 209:USB_DEVICE/App/usbd_desc.c ****   */
 210:USB_DEVICE/App/usbd_desc.c **** 
 211:USB_DEVICE/App/usbd_desc.c **** /** @defgroup USBD_DESC_Private_Variables USBD_DESC_Private_Variables
 212:USB_DEVICE/App/usbd_desc.c ****   * @brief Private variables.
 213:USB_DEVICE/App/usbd_desc.c ****   * @{
 214:USB_DEVICE/App/usbd_desc.c ****   */
ARM GAS  C:\Users\EI\AppData\Local\Temp\ccKlJNUb.s 			page 6


 215:USB_DEVICE/App/usbd_desc.c **** 
 216:USB_DEVICE/App/usbd_desc.c **** #if defined ( __ICCARM__ ) /* IAR Compiler */
 217:USB_DEVICE/App/usbd_desc.c ****   #pragma data_alignment=4
 218:USB_DEVICE/App/usbd_desc.c **** #endif /* defined ( __ICCARM__ ) */
 219:USB_DEVICE/App/usbd_desc.c **** 
 220:USB_DEVICE/App/usbd_desc.c **** /** USB lang identifier descriptor. */
 221:USB_DEVICE/App/usbd_desc.c **** __ALIGN_BEGIN uint8_t USBD_LangIDDesc[USB_LEN_LANGID_STR_DESC] __ALIGN_END =
 222:USB_DEVICE/App/usbd_desc.c **** {
 223:USB_DEVICE/App/usbd_desc.c ****      USB_LEN_LANGID_STR_DESC,
 224:USB_DEVICE/App/usbd_desc.c ****      USB_DESC_TYPE_STRING,
 225:USB_DEVICE/App/usbd_desc.c ****      LOBYTE(USBD_LANGID_STRING),
 226:USB_DEVICE/App/usbd_desc.c ****      HIBYTE(USBD_LANGID_STRING)
 227:USB_DEVICE/App/usbd_desc.c **** };
 228:USB_DEVICE/App/usbd_desc.c **** 
 229:USB_DEVICE/App/usbd_desc.c **** #if defined ( __ICCARM__ ) /* IAR Compiler */
 230:USB_DEVICE/App/usbd_desc.c ****   #pragma data_alignment=4
 231:USB_DEVICE/App/usbd_desc.c **** #endif /* defined ( __ICCARM__ ) */
 232:USB_DEVICE/App/usbd_desc.c **** /* Internal string descriptor. */
 233:USB_DEVICE/App/usbd_desc.c **** __ALIGN_BEGIN uint8_t USBD_StrDesc[USBD_MAX_STR_DESC_SIZ] __ALIGN_END;
 234:USB_DEVICE/App/usbd_desc.c **** 
 235:USB_DEVICE/App/usbd_desc.c **** #if defined ( __ICCARM__ ) /*!< IAR Compiler */
 236:USB_DEVICE/App/usbd_desc.c ****   #pragma data_alignment=4
 237:USB_DEVICE/App/usbd_desc.c **** #endif
 238:USB_DEVICE/App/usbd_desc.c **** __ALIGN_BEGIN uint8_t USBD_StringSerial[USB_SIZ_STRING_SERIAL] __ALIGN_END = {
 239:USB_DEVICE/App/usbd_desc.c ****   USB_SIZ_STRING_SERIAL,
 240:USB_DEVICE/App/usbd_desc.c ****   USB_DESC_TYPE_STRING,
 241:USB_DEVICE/App/usbd_desc.c **** };
 242:USB_DEVICE/App/usbd_desc.c **** 
 243:USB_DEVICE/App/usbd_desc.c **** /**
 244:USB_DEVICE/App/usbd_desc.c ****   * @}
 245:USB_DEVICE/App/usbd_desc.c ****   */
 246:USB_DEVICE/App/usbd_desc.c **** 
 247:USB_DEVICE/App/usbd_desc.c **** /** @defgroup USBD_DESC_Private_Functions USBD_DESC_Private_Functions
 248:USB_DEVICE/App/usbd_desc.c ****   * @brief Private functions.
 249:USB_DEVICE/App/usbd_desc.c ****   * @{
 250:USB_DEVICE/App/usbd_desc.c ****   */
 251:USB_DEVICE/App/usbd_desc.c **** 
 252:USB_DEVICE/App/usbd_desc.c **** /**
 253:USB_DEVICE/App/usbd_desc.c ****   * @brief  Return the device descriptor
 254:USB_DEVICE/App/usbd_desc.c ****   * @param  speed : Current device speed
 255:USB_DEVICE/App/usbd_desc.c ****   * @param  length : Pointer to data length variable
 256:USB_DEVICE/App/usbd_desc.c ****   * @retval Pointer to descriptor buffer
 257:USB_DEVICE/App/usbd_desc.c ****   */
 258:USB_DEVICE/App/usbd_desc.c **** uint8_t * USBD_FS_DeviceDescriptor(USBD_SpeedTypeDef speed, uint16_t *length)
 259:USB_DEVICE/App/usbd_desc.c **** {
  72              		.loc 1 259 1
  73              		.cfi_startproc
  74              		@ args = 0, pretend = 0, frame = 8
  75              		@ frame_needed = 1, uses_anonymous_args = 0
  76              		@ link register save eliminated.
  77 0000 80B4     		push	{r7}
  78              	.LCFI0:
  79              		.cfi_def_cfa_offset 4
  80              		.cfi_offset 7, -4
  81 0002 83B0     		sub	sp, sp, #12
  82              	.LCFI1:
  83              		.cfi_def_cfa_offset 16
ARM GAS  C:\Users\EI\AppData\Local\Temp\ccKlJNUb.s 			page 7


  84 0004 00AF     		add	r7, sp, #0
  85              	.LCFI2:
  86              		.cfi_def_cfa_register 7
  87 0006 0346     		mov	r3, r0
  88 0008 3960     		str	r1, [r7]
  89 000a FB71     		strb	r3, [r7, #7]
 260:USB_DEVICE/App/usbd_desc.c ****   UNUSED(speed);
 261:USB_DEVICE/App/usbd_desc.c ****   *length = sizeof(USBD_FS_DeviceDesc);
  90              		.loc 1 261 11
  91 000c 3B68     		ldr	r3, [r7]
  92 000e 1222     		movs	r2, #18
  93 0010 1A80     		strh	r2, [r3]	@ movhi
 262:USB_DEVICE/App/usbd_desc.c ****   return USBD_FS_DeviceDesc;
  94              		.loc 1 262 10
  95 0012 034B     		ldr	r3, .L3
 263:USB_DEVICE/App/usbd_desc.c **** }
  96              		.loc 1 263 1
  97 0014 1846     		mov	r0, r3
  98 0016 0C37     		adds	r7, r7, #12
  99              	.LCFI3:
 100              		.cfi_def_cfa_offset 4
 101 0018 BD46     		mov	sp, r7
 102              	.LCFI4:
 103              		.cfi_def_cfa_register 13
 104              		@ sp needed
 105 001a 5DF8047B 		ldr	r7, [sp], #4
 106              	.LCFI5:
 107              		.cfi_restore 7
 108              		.cfi_def_cfa_offset 0
 109 001e 7047     		bx	lr
 110              	.L4:
 111              		.align	2
 112              	.L3:
 113 0020 00000000 		.word	USBD_FS_DeviceDesc
 114              		.cfi_endproc
 115              	.LFE220:
 117              		.section	.text.USBD_FS_LangIDStrDescriptor,"ax",%progbits
 118              		.align	1
 119              		.global	USBD_FS_LangIDStrDescriptor
 120              		.syntax unified
 121              		.thumb
 122              		.thumb_func
 123              		.fpu fpv4-sp-d16
 125              	USBD_FS_LangIDStrDescriptor:
 126              	.LFB221:
 264:USB_DEVICE/App/usbd_desc.c **** 
 265:USB_DEVICE/App/usbd_desc.c **** /**
 266:USB_DEVICE/App/usbd_desc.c ****   * @brief  Return the LangID string descriptor
 267:USB_DEVICE/App/usbd_desc.c ****   * @param  speed : Current device speed
 268:USB_DEVICE/App/usbd_desc.c ****   * @param  length : Pointer to data length variable
 269:USB_DEVICE/App/usbd_desc.c ****   * @retval Pointer to descriptor buffer
 270:USB_DEVICE/App/usbd_desc.c ****   */
 271:USB_DEVICE/App/usbd_desc.c **** uint8_t * USBD_FS_LangIDStrDescriptor(USBD_SpeedTypeDef speed, uint16_t *length)
 272:USB_DEVICE/App/usbd_desc.c **** {
 127              		.loc 1 272 1
 128              		.cfi_startproc
 129              		@ args = 0, pretend = 0, frame = 8
ARM GAS  C:\Users\EI\AppData\Local\Temp\ccKlJNUb.s 			page 8


 130              		@ frame_needed = 1, uses_anonymous_args = 0
 131              		@ link register save eliminated.
 132 0000 80B4     		push	{r7}
 133              	.LCFI6:
 134              		.cfi_def_cfa_offset 4
 135              		.cfi_offset 7, -4
 136 0002 83B0     		sub	sp, sp, #12
 137              	.LCFI7:
 138              		.cfi_def_cfa_offset 16
 139 0004 00AF     		add	r7, sp, #0
 140              	.LCFI8:
 141              		.cfi_def_cfa_register 7
 142 0006 0346     		mov	r3, r0
 143 0008 3960     		str	r1, [r7]
 144 000a FB71     		strb	r3, [r7, #7]
 273:USB_DEVICE/App/usbd_desc.c ****   UNUSED(speed);
 274:USB_DEVICE/App/usbd_desc.c ****   *length = sizeof(USBD_LangIDDesc);
 145              		.loc 1 274 11
 146 000c 3B68     		ldr	r3, [r7]
 147 000e 0422     		movs	r2, #4
 148 0010 1A80     		strh	r2, [r3]	@ movhi
 275:USB_DEVICE/App/usbd_desc.c ****   return USBD_LangIDDesc;
 149              		.loc 1 275 10
 150 0012 034B     		ldr	r3, .L7
 276:USB_DEVICE/App/usbd_desc.c **** }
 151              		.loc 1 276 1
 152 0014 1846     		mov	r0, r3
 153 0016 0C37     		adds	r7, r7, #12
 154              	.LCFI9:
 155              		.cfi_def_cfa_offset 4
 156 0018 BD46     		mov	sp, r7
 157              	.LCFI10:
 158              		.cfi_def_cfa_register 13
 159              		@ sp needed
 160 001a 5DF8047B 		ldr	r7, [sp], #4
 161              	.LCFI11:
 162              		.cfi_restore 7
 163              		.cfi_def_cfa_offset 0
 164 001e 7047     		bx	lr
 165              	.L8:
 166              		.align	2
 167              	.L7:
 168 0020 00000000 		.word	USBD_LangIDDesc
 169              		.cfi_endproc
 170              	.LFE221:
 172              		.section	.rodata
 173              		.align	2
 174              	.LC0:
 175 0000 53544D33 		.ascii	"STM32 Virtual ComPort\000"
 175      32205669 
 175      72747561 
 175      6C20436F 
 175      6D506F72 
 176              		.section	.text.USBD_FS_ProductStrDescriptor,"ax",%progbits
 177              		.align	1
 178              		.global	USBD_FS_ProductStrDescriptor
 179              		.syntax unified
ARM GAS  C:\Users\EI\AppData\Local\Temp\ccKlJNUb.s 			page 9


 180              		.thumb
 181              		.thumb_func
 182              		.fpu fpv4-sp-d16
 184              	USBD_FS_ProductStrDescriptor:
 185              	.LFB222:
 277:USB_DEVICE/App/usbd_desc.c **** 
 278:USB_DEVICE/App/usbd_desc.c **** /**
 279:USB_DEVICE/App/usbd_desc.c ****   * @brief  Return the product string descriptor
 280:USB_DEVICE/App/usbd_desc.c ****   * @param  speed : Current device speed
 281:USB_DEVICE/App/usbd_desc.c ****   * @param  length : Pointer to data length variable
 282:USB_DEVICE/App/usbd_desc.c ****   * @retval Pointer to descriptor buffer
 283:USB_DEVICE/App/usbd_desc.c ****   */
 284:USB_DEVICE/App/usbd_desc.c **** uint8_t * USBD_FS_ProductStrDescriptor(USBD_SpeedTypeDef speed, uint16_t *length)
 285:USB_DEVICE/App/usbd_desc.c **** {
 186              		.loc 1 285 1
 187              		.cfi_startproc
 188              		@ args = 0, pretend = 0, frame = 8
 189              		@ frame_needed = 1, uses_anonymous_args = 0
 190 0000 80B5     		push	{r7, lr}
 191              	.LCFI12:
 192              		.cfi_def_cfa_offset 8
 193              		.cfi_offset 7, -8
 194              		.cfi_offset 14, -4
 195 0002 82B0     		sub	sp, sp, #8
 196              	.LCFI13:
 197              		.cfi_def_cfa_offset 16
 198 0004 00AF     		add	r7, sp, #0
 199              	.LCFI14:
 200              		.cfi_def_cfa_register 7
 201 0006 0346     		mov	r3, r0
 202 0008 3960     		str	r1, [r7]
 203 000a FB71     		strb	r3, [r7, #7]
 286:USB_DEVICE/App/usbd_desc.c ****   if(speed == 0)
 204              		.loc 1 286 5
 205 000c FB79     		ldrb	r3, [r7, #7]	@ zero_extendqisi2
 206 000e 002B     		cmp	r3, #0
 207 0010 05D1     		bne	.L10
 287:USB_DEVICE/App/usbd_desc.c ****   {
 288:USB_DEVICE/App/usbd_desc.c ****     USBD_GetString((uint8_t *)USBD_PRODUCT_STRING_FS, USBD_StrDesc, length);
 208              		.loc 1 288 5
 209 0012 3A68     		ldr	r2, [r7]
 210 0014 0749     		ldr	r1, .L13
 211 0016 0848     		ldr	r0, .L13+4
 212 0018 FFF7FEFF 		bl	USBD_GetString
 213 001c 04E0     		b	.L11
 214              	.L10:
 289:USB_DEVICE/App/usbd_desc.c ****   }
 290:USB_DEVICE/App/usbd_desc.c ****   else
 291:USB_DEVICE/App/usbd_desc.c ****   {
 292:USB_DEVICE/App/usbd_desc.c ****     USBD_GetString((uint8_t *)USBD_PRODUCT_STRING_FS, USBD_StrDesc, length);
 215              		.loc 1 292 5
 216 001e 3A68     		ldr	r2, [r7]
 217 0020 0449     		ldr	r1, .L13
 218 0022 0548     		ldr	r0, .L13+4
 219 0024 FFF7FEFF 		bl	USBD_GetString
 220              	.L11:
 293:USB_DEVICE/App/usbd_desc.c ****   }
ARM GAS  C:\Users\EI\AppData\Local\Temp\ccKlJNUb.s 			page 10


 294:USB_DEVICE/App/usbd_desc.c ****   return USBD_StrDesc;
 221              		.loc 1 294 10
 222 0028 024B     		ldr	r3, .L13
 295:USB_DEVICE/App/usbd_desc.c **** }
 223              		.loc 1 295 1
 224 002a 1846     		mov	r0, r3
 225 002c 0837     		adds	r7, r7, #8
 226              	.LCFI15:
 227              		.cfi_def_cfa_offset 8
 228 002e BD46     		mov	sp, r7
 229              	.LCFI16:
 230              		.cfi_def_cfa_register 13
 231              		@ sp needed
 232 0030 80BD     		pop	{r7, pc}
 233              	.L14:
 234 0032 00BF     		.align	2
 235              	.L13:
 236 0034 00000000 		.word	USBD_StrDesc
 237 0038 00000000 		.word	.LC0
 238              		.cfi_endproc
 239              	.LFE222:
 241              		.section	.rodata
 242 0016 0000     		.align	2
 243              	.LC1:
 244 0018 53544D69 		.ascii	"STMicroelectronics\000"
 244      63726F65 
 244      6C656374 
 244      726F6E69 
 244      637300
 245              		.section	.text.USBD_FS_ManufacturerStrDescriptor,"ax",%progbits
 246              		.align	1
 247              		.global	USBD_FS_ManufacturerStrDescriptor
 248              		.syntax unified
 249              		.thumb
 250              		.thumb_func
 251              		.fpu fpv4-sp-d16
 253              	USBD_FS_ManufacturerStrDescriptor:
 254              	.LFB223:
 296:USB_DEVICE/App/usbd_desc.c **** 
 297:USB_DEVICE/App/usbd_desc.c **** /**
 298:USB_DEVICE/App/usbd_desc.c ****   * @brief  Return the manufacturer string descriptor
 299:USB_DEVICE/App/usbd_desc.c ****   * @param  speed : Current device speed
 300:USB_DEVICE/App/usbd_desc.c ****   * @param  length : Pointer to data length variable
 301:USB_DEVICE/App/usbd_desc.c ****   * @retval Pointer to descriptor buffer
 302:USB_DEVICE/App/usbd_desc.c ****   */
 303:USB_DEVICE/App/usbd_desc.c **** uint8_t * USBD_FS_ManufacturerStrDescriptor(USBD_SpeedTypeDef speed, uint16_t *length)
 304:USB_DEVICE/App/usbd_desc.c **** {
 255              		.loc 1 304 1
 256              		.cfi_startproc
 257              		@ args = 0, pretend = 0, frame = 8
 258              		@ frame_needed = 1, uses_anonymous_args = 0
 259 0000 80B5     		push	{r7, lr}
 260              	.LCFI17:
 261              		.cfi_def_cfa_offset 8
 262              		.cfi_offset 7, -8
 263              		.cfi_offset 14, -4
 264 0002 82B0     		sub	sp, sp, #8
ARM GAS  C:\Users\EI\AppData\Local\Temp\ccKlJNUb.s 			page 11


 265              	.LCFI18:
 266              		.cfi_def_cfa_offset 16
 267 0004 00AF     		add	r7, sp, #0
 268              	.LCFI19:
 269              		.cfi_def_cfa_register 7
 270 0006 0346     		mov	r3, r0
 271 0008 3960     		str	r1, [r7]
 272 000a FB71     		strb	r3, [r7, #7]
 305:USB_DEVICE/App/usbd_desc.c ****   UNUSED(speed);
 306:USB_DEVICE/App/usbd_desc.c ****   USBD_GetString((uint8_t *)USBD_MANUFACTURER_STRING, USBD_StrDesc, length);
 273              		.loc 1 306 3
 274 000c 3A68     		ldr	r2, [r7]
 275 000e 0449     		ldr	r1, .L17
 276 0010 0448     		ldr	r0, .L17+4
 277 0012 FFF7FEFF 		bl	USBD_GetString
 307:USB_DEVICE/App/usbd_desc.c ****   return USBD_StrDesc;
 278              		.loc 1 307 10
 279 0016 024B     		ldr	r3, .L17
 308:USB_DEVICE/App/usbd_desc.c **** }
 280              		.loc 1 308 1
 281 0018 1846     		mov	r0, r3
 282 001a 0837     		adds	r7, r7, #8
 283              	.LCFI20:
 284              		.cfi_def_cfa_offset 8
 285 001c BD46     		mov	sp, r7
 286              	.LCFI21:
 287              		.cfi_def_cfa_register 13
 288              		@ sp needed
 289 001e 80BD     		pop	{r7, pc}
 290              	.L18:
 291              		.align	2
 292              	.L17:
 293 0020 00000000 		.word	USBD_StrDesc
 294 0024 18000000 		.word	.LC1
 295              		.cfi_endproc
 296              	.LFE223:
 298              		.section	.text.USBD_FS_SerialStrDescriptor,"ax",%progbits
 299              		.align	1
 300              		.global	USBD_FS_SerialStrDescriptor
 301              		.syntax unified
 302              		.thumb
 303              		.thumb_func
 304              		.fpu fpv4-sp-d16
 306              	USBD_FS_SerialStrDescriptor:
 307              	.LFB224:
 309:USB_DEVICE/App/usbd_desc.c **** 
 310:USB_DEVICE/App/usbd_desc.c **** /**
 311:USB_DEVICE/App/usbd_desc.c ****   * @brief  Return the serial number string descriptor
 312:USB_DEVICE/App/usbd_desc.c ****   * @param  speed : Current device speed
 313:USB_DEVICE/App/usbd_desc.c ****   * @param  length : Pointer to data length variable
 314:USB_DEVICE/App/usbd_desc.c ****   * @retval Pointer to descriptor buffer
 315:USB_DEVICE/App/usbd_desc.c ****   */
 316:USB_DEVICE/App/usbd_desc.c **** uint8_t * USBD_FS_SerialStrDescriptor(USBD_SpeedTypeDef speed, uint16_t *length)
 317:USB_DEVICE/App/usbd_desc.c **** {
 308              		.loc 1 317 1
 309              		.cfi_startproc
 310              		@ args = 0, pretend = 0, frame = 8
ARM GAS  C:\Users\EI\AppData\Local\Temp\ccKlJNUb.s 			page 12


 311              		@ frame_needed = 1, uses_anonymous_args = 0
 312 0000 80B5     		push	{r7, lr}
 313              	.LCFI22:
 314              		.cfi_def_cfa_offset 8
 315              		.cfi_offset 7, -8
 316              		.cfi_offset 14, -4
 317 0002 82B0     		sub	sp, sp, #8
 318              	.LCFI23:
 319              		.cfi_def_cfa_offset 16
 320 0004 00AF     		add	r7, sp, #0
 321              	.LCFI24:
 322              		.cfi_def_cfa_register 7
 323 0006 0346     		mov	r3, r0
 324 0008 3960     		str	r1, [r7]
 325 000a FB71     		strb	r3, [r7, #7]
 318:USB_DEVICE/App/usbd_desc.c ****   UNUSED(speed);
 319:USB_DEVICE/App/usbd_desc.c ****   *length = USB_SIZ_STRING_SERIAL;
 326              		.loc 1 319 11
 327 000c 3B68     		ldr	r3, [r7]
 328 000e 1A22     		movs	r2, #26
 329 0010 1A80     		strh	r2, [r3]	@ movhi
 320:USB_DEVICE/App/usbd_desc.c **** 
 321:USB_DEVICE/App/usbd_desc.c ****   /* Update the serial number string descriptor with the data from the unique
 322:USB_DEVICE/App/usbd_desc.c ****    * ID */
 323:USB_DEVICE/App/usbd_desc.c ****   Get_SerialNum();
 330              		.loc 1 323 3
 331 0012 FFF7FEFF 		bl	Get_SerialNum
 324:USB_DEVICE/App/usbd_desc.c ****   /* USER CODE BEGIN USBD_FS_SerialStrDescriptor */
 325:USB_DEVICE/App/usbd_desc.c **** 
 326:USB_DEVICE/App/usbd_desc.c ****   /* USER CODE END USBD_FS_SerialStrDescriptor */
 327:USB_DEVICE/App/usbd_desc.c ****   return (uint8_t *) USBD_StringSerial;
 332              		.loc 1 327 10
 333 0016 024B     		ldr	r3, .L21
 328:USB_DEVICE/App/usbd_desc.c **** }
 334              		.loc 1 328 1
 335 0018 1846     		mov	r0, r3
 336 001a 0837     		adds	r7, r7, #8
 337              	.LCFI25:
 338              		.cfi_def_cfa_offset 8
 339 001c BD46     		mov	sp, r7
 340              	.LCFI26:
 341              		.cfi_def_cfa_register 13
 342              		@ sp needed
 343 001e 80BD     		pop	{r7, pc}
 344              	.L22:
 345              		.align	2
 346              	.L21:
 347 0020 00000000 		.word	USBD_StringSerial
 348              		.cfi_endproc
 349              	.LFE224:
 351              		.section	.rodata
 352 002b 00       		.align	2
 353              	.LC2:
 354 002c 43444320 		.ascii	"CDC Config\000"
 354      436F6E66 
 354      696700
 355              		.section	.text.USBD_FS_ConfigStrDescriptor,"ax",%progbits
ARM GAS  C:\Users\EI\AppData\Local\Temp\ccKlJNUb.s 			page 13


 356              		.align	1
 357              		.global	USBD_FS_ConfigStrDescriptor
 358              		.syntax unified
 359              		.thumb
 360              		.thumb_func
 361              		.fpu fpv4-sp-d16
 363              	USBD_FS_ConfigStrDescriptor:
 364              	.LFB225:
 329:USB_DEVICE/App/usbd_desc.c **** 
 330:USB_DEVICE/App/usbd_desc.c **** /**
 331:USB_DEVICE/App/usbd_desc.c ****   * @brief  Return the configuration string descriptor
 332:USB_DEVICE/App/usbd_desc.c ****   * @param  speed : Current device speed
 333:USB_DEVICE/App/usbd_desc.c ****   * @param  length : Pointer to data length variable
 334:USB_DEVICE/App/usbd_desc.c ****   * @retval Pointer to descriptor buffer
 335:USB_DEVICE/App/usbd_desc.c ****   */
 336:USB_DEVICE/App/usbd_desc.c **** uint8_t * USBD_FS_ConfigStrDescriptor(USBD_SpeedTypeDef speed, uint16_t *length)
 337:USB_DEVICE/App/usbd_desc.c **** {
 365              		.loc 1 337 1
 366              		.cfi_startproc
 367              		@ args = 0, pretend = 0, frame = 8
 368              		@ frame_needed = 1, uses_anonymous_args = 0
 369 0000 80B5     		push	{r7, lr}
 370              	.LCFI27:
 371              		.cfi_def_cfa_offset 8
 372              		.cfi_offset 7, -8
 373              		.cfi_offset 14, -4
 374 0002 82B0     		sub	sp, sp, #8
 375              	.LCFI28:
 376              		.cfi_def_cfa_offset 16
 377 0004 00AF     		add	r7, sp, #0
 378              	.LCFI29:
 379              		.cfi_def_cfa_register 7
 380 0006 0346     		mov	r3, r0
 381 0008 3960     		str	r1, [r7]
 382 000a FB71     		strb	r3, [r7, #7]
 338:USB_DEVICE/App/usbd_desc.c ****   if(speed == USBD_SPEED_HIGH)
 383              		.loc 1 338 5
 384 000c FB79     		ldrb	r3, [r7, #7]	@ zero_extendqisi2
 385 000e 002B     		cmp	r3, #0
 386 0010 05D1     		bne	.L24
 339:USB_DEVICE/App/usbd_desc.c ****   {
 340:USB_DEVICE/App/usbd_desc.c ****     USBD_GetString((uint8_t *)USBD_CONFIGURATION_STRING_FS, USBD_StrDesc, length);
 387              		.loc 1 340 5
 388 0012 3A68     		ldr	r2, [r7]
 389 0014 0749     		ldr	r1, .L27
 390 0016 0848     		ldr	r0, .L27+4
 391 0018 FFF7FEFF 		bl	USBD_GetString
 392 001c 04E0     		b	.L25
 393              	.L24:
 341:USB_DEVICE/App/usbd_desc.c ****   }
 342:USB_DEVICE/App/usbd_desc.c ****   else
 343:USB_DEVICE/App/usbd_desc.c ****   {
 344:USB_DEVICE/App/usbd_desc.c ****     USBD_GetString((uint8_t *)USBD_CONFIGURATION_STRING_FS, USBD_StrDesc, length);
 394              		.loc 1 344 5
 395 001e 3A68     		ldr	r2, [r7]
 396 0020 0449     		ldr	r1, .L27
 397 0022 0548     		ldr	r0, .L27+4
ARM GAS  C:\Users\EI\AppData\Local\Temp\ccKlJNUb.s 			page 14


 398 0024 FFF7FEFF 		bl	USBD_GetString
 399              	.L25:
 345:USB_DEVICE/App/usbd_desc.c ****   }
 346:USB_DEVICE/App/usbd_desc.c ****   return USBD_StrDesc;
 400              		.loc 1 346 10
 401 0028 024B     		ldr	r3, .L27
 347:USB_DEVICE/App/usbd_desc.c **** }
 402              		.loc 1 347 1
 403 002a 1846     		mov	r0, r3
 404 002c 0837     		adds	r7, r7, #8
 405              	.LCFI30:
 406              		.cfi_def_cfa_offset 8
 407 002e BD46     		mov	sp, r7
 408              	.LCFI31:
 409              		.cfi_def_cfa_register 13
 410              		@ sp needed
 411 0030 80BD     		pop	{r7, pc}
 412              	.L28:
 413 0032 00BF     		.align	2
 414              	.L27:
 415 0034 00000000 		.word	USBD_StrDesc
 416 0038 2C000000 		.word	.LC2
 417              		.cfi_endproc
 418              	.LFE225:
 420              		.section	.rodata
 421 0037 00       		.align	2
 422              	.LC3:
 423 0038 43444320 		.ascii	"CDC Interface\000"
 423      496E7465 
 423      72666163 
 423      6500
 424              		.section	.text.USBD_FS_InterfaceStrDescriptor,"ax",%progbits
 425              		.align	1
 426              		.global	USBD_FS_InterfaceStrDescriptor
 427              		.syntax unified
 428              		.thumb
 429              		.thumb_func
 430              		.fpu fpv4-sp-d16
 432              	USBD_FS_InterfaceStrDescriptor:
 433              	.LFB226:
 348:USB_DEVICE/App/usbd_desc.c **** 
 349:USB_DEVICE/App/usbd_desc.c **** /**
 350:USB_DEVICE/App/usbd_desc.c ****   * @brief  Return the interface string descriptor
 351:USB_DEVICE/App/usbd_desc.c ****   * @param  speed : Current device speed
 352:USB_DEVICE/App/usbd_desc.c ****   * @param  length : Pointer to data length variable
 353:USB_DEVICE/App/usbd_desc.c ****   * @retval Pointer to descriptor buffer
 354:USB_DEVICE/App/usbd_desc.c ****   */
 355:USB_DEVICE/App/usbd_desc.c **** uint8_t * USBD_FS_InterfaceStrDescriptor(USBD_SpeedTypeDef speed, uint16_t *length)
 356:USB_DEVICE/App/usbd_desc.c **** {
 434              		.loc 1 356 1
 435              		.cfi_startproc
 436              		@ args = 0, pretend = 0, frame = 8
 437              		@ frame_needed = 1, uses_anonymous_args = 0
 438 0000 80B5     		push	{r7, lr}
 439              	.LCFI32:
 440              		.cfi_def_cfa_offset 8
 441              		.cfi_offset 7, -8
ARM GAS  C:\Users\EI\AppData\Local\Temp\ccKlJNUb.s 			page 15


 442              		.cfi_offset 14, -4
 443 0002 82B0     		sub	sp, sp, #8
 444              	.LCFI33:
 445              		.cfi_def_cfa_offset 16
 446 0004 00AF     		add	r7, sp, #0
 447              	.LCFI34:
 448              		.cfi_def_cfa_register 7
 449 0006 0346     		mov	r3, r0
 450 0008 3960     		str	r1, [r7]
 451 000a FB71     		strb	r3, [r7, #7]
 357:USB_DEVICE/App/usbd_desc.c ****   if(speed == 0)
 452              		.loc 1 357 5
 453 000c FB79     		ldrb	r3, [r7, #7]	@ zero_extendqisi2
 454 000e 002B     		cmp	r3, #0
 455 0010 05D1     		bne	.L30
 358:USB_DEVICE/App/usbd_desc.c ****   {
 359:USB_DEVICE/App/usbd_desc.c ****     USBD_GetString((uint8_t *)USBD_INTERFACE_STRING_FS, USBD_StrDesc, length);
 456              		.loc 1 359 5
 457 0012 3A68     		ldr	r2, [r7]
 458 0014 0749     		ldr	r1, .L33
 459 0016 0848     		ldr	r0, .L33+4
 460 0018 FFF7FEFF 		bl	USBD_GetString
 461 001c 04E0     		b	.L31
 462              	.L30:
 360:USB_DEVICE/App/usbd_desc.c ****   }
 361:USB_DEVICE/App/usbd_desc.c ****   else
 362:USB_DEVICE/App/usbd_desc.c ****   {
 363:USB_DEVICE/App/usbd_desc.c ****     USBD_GetString((uint8_t *)USBD_INTERFACE_STRING_FS, USBD_StrDesc, length);
 463              		.loc 1 363 5
 464 001e 3A68     		ldr	r2, [r7]
 465 0020 0449     		ldr	r1, .L33
 466 0022 0548     		ldr	r0, .L33+4
 467 0024 FFF7FEFF 		bl	USBD_GetString
 468              	.L31:
 364:USB_DEVICE/App/usbd_desc.c ****   }
 365:USB_DEVICE/App/usbd_desc.c ****   return USBD_StrDesc;
 469              		.loc 1 365 10
 470 0028 024B     		ldr	r3, .L33
 366:USB_DEVICE/App/usbd_desc.c **** }
 471              		.loc 1 366 1
 472 002a 1846     		mov	r0, r3
 473 002c 0837     		adds	r7, r7, #8
 474              	.LCFI35:
 475              		.cfi_def_cfa_offset 8
 476 002e BD46     		mov	sp, r7
 477              	.LCFI36:
 478              		.cfi_def_cfa_register 13
 479              		@ sp needed
 480 0030 80BD     		pop	{r7, pc}
 481              	.L34:
 482 0032 00BF     		.align	2
 483              	.L33:
 484 0034 00000000 		.word	USBD_StrDesc
 485 0038 38000000 		.word	.LC3
 486              		.cfi_endproc
 487              	.LFE226:
 489              		.section	.text.Get_SerialNum,"ax",%progbits
ARM GAS  C:\Users\EI\AppData\Local\Temp\ccKlJNUb.s 			page 16


 490              		.align	1
 491              		.syntax unified
 492              		.thumb
 493              		.thumb_func
 494              		.fpu fpv4-sp-d16
 496              	Get_SerialNum:
 497              	.LFB227:
 367:USB_DEVICE/App/usbd_desc.c **** 
 368:USB_DEVICE/App/usbd_desc.c **** #if (USBD_LPM_ENABLED == 1)
 369:USB_DEVICE/App/usbd_desc.c **** /**
 370:USB_DEVICE/App/usbd_desc.c ****   * @brief  Return the BOS descriptor
 371:USB_DEVICE/App/usbd_desc.c ****   * @param  speed : Current device speed
 372:USB_DEVICE/App/usbd_desc.c ****   * @param  length : Pointer to data length variable
 373:USB_DEVICE/App/usbd_desc.c ****   * @retval Pointer to descriptor buffer
 374:USB_DEVICE/App/usbd_desc.c ****   */
 375:USB_DEVICE/App/usbd_desc.c **** uint8_t * USBD_FS_USR_BOSDescriptor(USBD_SpeedTypeDef speed, uint16_t *length)
 376:USB_DEVICE/App/usbd_desc.c **** {
 377:USB_DEVICE/App/usbd_desc.c ****   UNUSED(speed);
 378:USB_DEVICE/App/usbd_desc.c ****   *length = sizeof(USBD_FS_BOSDesc);
 379:USB_DEVICE/App/usbd_desc.c ****   return (uint8_t*)USBD_FS_BOSDesc;
 380:USB_DEVICE/App/usbd_desc.c **** }
 381:USB_DEVICE/App/usbd_desc.c **** #endif /* (USBD_LPM_ENABLED == 1) */
 382:USB_DEVICE/App/usbd_desc.c **** 
 383:USB_DEVICE/App/usbd_desc.c **** /**
 384:USB_DEVICE/App/usbd_desc.c ****   * @brief  Create the serial number string descriptor
 385:USB_DEVICE/App/usbd_desc.c ****   * @param  None
 386:USB_DEVICE/App/usbd_desc.c ****   * @retval None
 387:USB_DEVICE/App/usbd_desc.c ****   */
 388:USB_DEVICE/App/usbd_desc.c **** static void Get_SerialNum(void)
 389:USB_DEVICE/App/usbd_desc.c **** {
 498              		.loc 1 389 1
 499              		.cfi_startproc
 500              		@ args = 0, pretend = 0, frame = 16
 501              		@ frame_needed = 1, uses_anonymous_args = 0
 502 0000 80B5     		push	{r7, lr}
 503              	.LCFI37:
 504              		.cfi_def_cfa_offset 8
 505              		.cfi_offset 7, -8
 506              		.cfi_offset 14, -4
 507 0002 84B0     		sub	sp, sp, #16
 508              	.LCFI38:
 509              		.cfi_def_cfa_offset 24
 510 0004 00AF     		add	r7, sp, #0
 511              	.LCFI39:
 512              		.cfi_def_cfa_register 7
 390:USB_DEVICE/App/usbd_desc.c ****   uint32_t deviceserial0, deviceserial1, deviceserial2;
 391:USB_DEVICE/App/usbd_desc.c **** 
 392:USB_DEVICE/App/usbd_desc.c ****   deviceserial0 = *(uint32_t *) DEVICE_ID1;
 513              		.loc 1 392 19
 514 0006 0F4B     		ldr	r3, .L38
 515              		.loc 1 392 17
 516 0008 1B68     		ldr	r3, [r3]
 517 000a FB60     		str	r3, [r7, #12]
 393:USB_DEVICE/App/usbd_desc.c ****   deviceserial1 = *(uint32_t *) DEVICE_ID2;
 518              		.loc 1 393 19
 519 000c 0E4B     		ldr	r3, .L38+4
 520              		.loc 1 393 17
ARM GAS  C:\Users\EI\AppData\Local\Temp\ccKlJNUb.s 			page 17


 521 000e 1B68     		ldr	r3, [r3]
 522 0010 BB60     		str	r3, [r7, #8]
 394:USB_DEVICE/App/usbd_desc.c ****   deviceserial2 = *(uint32_t *) DEVICE_ID3;
 523              		.loc 1 394 19
 524 0012 0E4B     		ldr	r3, .L38+8
 525              		.loc 1 394 17
 526 0014 1B68     		ldr	r3, [r3]
 527 0016 7B60     		str	r3, [r7, #4]
 395:USB_DEVICE/App/usbd_desc.c **** 
 396:USB_DEVICE/App/usbd_desc.c ****   deviceserial0 += deviceserial2;
 528              		.loc 1 396 17
 529 0018 FA68     		ldr	r2, [r7, #12]
 530 001a 7B68     		ldr	r3, [r7, #4]
 531 001c 1344     		add	r3, r3, r2
 532 001e FB60     		str	r3, [r7, #12]
 397:USB_DEVICE/App/usbd_desc.c **** 
 398:USB_DEVICE/App/usbd_desc.c ****   if (deviceserial0 != 0)
 533              		.loc 1 398 6
 534 0020 FB68     		ldr	r3, [r7, #12]
 535 0022 002B     		cmp	r3, #0
 536 0024 09D0     		beq	.L37
 399:USB_DEVICE/App/usbd_desc.c ****   {
 400:USB_DEVICE/App/usbd_desc.c ****     IntToUnicode(deviceserial0, &USBD_StringSerial[2], 8);
 537              		.loc 1 400 5
 538 0026 0822     		movs	r2, #8
 539 0028 0949     		ldr	r1, .L38+12
 540 002a F868     		ldr	r0, [r7, #12]
 541 002c FFF7FEFF 		bl	IntToUnicode
 401:USB_DEVICE/App/usbd_desc.c ****     IntToUnicode(deviceserial1, &USBD_StringSerial[18], 4);
 542              		.loc 1 401 5
 543 0030 0422     		movs	r2, #4
 544 0032 0849     		ldr	r1, .L38+16
 545 0034 B868     		ldr	r0, [r7, #8]
 546 0036 FFF7FEFF 		bl	IntToUnicode
 547              	.L37:
 402:USB_DEVICE/App/usbd_desc.c ****   }
 403:USB_DEVICE/App/usbd_desc.c **** }
 548              		.loc 1 403 1
 549 003a 00BF     		nop
 550 003c 1037     		adds	r7, r7, #16
 551              	.LCFI40:
 552              		.cfi_def_cfa_offset 8
 553 003e BD46     		mov	sp, r7
 554              	.LCFI41:
 555              		.cfi_def_cfa_register 13
 556              		@ sp needed
 557 0040 80BD     		pop	{r7, pc}
 558              	.L39:
 559 0042 00BF     		.align	2
 560              	.L38:
 561 0044 107AFF1F 		.word	536836624
 562 0048 147AFF1F 		.word	536836628
 563 004c 187AFF1F 		.word	536836632
 564 0050 02000000 		.word	USBD_StringSerial+2
 565 0054 12000000 		.word	USBD_StringSerial+18
 566              		.cfi_endproc
 567              	.LFE227:
ARM GAS  C:\Users\EI\AppData\Local\Temp\ccKlJNUb.s 			page 18


 569              		.section	.text.IntToUnicode,"ax",%progbits
 570              		.align	1
 571              		.syntax unified
 572              		.thumb
 573              		.thumb_func
 574              		.fpu fpv4-sp-d16
 576              	IntToUnicode:
 577              	.LFB228:
 404:USB_DEVICE/App/usbd_desc.c **** 
 405:USB_DEVICE/App/usbd_desc.c **** /**
 406:USB_DEVICE/App/usbd_desc.c ****   * @brief  Convert Hex 32Bits value into char
 407:USB_DEVICE/App/usbd_desc.c ****   * @param  value: value to convert
 408:USB_DEVICE/App/usbd_desc.c ****   * @param  pbuf: pointer to the buffer
 409:USB_DEVICE/App/usbd_desc.c ****   * @param  len: buffer length
 410:USB_DEVICE/App/usbd_desc.c ****   * @retval None
 411:USB_DEVICE/App/usbd_desc.c ****   */
 412:USB_DEVICE/App/usbd_desc.c **** static void IntToUnicode(uint32_t value, uint8_t * pbuf, uint8_t len)
 413:USB_DEVICE/App/usbd_desc.c **** {
 578              		.loc 1 413 1
 579              		.cfi_startproc
 580              		@ args = 0, pretend = 0, frame = 24
 581              		@ frame_needed = 1, uses_anonymous_args = 0
 582              		@ link register save eliminated.
 583 0000 80B4     		push	{r7}
 584              	.LCFI42:
 585              		.cfi_def_cfa_offset 4
 586              		.cfi_offset 7, -4
 587 0002 87B0     		sub	sp, sp, #28
 588              	.LCFI43:
 589              		.cfi_def_cfa_offset 32
 590 0004 00AF     		add	r7, sp, #0
 591              	.LCFI44:
 592              		.cfi_def_cfa_register 7
 593 0006 F860     		str	r0, [r7, #12]
 594 0008 B960     		str	r1, [r7, #8]
 595 000a 1346     		mov	r3, r2
 596 000c FB71     		strb	r3, [r7, #7]
 414:USB_DEVICE/App/usbd_desc.c ****   uint8_t idx = 0;
 597              		.loc 1 414 11
 598 000e 0023     		movs	r3, #0
 599 0010 FB75     		strb	r3, [r7, #23]
 415:USB_DEVICE/App/usbd_desc.c **** 
 416:USB_DEVICE/App/usbd_desc.c ****   for (idx = 0; idx < len; idx++)
 600              		.loc 1 416 12
 601 0012 0023     		movs	r3, #0
 602 0014 FB75     		strb	r3, [r7, #23]
 603              		.loc 1 416 3
 604 0016 27E0     		b	.L41
 605              	.L44:
 417:USB_DEVICE/App/usbd_desc.c ****   {
 418:USB_DEVICE/App/usbd_desc.c ****     if (((value >> 28)) < 0xA)
 606              		.loc 1 418 17
 607 0018 FB68     		ldr	r3, [r7, #12]
 608 001a 1B0F     		lsrs	r3, r3, #28
 609              		.loc 1 418 8
 610 001c 092B     		cmp	r3, #9
 611 001e 0BD8     		bhi	.L42
ARM GAS  C:\Users\EI\AppData\Local\Temp\ccKlJNUb.s 			page 19


 419:USB_DEVICE/App/usbd_desc.c ****     {
 420:USB_DEVICE/App/usbd_desc.c ****       pbuf[2 * idx] = (value >> 28) + '0';
 612              		.loc 1 420 30
 613 0020 FB68     		ldr	r3, [r7, #12]
 614 0022 1B0F     		lsrs	r3, r3, #28
 615              		.loc 1 420 37
 616 0024 DAB2     		uxtb	r2, r3
 617              		.loc 1 420 14
 618 0026 FB7D     		ldrb	r3, [r7, #23]	@ zero_extendqisi2
 619 0028 5B00     		lsls	r3, r3, #1
 620 002a 1946     		mov	r1, r3
 621              		.loc 1 420 11
 622 002c BB68     		ldr	r3, [r7, #8]
 623 002e 0B44     		add	r3, r3, r1
 624              		.loc 1 420 37
 625 0030 3032     		adds	r2, r2, #48
 626 0032 D2B2     		uxtb	r2, r2
 627              		.loc 1 420 21
 628 0034 1A70     		strb	r2, [r3]
 629 0036 0AE0     		b	.L43
 630              	.L42:
 421:USB_DEVICE/App/usbd_desc.c ****     }
 422:USB_DEVICE/App/usbd_desc.c ****     else
 423:USB_DEVICE/App/usbd_desc.c ****     {
 424:USB_DEVICE/App/usbd_desc.c ****       pbuf[2 * idx] = (value >> 28) + 'A' - 10;
 631              		.loc 1 424 30
 632 0038 FB68     		ldr	r3, [r7, #12]
 633 003a 1B0F     		lsrs	r3, r3, #28
 634              		.loc 1 424 43
 635 003c DAB2     		uxtb	r2, r3
 636              		.loc 1 424 14
 637 003e FB7D     		ldrb	r3, [r7, #23]	@ zero_extendqisi2
 638 0040 5B00     		lsls	r3, r3, #1
 639 0042 1946     		mov	r1, r3
 640              		.loc 1 424 11
 641 0044 BB68     		ldr	r3, [r7, #8]
 642 0046 0B44     		add	r3, r3, r1
 643              		.loc 1 424 43
 644 0048 3732     		adds	r2, r2, #55
 645 004a D2B2     		uxtb	r2, r2
 646              		.loc 1 424 21
 647 004c 1A70     		strb	r2, [r3]
 648              	.L43:
 425:USB_DEVICE/App/usbd_desc.c ****     }
 426:USB_DEVICE/App/usbd_desc.c **** 
 427:USB_DEVICE/App/usbd_desc.c ****     value = value << 4;
 649              		.loc 1 427 11 discriminator 2
 650 004e FB68     		ldr	r3, [r7, #12]
 651 0050 1B01     		lsls	r3, r3, #4
 652 0052 FB60     		str	r3, [r7, #12]
 428:USB_DEVICE/App/usbd_desc.c **** 
 429:USB_DEVICE/App/usbd_desc.c ****     pbuf[2 * idx + 1] = 0;
 653              		.loc 1 429 12 discriminator 2
 654 0054 FB7D     		ldrb	r3, [r7, #23]	@ zero_extendqisi2
 655 0056 5B00     		lsls	r3, r3, #1
 656              		.loc 1 429 9 discriminator 2
 657 0058 0133     		adds	r3, r3, #1
ARM GAS  C:\Users\EI\AppData\Local\Temp\ccKlJNUb.s 			page 20


 658 005a BA68     		ldr	r2, [r7, #8]
 659 005c 1344     		add	r3, r3, r2
 660              		.loc 1 429 23 discriminator 2
 661 005e 0022     		movs	r2, #0
 662 0060 1A70     		strb	r2, [r3]
 416:USB_DEVICE/App/usbd_desc.c ****   {
 663              		.loc 1 416 31 discriminator 2
 664 0062 FB7D     		ldrb	r3, [r7, #23]	@ zero_extendqisi2
 665 0064 0133     		adds	r3, r3, #1
 666 0066 FB75     		strb	r3, [r7, #23]
 667              	.L41:
 416:USB_DEVICE/App/usbd_desc.c ****   {
 668              		.loc 1 416 3 discriminator 1
 669 0068 FA7D     		ldrb	r2, [r7, #23]	@ zero_extendqisi2
 670 006a FB79     		ldrb	r3, [r7, #7]	@ zero_extendqisi2
 671 006c 9A42     		cmp	r2, r3
 672 006e D3D3     		bcc	.L44
 430:USB_DEVICE/App/usbd_desc.c ****   }
 431:USB_DEVICE/App/usbd_desc.c **** }
 673              		.loc 1 431 1
 674 0070 00BF     		nop
 675 0072 00BF     		nop
 676 0074 1C37     		adds	r7, r7, #28
 677              	.LCFI45:
 678              		.cfi_def_cfa_offset 4
 679 0076 BD46     		mov	sp, r7
 680              	.LCFI46:
 681              		.cfi_def_cfa_register 13
 682              		@ sp needed
 683 0078 5DF8047B 		ldr	r7, [sp], #4
 684              	.LCFI47:
 685              		.cfi_restore 7
 686              		.cfi_def_cfa_offset 0
 687 007c 7047     		bx	lr
 688              		.cfi_endproc
 689              	.LFE228:
 691              		.text
 692              	.Letext0:
 693              		.file 2 "c:\\arm-gcc\\tools\\gcc-arm-none-eabi-10-2020-q4-major\\arm-none-eabi\\include\\machine\\
 694              		.file 3 "c:\\arm-gcc\\tools\\gcc-arm-none-eabi-10-2020-q4-major\\arm-none-eabi\\include\\sys\\_std
 695              		.file 4 "Middlewares/ST/STM32_USB_Device_Library/Core/Inc/usbd_def.h"
 696              		.file 5 "USB_DEVICE/App/usbd_desc.h"
ARM GAS  C:\Users\EI\AppData\Local\Temp\ccKlJNUb.s 			page 21


DEFINED SYMBOLS
                            *ABS*:00000000 usbd_desc.c
C:\Users\EI\AppData\Local\Temp\ccKlJNUb.s:22     .data.FS_Desc:00000000 FS_Desc
C:\Users\EI\AppData\Local\Temp\ccKlJNUb.s:19     .data.FS_Desc:00000000 $d
C:\Users\EI\AppData\Local\Temp\ccKlJNUb.s:69     .text.USBD_FS_DeviceDescriptor:00000000 USBD_FS_DeviceDescriptor
C:\Users\EI\AppData\Local\Temp\ccKlJNUb.s:125    .text.USBD_FS_LangIDStrDescriptor:00000000 USBD_FS_LangIDStrDescriptor
C:\Users\EI\AppData\Local\Temp\ccKlJNUb.s:253    .text.USBD_FS_ManufacturerStrDescriptor:00000000 USBD_FS_ManufacturerStrDescriptor
C:\Users\EI\AppData\Local\Temp\ccKlJNUb.s:184    .text.USBD_FS_ProductStrDescriptor:00000000 USBD_FS_ProductStrDescriptor
C:\Users\EI\AppData\Local\Temp\ccKlJNUb.s:306    .text.USBD_FS_SerialStrDescriptor:00000000 USBD_FS_SerialStrDescriptor
C:\Users\EI\AppData\Local\Temp\ccKlJNUb.s:363    .text.USBD_FS_ConfigStrDescriptor:00000000 USBD_FS_ConfigStrDescriptor
C:\Users\EI\AppData\Local\Temp\ccKlJNUb.s:432    .text.USBD_FS_InterfaceStrDescriptor:00000000 USBD_FS_InterfaceStrDescriptor
C:\Users\EI\AppData\Local\Temp\ccKlJNUb.s:35     .data.USBD_FS_DeviceDesc:00000000 USBD_FS_DeviceDesc
C:\Users\EI\AppData\Local\Temp\ccKlJNUb.s:32     .data.USBD_FS_DeviceDesc:00000000 $d
C:\Users\EI\AppData\Local\Temp\ccKlJNUb.s:43     .data.USBD_LangIDDesc:00000000 USBD_LangIDDesc
C:\Users\EI\AppData\Local\Temp\ccKlJNUb.s:40     .data.USBD_LangIDDesc:00000000 $d
C:\Users\EI\AppData\Local\Temp\ccKlJNUb.s:50     .bss.USBD_StrDesc:00000000 USBD_StrDesc
C:\Users\EI\AppData\Local\Temp\ccKlJNUb.s:47     .bss.USBD_StrDesc:00000000 $d
C:\Users\EI\AppData\Local\Temp\ccKlJNUb.s:57     .data.USBD_StringSerial:00000000 USBD_StringSerial
C:\Users\EI\AppData\Local\Temp\ccKlJNUb.s:54     .data.USBD_StringSerial:00000000 $d
C:\Users\EI\AppData\Local\Temp\ccKlJNUb.s:61     .text.USBD_FS_DeviceDescriptor:00000000 $t
C:\Users\EI\AppData\Local\Temp\ccKlJNUb.s:113    .text.USBD_FS_DeviceDescriptor:00000020 $d
C:\Users\EI\AppData\Local\Temp\ccKlJNUb.s:118    .text.USBD_FS_LangIDStrDescriptor:00000000 $t
C:\Users\EI\AppData\Local\Temp\ccKlJNUb.s:168    .text.USBD_FS_LangIDStrDescriptor:00000020 $d
C:\Users\EI\AppData\Local\Temp\ccKlJNUb.s:173    .rodata:00000000 $d
C:\Users\EI\AppData\Local\Temp\ccKlJNUb.s:177    .text.USBD_FS_ProductStrDescriptor:00000000 $t
C:\Users\EI\AppData\Local\Temp\ccKlJNUb.s:236    .text.USBD_FS_ProductStrDescriptor:00000034 $d
C:\Users\EI\AppData\Local\Temp\ccKlJNUb.s:246    .text.USBD_FS_ManufacturerStrDescriptor:00000000 $t
C:\Users\EI\AppData\Local\Temp\ccKlJNUb.s:293    .text.USBD_FS_ManufacturerStrDescriptor:00000020 $d
C:\Users\EI\AppData\Local\Temp\ccKlJNUb.s:299    .text.USBD_FS_SerialStrDescriptor:00000000 $t
C:\Users\EI\AppData\Local\Temp\ccKlJNUb.s:496    .text.Get_SerialNum:00000000 Get_SerialNum
C:\Users\EI\AppData\Local\Temp\ccKlJNUb.s:347    .text.USBD_FS_SerialStrDescriptor:00000020 $d
C:\Users\EI\AppData\Local\Temp\ccKlJNUb.s:356    .text.USBD_FS_ConfigStrDescriptor:00000000 $t
C:\Users\EI\AppData\Local\Temp\ccKlJNUb.s:415    .text.USBD_FS_ConfigStrDescriptor:00000034 $d
C:\Users\EI\AppData\Local\Temp\ccKlJNUb.s:425    .text.USBD_FS_InterfaceStrDescriptor:00000000 $t
C:\Users\EI\AppData\Local\Temp\ccKlJNUb.s:484    .text.USBD_FS_InterfaceStrDescriptor:00000034 $d
C:\Users\EI\AppData\Local\Temp\ccKlJNUb.s:490    .text.Get_SerialNum:00000000 $t
C:\Users\EI\AppData\Local\Temp\ccKlJNUb.s:576    .text.IntToUnicode:00000000 IntToUnicode
C:\Users\EI\AppData\Local\Temp\ccKlJNUb.s:561    .text.Get_SerialNum:00000044 $d
C:\Users\EI\AppData\Local\Temp\ccKlJNUb.s:570    .text.IntToUnicode:00000000 $t

UNDEFINED SYMBOLS
USBD_GetString
