ARM GAS  C:\Users\EI\AppData\Local\Temp\ccuhEs7k.s 			page 1


   1              		.cpu cortex-m4
   2              		.eabi_attribute 27, 1
   3              		.eabi_attribute 28, 1
   4              		.eabi_attribute 20, 1
   5              		.eabi_attribute 21, 1
   6              		.eabi_attribute 23, 3
   7              		.eabi_attribute 24, 1
   8              		.eabi_attribute 25, 1
   9              		.eabi_attribute 26, 1
  10              		.eabi_attribute 30, 6
  11              		.eabi_attribute 34, 1
  12              		.eabi_attribute 18, 4
  13              		.file	"usbd_cdc_if.c"
  14              		.text
  15              	.Ltext0:
  16              		.cfi_sections	.debug_frame
  17              		.global	UserRxBufferFS
  18              		.section	.bss.UserRxBufferFS,"aw",%nobits
  19              		.align	2
  22              	UserRxBufferFS:
  23 0000 00000000 		.space	2048
  23      00000000 
  23      00000000 
  23      00000000 
  23      00000000 
  24              		.global	UserTxBufferFS
  25              		.section	.bss.UserTxBufferFS,"aw",%nobits
  26              		.align	2
  29              	UserTxBufferFS:
  30 0000 00000000 		.space	2048
  30      00000000 
  30      00000000 
  30      00000000 
  30      00000000 
  31              		.global	USBD_Interface_fops_FS
  32              		.section	.data.USBD_Interface_fops_FS,"aw"
  33              		.align	2
  36              	USBD_Interface_fops_FS:
  37 0000 00000000 		.word	CDC_Init_FS
  38 0004 00000000 		.word	CDC_DeInit_FS
  39 0008 00000000 		.word	CDC_Control_FS
  40 000c 00000000 		.word	CDC_Receive_FS
  41 0010 00000000 		.word	CDC_TransmitCplt_FS
  42              		.section	.text.CDC_Init_FS,"ax",%progbits
  43              		.align	1
  44              		.arch armv7e-m
  45              		.syntax unified
  46              		.thumb
  47              		.thumb_func
  48              		.fpu fpv4-sp-d16
  50              	CDC_Init_FS:
  51              	.LFB220:
  52              		.file 1 "USB_DEVICE/App/usbd_cdc_if.c"
   1:USB_DEVICE/App/usbd_cdc_if.c **** /* USER CODE BEGIN Header */
   2:USB_DEVICE/App/usbd_cdc_if.c **** /**
   3:USB_DEVICE/App/usbd_cdc_if.c ****   ******************************************************************************
   4:USB_DEVICE/App/usbd_cdc_if.c ****   * @file           : usbd_cdc_if.c
ARM GAS  C:\Users\EI\AppData\Local\Temp\ccuhEs7k.s 			page 2


   5:USB_DEVICE/App/usbd_cdc_if.c ****   * @version        : v1.0_Cube
   6:USB_DEVICE/App/usbd_cdc_if.c ****   * @brief          : Usb device for Virtual Com Port.
   7:USB_DEVICE/App/usbd_cdc_if.c ****   ******************************************************************************
   8:USB_DEVICE/App/usbd_cdc_if.c ****   * @attention
   9:USB_DEVICE/App/usbd_cdc_if.c ****   *
  10:USB_DEVICE/App/usbd_cdc_if.c ****   * Copyright (c) 2022 STMicroelectronics.
  11:USB_DEVICE/App/usbd_cdc_if.c ****   * All rights reserved.
  12:USB_DEVICE/App/usbd_cdc_if.c ****   *
  13:USB_DEVICE/App/usbd_cdc_if.c ****   * This software is licensed under terms that can be found in the LICENSE file
  14:USB_DEVICE/App/usbd_cdc_if.c ****   * in the root directory of this software component.
  15:USB_DEVICE/App/usbd_cdc_if.c ****   * If no LICENSE file comes with this software, it is provided AS-IS.
  16:USB_DEVICE/App/usbd_cdc_if.c ****   *
  17:USB_DEVICE/App/usbd_cdc_if.c ****   ******************************************************************************
  18:USB_DEVICE/App/usbd_cdc_if.c ****   */
  19:USB_DEVICE/App/usbd_cdc_if.c **** /* USER CODE END Header */
  20:USB_DEVICE/App/usbd_cdc_if.c **** 
  21:USB_DEVICE/App/usbd_cdc_if.c **** /* Includes ------------------------------------------------------------------*/
  22:USB_DEVICE/App/usbd_cdc_if.c **** #include "usbd_cdc_if.h"
  23:USB_DEVICE/App/usbd_cdc_if.c **** 
  24:USB_DEVICE/App/usbd_cdc_if.c **** /* USER CODE BEGIN INCLUDE */
  25:USB_DEVICE/App/usbd_cdc_if.c **** 
  26:USB_DEVICE/App/usbd_cdc_if.c **** /* USER CODE END INCLUDE */
  27:USB_DEVICE/App/usbd_cdc_if.c **** 
  28:USB_DEVICE/App/usbd_cdc_if.c **** /* Private typedef -----------------------------------------------------------*/
  29:USB_DEVICE/App/usbd_cdc_if.c **** /* Private define ------------------------------------------------------------*/
  30:USB_DEVICE/App/usbd_cdc_if.c **** /* Private macro -------------------------------------------------------------*/
  31:USB_DEVICE/App/usbd_cdc_if.c **** 
  32:USB_DEVICE/App/usbd_cdc_if.c **** /* USER CODE BEGIN PV */
  33:USB_DEVICE/App/usbd_cdc_if.c **** /* Private variables ---------------------------------------------------------*/
  34:USB_DEVICE/App/usbd_cdc_if.c **** 
  35:USB_DEVICE/App/usbd_cdc_if.c **** /* USER CODE END PV */
  36:USB_DEVICE/App/usbd_cdc_if.c **** 
  37:USB_DEVICE/App/usbd_cdc_if.c **** /** @addtogroup STM32_USB_OTG_DEVICE_LIBRARY
  38:USB_DEVICE/App/usbd_cdc_if.c ****   * @brief Usb device library.
  39:USB_DEVICE/App/usbd_cdc_if.c ****   * @{
  40:USB_DEVICE/App/usbd_cdc_if.c ****   */
  41:USB_DEVICE/App/usbd_cdc_if.c **** 
  42:USB_DEVICE/App/usbd_cdc_if.c **** /** @addtogroup USBD_CDC_IF
  43:USB_DEVICE/App/usbd_cdc_if.c ****   * @{
  44:USB_DEVICE/App/usbd_cdc_if.c ****   */
  45:USB_DEVICE/App/usbd_cdc_if.c **** 
  46:USB_DEVICE/App/usbd_cdc_if.c **** /** @defgroup USBD_CDC_IF_Private_TypesDefinitions USBD_CDC_IF_Private_TypesDefinitions
  47:USB_DEVICE/App/usbd_cdc_if.c ****   * @brief Private types.
  48:USB_DEVICE/App/usbd_cdc_if.c ****   * @{
  49:USB_DEVICE/App/usbd_cdc_if.c ****   */
  50:USB_DEVICE/App/usbd_cdc_if.c **** 
  51:USB_DEVICE/App/usbd_cdc_if.c **** /* USER CODE BEGIN PRIVATE_TYPES */
  52:USB_DEVICE/App/usbd_cdc_if.c **** 
  53:USB_DEVICE/App/usbd_cdc_if.c **** /* USER CODE END PRIVATE_TYPES */
  54:USB_DEVICE/App/usbd_cdc_if.c **** 
  55:USB_DEVICE/App/usbd_cdc_if.c **** /**
  56:USB_DEVICE/App/usbd_cdc_if.c ****   * @}
  57:USB_DEVICE/App/usbd_cdc_if.c ****   */
  58:USB_DEVICE/App/usbd_cdc_if.c **** 
  59:USB_DEVICE/App/usbd_cdc_if.c **** /** @defgroup USBD_CDC_IF_Private_Defines USBD_CDC_IF_Private_Defines
  60:USB_DEVICE/App/usbd_cdc_if.c ****   * @brief Private defines.
  61:USB_DEVICE/App/usbd_cdc_if.c ****   * @{
ARM GAS  C:\Users\EI\AppData\Local\Temp\ccuhEs7k.s 			page 3


  62:USB_DEVICE/App/usbd_cdc_if.c ****   */
  63:USB_DEVICE/App/usbd_cdc_if.c **** 
  64:USB_DEVICE/App/usbd_cdc_if.c **** /* USER CODE BEGIN PRIVATE_DEFINES */
  65:USB_DEVICE/App/usbd_cdc_if.c **** /* USER CODE END PRIVATE_DEFINES */
  66:USB_DEVICE/App/usbd_cdc_if.c **** 
  67:USB_DEVICE/App/usbd_cdc_if.c **** /**
  68:USB_DEVICE/App/usbd_cdc_if.c ****   * @}
  69:USB_DEVICE/App/usbd_cdc_if.c ****   */
  70:USB_DEVICE/App/usbd_cdc_if.c **** 
  71:USB_DEVICE/App/usbd_cdc_if.c **** /** @defgroup USBD_CDC_IF_Private_Macros USBD_CDC_IF_Private_Macros
  72:USB_DEVICE/App/usbd_cdc_if.c ****   * @brief Private macros.
  73:USB_DEVICE/App/usbd_cdc_if.c ****   * @{
  74:USB_DEVICE/App/usbd_cdc_if.c ****   */
  75:USB_DEVICE/App/usbd_cdc_if.c **** 
  76:USB_DEVICE/App/usbd_cdc_if.c **** /* USER CODE BEGIN PRIVATE_MACRO */
  77:USB_DEVICE/App/usbd_cdc_if.c **** 
  78:USB_DEVICE/App/usbd_cdc_if.c **** /* USER CODE END PRIVATE_MACRO */
  79:USB_DEVICE/App/usbd_cdc_if.c **** 
  80:USB_DEVICE/App/usbd_cdc_if.c **** /**
  81:USB_DEVICE/App/usbd_cdc_if.c ****   * @}
  82:USB_DEVICE/App/usbd_cdc_if.c ****   */
  83:USB_DEVICE/App/usbd_cdc_if.c **** 
  84:USB_DEVICE/App/usbd_cdc_if.c **** /** @defgroup USBD_CDC_IF_Private_Variables USBD_CDC_IF_Private_Variables
  85:USB_DEVICE/App/usbd_cdc_if.c ****   * @brief Private variables.
  86:USB_DEVICE/App/usbd_cdc_if.c ****   * @{
  87:USB_DEVICE/App/usbd_cdc_if.c ****   */
  88:USB_DEVICE/App/usbd_cdc_if.c **** /* Create buffer for reception and transmission           */
  89:USB_DEVICE/App/usbd_cdc_if.c **** /* It's up to user to redefine and/or remove those define */
  90:USB_DEVICE/App/usbd_cdc_if.c **** /** Received data over USB are stored in this buffer      */
  91:USB_DEVICE/App/usbd_cdc_if.c **** uint8_t UserRxBufferFS[APP_RX_DATA_SIZE];
  92:USB_DEVICE/App/usbd_cdc_if.c **** 
  93:USB_DEVICE/App/usbd_cdc_if.c **** /** Data to send over USB CDC are stored in this buffer   */
  94:USB_DEVICE/App/usbd_cdc_if.c **** uint8_t UserTxBufferFS[APP_TX_DATA_SIZE];
  95:USB_DEVICE/App/usbd_cdc_if.c **** 
  96:USB_DEVICE/App/usbd_cdc_if.c **** /* USER CODE BEGIN PRIVATE_VARIABLES */
  97:USB_DEVICE/App/usbd_cdc_if.c **** 
  98:USB_DEVICE/App/usbd_cdc_if.c **** /* USER CODE END PRIVATE_VARIABLES */
  99:USB_DEVICE/App/usbd_cdc_if.c **** 
 100:USB_DEVICE/App/usbd_cdc_if.c **** /**
 101:USB_DEVICE/App/usbd_cdc_if.c ****   * @}
 102:USB_DEVICE/App/usbd_cdc_if.c ****   */
 103:USB_DEVICE/App/usbd_cdc_if.c **** 
 104:USB_DEVICE/App/usbd_cdc_if.c **** /** @defgroup USBD_CDC_IF_Exported_Variables USBD_CDC_IF_Exported_Variables
 105:USB_DEVICE/App/usbd_cdc_if.c ****   * @brief Public variables.
 106:USB_DEVICE/App/usbd_cdc_if.c ****   * @{
 107:USB_DEVICE/App/usbd_cdc_if.c ****   */
 108:USB_DEVICE/App/usbd_cdc_if.c **** 
 109:USB_DEVICE/App/usbd_cdc_if.c **** extern USBD_HandleTypeDef hUsbDeviceFS;
 110:USB_DEVICE/App/usbd_cdc_if.c **** 
 111:USB_DEVICE/App/usbd_cdc_if.c **** /* USER CODE BEGIN EXPORTED_VARIABLES */
 112:USB_DEVICE/App/usbd_cdc_if.c **** 
 113:USB_DEVICE/App/usbd_cdc_if.c **** /* USER CODE END EXPORTED_VARIABLES */
 114:USB_DEVICE/App/usbd_cdc_if.c **** 
 115:USB_DEVICE/App/usbd_cdc_if.c **** /**
 116:USB_DEVICE/App/usbd_cdc_if.c ****   * @}
 117:USB_DEVICE/App/usbd_cdc_if.c ****   */
 118:USB_DEVICE/App/usbd_cdc_if.c **** 
ARM GAS  C:\Users\EI\AppData\Local\Temp\ccuhEs7k.s 			page 4


 119:USB_DEVICE/App/usbd_cdc_if.c **** /** @defgroup USBD_CDC_IF_Private_FunctionPrototypes USBD_CDC_IF_Private_FunctionPrototypes
 120:USB_DEVICE/App/usbd_cdc_if.c ****   * @brief Private functions declaration.
 121:USB_DEVICE/App/usbd_cdc_if.c ****   * @{
 122:USB_DEVICE/App/usbd_cdc_if.c ****   */
 123:USB_DEVICE/App/usbd_cdc_if.c **** 
 124:USB_DEVICE/App/usbd_cdc_if.c **** static int8_t CDC_Init_FS(void);
 125:USB_DEVICE/App/usbd_cdc_if.c **** static int8_t CDC_DeInit_FS(void);
 126:USB_DEVICE/App/usbd_cdc_if.c **** static int8_t CDC_Control_FS(uint8_t cmd, uint8_t* pbuf, uint16_t length);
 127:USB_DEVICE/App/usbd_cdc_if.c **** static int8_t CDC_Receive_FS(uint8_t* pbuf, uint32_t *Len);
 128:USB_DEVICE/App/usbd_cdc_if.c **** static int8_t CDC_TransmitCplt_FS(uint8_t *pbuf, uint32_t *Len, uint8_t epnum);
 129:USB_DEVICE/App/usbd_cdc_if.c **** 
 130:USB_DEVICE/App/usbd_cdc_if.c **** /* USER CODE BEGIN PRIVATE_FUNCTIONS_DECLARATION */
 131:USB_DEVICE/App/usbd_cdc_if.c **** 
 132:USB_DEVICE/App/usbd_cdc_if.c **** /* USER CODE END PRIVATE_FUNCTIONS_DECLARATION */
 133:USB_DEVICE/App/usbd_cdc_if.c **** 
 134:USB_DEVICE/App/usbd_cdc_if.c **** /**
 135:USB_DEVICE/App/usbd_cdc_if.c ****   * @}
 136:USB_DEVICE/App/usbd_cdc_if.c ****   */
 137:USB_DEVICE/App/usbd_cdc_if.c **** 
 138:USB_DEVICE/App/usbd_cdc_if.c **** USBD_CDC_ItfTypeDef USBD_Interface_fops_FS =
 139:USB_DEVICE/App/usbd_cdc_if.c **** {
 140:USB_DEVICE/App/usbd_cdc_if.c ****   CDC_Init_FS,
 141:USB_DEVICE/App/usbd_cdc_if.c ****   CDC_DeInit_FS,
 142:USB_DEVICE/App/usbd_cdc_if.c ****   CDC_Control_FS,
 143:USB_DEVICE/App/usbd_cdc_if.c ****   CDC_Receive_FS,
 144:USB_DEVICE/App/usbd_cdc_if.c ****   CDC_TransmitCplt_FS
 145:USB_DEVICE/App/usbd_cdc_if.c **** };
 146:USB_DEVICE/App/usbd_cdc_if.c **** 
 147:USB_DEVICE/App/usbd_cdc_if.c **** /* Private functions ---------------------------------------------------------*/
 148:USB_DEVICE/App/usbd_cdc_if.c **** /**
 149:USB_DEVICE/App/usbd_cdc_if.c ****   * @brief  Initializes the CDC media low layer over the FS USB IP
 150:USB_DEVICE/App/usbd_cdc_if.c ****   * @retval USBD_OK if all operations are OK else USBD_FAIL
 151:USB_DEVICE/App/usbd_cdc_if.c ****   */
 152:USB_DEVICE/App/usbd_cdc_if.c **** static int8_t CDC_Init_FS(void)
 153:USB_DEVICE/App/usbd_cdc_if.c **** {
  53              		.loc 1 153 1
  54              		.cfi_startproc
  55              		@ args = 0, pretend = 0, frame = 0
  56              		@ frame_needed = 1, uses_anonymous_args = 0
  57 0000 80B5     		push	{r7, lr}
  58              	.LCFI0:
  59              		.cfi_def_cfa_offset 8
  60              		.cfi_offset 7, -8
  61              		.cfi_offset 14, -4
  62 0002 00AF     		add	r7, sp, #0
  63              	.LCFI1:
  64              		.cfi_def_cfa_register 7
 154:USB_DEVICE/App/usbd_cdc_if.c ****   /* USER CODE BEGIN 3 */
 155:USB_DEVICE/App/usbd_cdc_if.c ****   /* Set Application Buffers */
 156:USB_DEVICE/App/usbd_cdc_if.c ****   USBD_CDC_SetTxBuffer(&hUsbDeviceFS, UserTxBufferFS, 0);
  65              		.loc 1 156 3
  66 0004 0022     		movs	r2, #0
  67 0006 0549     		ldr	r1, .L3
  68 0008 0548     		ldr	r0, .L3+4
  69 000a FFF7FEFF 		bl	USBD_CDC_SetTxBuffer
 157:USB_DEVICE/App/usbd_cdc_if.c ****   USBD_CDC_SetRxBuffer(&hUsbDeviceFS, UserRxBufferFS);
  70              		.loc 1 157 3
ARM GAS  C:\Users\EI\AppData\Local\Temp\ccuhEs7k.s 			page 5


  71 000e 0549     		ldr	r1, .L3+8
  72 0010 0348     		ldr	r0, .L3+4
  73 0012 FFF7FEFF 		bl	USBD_CDC_SetRxBuffer
 158:USB_DEVICE/App/usbd_cdc_if.c ****   return (USBD_OK);
  74              		.loc 1 158 10
  75 0016 0023     		movs	r3, #0
 159:USB_DEVICE/App/usbd_cdc_if.c ****   /* USER CODE END 3 */
 160:USB_DEVICE/App/usbd_cdc_if.c **** }
  76              		.loc 1 160 1
  77 0018 1846     		mov	r0, r3
  78 001a 80BD     		pop	{r7, pc}
  79              	.L4:
  80              		.align	2
  81              	.L3:
  82 001c 00000000 		.word	UserTxBufferFS
  83 0020 00000000 		.word	hUsbDeviceFS
  84 0024 00000000 		.word	UserRxBufferFS
  85              		.cfi_endproc
  86              	.LFE220:
  88              		.section	.text.CDC_DeInit_FS,"ax",%progbits
  89              		.align	1
  90              		.syntax unified
  91              		.thumb
  92              		.thumb_func
  93              		.fpu fpv4-sp-d16
  95              	CDC_DeInit_FS:
  96              	.LFB221:
 161:USB_DEVICE/App/usbd_cdc_if.c **** 
 162:USB_DEVICE/App/usbd_cdc_if.c **** /**
 163:USB_DEVICE/App/usbd_cdc_if.c ****   * @brief  DeInitializes the CDC media low layer
 164:USB_DEVICE/App/usbd_cdc_if.c ****   * @retval USBD_OK if all operations are OK else USBD_FAIL
 165:USB_DEVICE/App/usbd_cdc_if.c ****   */
 166:USB_DEVICE/App/usbd_cdc_if.c **** static int8_t CDC_DeInit_FS(void)
 167:USB_DEVICE/App/usbd_cdc_if.c **** {
  97              		.loc 1 167 1
  98              		.cfi_startproc
  99              		@ args = 0, pretend = 0, frame = 0
 100              		@ frame_needed = 1, uses_anonymous_args = 0
 101              		@ link register save eliminated.
 102 0000 80B4     		push	{r7}
 103              	.LCFI2:
 104              		.cfi_def_cfa_offset 4
 105              		.cfi_offset 7, -4
 106 0002 00AF     		add	r7, sp, #0
 107              	.LCFI3:
 108              		.cfi_def_cfa_register 7
 168:USB_DEVICE/App/usbd_cdc_if.c ****   /* USER CODE BEGIN 4 */
 169:USB_DEVICE/App/usbd_cdc_if.c ****   return (USBD_OK);
 109              		.loc 1 169 10
 110 0004 0023     		movs	r3, #0
 170:USB_DEVICE/App/usbd_cdc_if.c ****   /* USER CODE END 4 */
 171:USB_DEVICE/App/usbd_cdc_if.c **** }
 111              		.loc 1 171 1
 112 0006 1846     		mov	r0, r3
 113 0008 BD46     		mov	sp, r7
 114              	.LCFI4:
 115              		.cfi_def_cfa_register 13
ARM GAS  C:\Users\EI\AppData\Local\Temp\ccuhEs7k.s 			page 6


 116              		@ sp needed
 117 000a 5DF8047B 		ldr	r7, [sp], #4
 118              	.LCFI5:
 119              		.cfi_restore 7
 120              		.cfi_def_cfa_offset 0
 121 000e 7047     		bx	lr
 122              		.cfi_endproc
 123              	.LFE221:
 125              		.section	.text.CDC_Control_FS,"ax",%progbits
 126              		.align	1
 127              		.syntax unified
 128              		.thumb
 129              		.thumb_func
 130              		.fpu fpv4-sp-d16
 132              	CDC_Control_FS:
 133              	.LFB222:
 172:USB_DEVICE/App/usbd_cdc_if.c **** 
 173:USB_DEVICE/App/usbd_cdc_if.c **** /**
 174:USB_DEVICE/App/usbd_cdc_if.c ****   * @brief  Manage the CDC class requests
 175:USB_DEVICE/App/usbd_cdc_if.c ****   * @param  cmd: Command code
 176:USB_DEVICE/App/usbd_cdc_if.c ****   * @param  pbuf: Buffer containing command data (request parameters)
 177:USB_DEVICE/App/usbd_cdc_if.c ****   * @param  length: Number of data to be sent (in bytes)
 178:USB_DEVICE/App/usbd_cdc_if.c ****   * @retval Result of the operation: USBD_OK if all operations are OK else USBD_FAIL
 179:USB_DEVICE/App/usbd_cdc_if.c ****   */
 180:USB_DEVICE/App/usbd_cdc_if.c **** static int8_t CDC_Control_FS(uint8_t cmd, uint8_t* pbuf, uint16_t length)
 181:USB_DEVICE/App/usbd_cdc_if.c **** {
 134              		.loc 1 181 1
 135              		.cfi_startproc
 136              		@ args = 0, pretend = 0, frame = 8
 137              		@ frame_needed = 1, uses_anonymous_args = 0
 138              		@ link register save eliminated.
 139 0000 80B4     		push	{r7}
 140              	.LCFI6:
 141              		.cfi_def_cfa_offset 4
 142              		.cfi_offset 7, -4
 143 0002 83B0     		sub	sp, sp, #12
 144              	.LCFI7:
 145              		.cfi_def_cfa_offset 16
 146 0004 00AF     		add	r7, sp, #0
 147              	.LCFI8:
 148              		.cfi_def_cfa_register 7
 149 0006 0346     		mov	r3, r0
 150 0008 3960     		str	r1, [r7]
 151 000a FB71     		strb	r3, [r7, #7]
 152 000c 1346     		mov	r3, r2	@ movhi
 153 000e BB80     		strh	r3, [r7, #4]	@ movhi
 182:USB_DEVICE/App/usbd_cdc_if.c ****   /* USER CODE BEGIN 5 */
 183:USB_DEVICE/App/usbd_cdc_if.c ****   switch(cmd)
 154              		.loc 1 183 3
 155 0010 FB79     		ldrb	r3, [r7, #7]	@ zero_extendqisi2
 156 0012 232B     		cmp	r3, #35
 157 0014 4AD8     		bhi	.L21
 158 0016 01A2     		adr	r2, .L10
 159 0018 52F823F0 		ldr	pc, [r2, r3, lsl #2]
 160              		.p2align 2
 161              	.L10:
 162 001c AD000000 		.word	.L21+1
ARM GAS  C:\Users\EI\AppData\Local\Temp\ccuhEs7k.s 			page 7


 163 0020 AD000000 		.word	.L21+1
 164 0024 AD000000 		.word	.L21+1
 165 0028 AD000000 		.word	.L21+1
 166 002c AD000000 		.word	.L21+1
 167 0030 AD000000 		.word	.L21+1
 168 0034 AD000000 		.word	.L21+1
 169 0038 AD000000 		.word	.L21+1
 170 003c AD000000 		.word	.L21+1
 171 0040 AD000000 		.word	.L21+1
 172 0044 AD000000 		.word	.L21+1
 173 0048 AD000000 		.word	.L21+1
 174 004c AD000000 		.word	.L21+1
 175 0050 AD000000 		.word	.L21+1
 176 0054 AD000000 		.word	.L21+1
 177 0058 AD000000 		.word	.L21+1
 178 005c AD000000 		.word	.L21+1
 179 0060 AD000000 		.word	.L21+1
 180 0064 AD000000 		.word	.L21+1
 181 0068 AD000000 		.word	.L21+1
 182 006c AD000000 		.word	.L21+1
 183 0070 AD000000 		.word	.L21+1
 184 0074 AD000000 		.word	.L21+1
 185 0078 AD000000 		.word	.L21+1
 186 007c AD000000 		.word	.L21+1
 187 0080 AD000000 		.word	.L21+1
 188 0084 AD000000 		.word	.L21+1
 189 0088 AD000000 		.word	.L21+1
 190 008c AD000000 		.word	.L21+1
 191 0090 AD000000 		.word	.L21+1
 192 0094 AD000000 		.word	.L21+1
 193 0098 AD000000 		.word	.L21+1
 194 009c AD000000 		.word	.L21+1
 195 00a0 AD000000 		.word	.L21+1
 196 00a4 AD000000 		.word	.L21+1
 197 00a8 AD000000 		.word	.L21+1
 198              		.p2align 1
 199              	.L21:
 184:USB_DEVICE/App/usbd_cdc_if.c ****   {
 185:USB_DEVICE/App/usbd_cdc_if.c ****     case CDC_SEND_ENCAPSULATED_COMMAND:
 186:USB_DEVICE/App/usbd_cdc_if.c **** 
 187:USB_DEVICE/App/usbd_cdc_if.c ****     break;
 188:USB_DEVICE/App/usbd_cdc_if.c **** 
 189:USB_DEVICE/App/usbd_cdc_if.c ****     case CDC_GET_ENCAPSULATED_RESPONSE:
 190:USB_DEVICE/App/usbd_cdc_if.c **** 
 191:USB_DEVICE/App/usbd_cdc_if.c ****     break;
 192:USB_DEVICE/App/usbd_cdc_if.c **** 
 193:USB_DEVICE/App/usbd_cdc_if.c ****     case CDC_SET_COMM_FEATURE:
 194:USB_DEVICE/App/usbd_cdc_if.c **** 
 195:USB_DEVICE/App/usbd_cdc_if.c ****     break;
 196:USB_DEVICE/App/usbd_cdc_if.c **** 
 197:USB_DEVICE/App/usbd_cdc_if.c ****     case CDC_GET_COMM_FEATURE:
 198:USB_DEVICE/App/usbd_cdc_if.c **** 
 199:USB_DEVICE/App/usbd_cdc_if.c ****     break;
 200:USB_DEVICE/App/usbd_cdc_if.c **** 
 201:USB_DEVICE/App/usbd_cdc_if.c ****     case CDC_CLEAR_COMM_FEATURE:
 202:USB_DEVICE/App/usbd_cdc_if.c **** 
 203:USB_DEVICE/App/usbd_cdc_if.c ****     break;
ARM GAS  C:\Users\EI\AppData\Local\Temp\ccuhEs7k.s 			page 8


 204:USB_DEVICE/App/usbd_cdc_if.c **** 
 205:USB_DEVICE/App/usbd_cdc_if.c ****   /*******************************************************************************/
 206:USB_DEVICE/App/usbd_cdc_if.c ****   /* Line Coding Structure                                                       */
 207:USB_DEVICE/App/usbd_cdc_if.c ****   /*-----------------------------------------------------------------------------*/
 208:USB_DEVICE/App/usbd_cdc_if.c ****   /* Offset | Field       | Size | Value  | Description                          */
 209:USB_DEVICE/App/usbd_cdc_if.c ****   /* 0      | dwDTERate   |   4  | Number |Data terminal rate, in bits per second*/
 210:USB_DEVICE/App/usbd_cdc_if.c ****   /* 4      | bCharFormat |   1  | Number | Stop bits                            */
 211:USB_DEVICE/App/usbd_cdc_if.c ****   /*                                        0 - 1 Stop bit                       */
 212:USB_DEVICE/App/usbd_cdc_if.c ****   /*                                        1 - 1.5 Stop bits                    */
 213:USB_DEVICE/App/usbd_cdc_if.c ****   /*                                        2 - 2 Stop bits                      */
 214:USB_DEVICE/App/usbd_cdc_if.c ****   /* 5      | bParityType |  1   | Number | Parity                               */
 215:USB_DEVICE/App/usbd_cdc_if.c ****   /*                                        0 - None                             */
 216:USB_DEVICE/App/usbd_cdc_if.c ****   /*                                        1 - Odd                              */
 217:USB_DEVICE/App/usbd_cdc_if.c ****   /*                                        2 - Even                             */
 218:USB_DEVICE/App/usbd_cdc_if.c ****   /*                                        3 - Mark                             */
 219:USB_DEVICE/App/usbd_cdc_if.c ****   /*                                        4 - Space                            */
 220:USB_DEVICE/App/usbd_cdc_if.c ****   /* 6      | bDataBits  |   1   | Number Data bits (5, 6, 7, 8 or 16).          */
 221:USB_DEVICE/App/usbd_cdc_if.c ****   /*******************************************************************************/
 222:USB_DEVICE/App/usbd_cdc_if.c ****     case CDC_SET_LINE_CODING:
 223:USB_DEVICE/App/usbd_cdc_if.c **** 
 224:USB_DEVICE/App/usbd_cdc_if.c ****     break;
 225:USB_DEVICE/App/usbd_cdc_if.c **** 
 226:USB_DEVICE/App/usbd_cdc_if.c ****     case CDC_GET_LINE_CODING:
 227:USB_DEVICE/App/usbd_cdc_if.c **** 
 228:USB_DEVICE/App/usbd_cdc_if.c ****     break;
 229:USB_DEVICE/App/usbd_cdc_if.c **** 
 230:USB_DEVICE/App/usbd_cdc_if.c ****     case CDC_SET_CONTROL_LINE_STATE:
 231:USB_DEVICE/App/usbd_cdc_if.c **** 
 232:USB_DEVICE/App/usbd_cdc_if.c ****     break;
 233:USB_DEVICE/App/usbd_cdc_if.c **** 
 234:USB_DEVICE/App/usbd_cdc_if.c ****     case CDC_SEND_BREAK:
 235:USB_DEVICE/App/usbd_cdc_if.c **** 
 236:USB_DEVICE/App/usbd_cdc_if.c ****     break;
 237:USB_DEVICE/App/usbd_cdc_if.c **** 
 238:USB_DEVICE/App/usbd_cdc_if.c ****   default:
 239:USB_DEVICE/App/usbd_cdc_if.c ****     break;
 200              		.loc 1 239 5
 201 00ac 00BF     		nop
 240:USB_DEVICE/App/usbd_cdc_if.c ****   }
 241:USB_DEVICE/App/usbd_cdc_if.c **** 
 242:USB_DEVICE/App/usbd_cdc_if.c ****   return (USBD_OK);
 202              		.loc 1 242 10
 203 00ae 0023     		movs	r3, #0
 243:USB_DEVICE/App/usbd_cdc_if.c ****   /* USER CODE END 5 */
 244:USB_DEVICE/App/usbd_cdc_if.c **** }
 204              		.loc 1 244 1
 205 00b0 1846     		mov	r0, r3
 206 00b2 0C37     		adds	r7, r7, #12
 207              	.LCFI9:
 208              		.cfi_def_cfa_offset 4
 209 00b4 BD46     		mov	sp, r7
 210              	.LCFI10:
 211              		.cfi_def_cfa_register 13
 212              		@ sp needed
 213 00b6 5DF8047B 		ldr	r7, [sp], #4
 214              	.LCFI11:
 215              		.cfi_restore 7
ARM GAS  C:\Users\EI\AppData\Local\Temp\ccuhEs7k.s 			page 9


 216              		.cfi_def_cfa_offset 0
 217 00ba 7047     		bx	lr
 218              		.cfi_endproc
 219              	.LFE222:
 221              		.section	.text.CDC_Receive_FS,"ax",%progbits
 222              		.align	1
 223              		.syntax unified
 224              		.thumb
 225              		.thumb_func
 226              		.fpu fpv4-sp-d16
 228              	CDC_Receive_FS:
 229              	.LFB223:
 245:USB_DEVICE/App/usbd_cdc_if.c **** 
 246:USB_DEVICE/App/usbd_cdc_if.c **** /**
 247:USB_DEVICE/App/usbd_cdc_if.c ****   * @brief  Data received over USB OUT endpoint are sent over CDC interface
 248:USB_DEVICE/App/usbd_cdc_if.c ****   *         through this function.
 249:USB_DEVICE/App/usbd_cdc_if.c ****   *
 250:USB_DEVICE/App/usbd_cdc_if.c ****   *         @note
 251:USB_DEVICE/App/usbd_cdc_if.c ****   *         This function will issue a NAK packet on any OUT packet received on
 252:USB_DEVICE/App/usbd_cdc_if.c ****   *         USB endpoint until exiting this function. If you exit this function
 253:USB_DEVICE/App/usbd_cdc_if.c ****   *         before transfer is complete on CDC interface (ie. using DMA controller)
 254:USB_DEVICE/App/usbd_cdc_if.c ****   *         it will result in receiving more data while previous ones are still
 255:USB_DEVICE/App/usbd_cdc_if.c ****   *         not sent.
 256:USB_DEVICE/App/usbd_cdc_if.c ****   *
 257:USB_DEVICE/App/usbd_cdc_if.c ****   * @param  Buf: Buffer of data to be received
 258:USB_DEVICE/App/usbd_cdc_if.c ****   * @param  Len: Number of data received (in bytes)
 259:USB_DEVICE/App/usbd_cdc_if.c ****   * @retval Result of the operation: USBD_OK if all operations are OK else USBD_FAIL
 260:USB_DEVICE/App/usbd_cdc_if.c ****   */
 261:USB_DEVICE/App/usbd_cdc_if.c **** static int8_t CDC_Receive_FS(uint8_t* Buf, uint32_t *Len)
 262:USB_DEVICE/App/usbd_cdc_if.c **** {
 230              		.loc 1 262 1
 231              		.cfi_startproc
 232              		@ args = 0, pretend = 0, frame = 8
 233              		@ frame_needed = 1, uses_anonymous_args = 0
 234 0000 80B5     		push	{r7, lr}
 235              	.LCFI12:
 236              		.cfi_def_cfa_offset 8
 237              		.cfi_offset 7, -8
 238              		.cfi_offset 14, -4
 239 0002 82B0     		sub	sp, sp, #8
 240              	.LCFI13:
 241              		.cfi_def_cfa_offset 16
 242 0004 00AF     		add	r7, sp, #0
 243              	.LCFI14:
 244              		.cfi_def_cfa_register 7
 245 0006 7860     		str	r0, [r7, #4]
 246 0008 3960     		str	r1, [r7]
 263:USB_DEVICE/App/usbd_cdc_if.c ****   /* USER CODE BEGIN 6 */
 264:USB_DEVICE/App/usbd_cdc_if.c ****   USBD_CDC_SetRxBuffer(&hUsbDeviceFS, &Buf[0]);
 247              		.loc 1 264 3
 248 000a 7968     		ldr	r1, [r7, #4]
 249 000c 0548     		ldr	r0, .L24
 250 000e FFF7FEFF 		bl	USBD_CDC_SetRxBuffer
 265:USB_DEVICE/App/usbd_cdc_if.c ****   USBD_CDC_ReceivePacket(&hUsbDeviceFS);
 251              		.loc 1 265 3
 252 0012 0448     		ldr	r0, .L24
 253 0014 FFF7FEFF 		bl	USBD_CDC_ReceivePacket
ARM GAS  C:\Users\EI\AppData\Local\Temp\ccuhEs7k.s 			page 10


 266:USB_DEVICE/App/usbd_cdc_if.c ****   return (USBD_OK);
 254              		.loc 1 266 10
 255 0018 0023     		movs	r3, #0
 267:USB_DEVICE/App/usbd_cdc_if.c ****   /* USER CODE END 6 */
 268:USB_DEVICE/App/usbd_cdc_if.c **** }
 256              		.loc 1 268 1
 257 001a 1846     		mov	r0, r3
 258 001c 0837     		adds	r7, r7, #8
 259              	.LCFI15:
 260              		.cfi_def_cfa_offset 8
 261 001e BD46     		mov	sp, r7
 262              	.LCFI16:
 263              		.cfi_def_cfa_register 13
 264              		@ sp needed
 265 0020 80BD     		pop	{r7, pc}
 266              	.L25:
 267 0022 00BF     		.align	2
 268              	.L24:
 269 0024 00000000 		.word	hUsbDeviceFS
 270              		.cfi_endproc
 271              	.LFE223:
 273              		.section	.text.CDC_Transmit_FS,"ax",%progbits
 274              		.align	1
 275              		.global	CDC_Transmit_FS
 276              		.syntax unified
 277              		.thumb
 278              		.thumb_func
 279              		.fpu fpv4-sp-d16
 281              	CDC_Transmit_FS:
 282              	.LFB224:
 269:USB_DEVICE/App/usbd_cdc_if.c **** 
 270:USB_DEVICE/App/usbd_cdc_if.c **** /**
 271:USB_DEVICE/App/usbd_cdc_if.c ****   * @brief  CDC_Transmit_FS
 272:USB_DEVICE/App/usbd_cdc_if.c ****   *         Data to send over USB IN endpoint are sent over CDC interface
 273:USB_DEVICE/App/usbd_cdc_if.c ****   *         through this function.
 274:USB_DEVICE/App/usbd_cdc_if.c ****   *         @note
 275:USB_DEVICE/App/usbd_cdc_if.c ****   *
 276:USB_DEVICE/App/usbd_cdc_if.c ****   *
 277:USB_DEVICE/App/usbd_cdc_if.c ****   * @param  Buf: Buffer of data to be sent
 278:USB_DEVICE/App/usbd_cdc_if.c ****   * @param  Len: Number of data to be sent (in bytes)
 279:USB_DEVICE/App/usbd_cdc_if.c ****   * @retval USBD_OK if all operations are OK else USBD_FAIL or USBD_BUSY
 280:USB_DEVICE/App/usbd_cdc_if.c ****   */
 281:USB_DEVICE/App/usbd_cdc_if.c **** uint8_t CDC_Transmit_FS(uint8_t* Buf, uint16_t Len)
 282:USB_DEVICE/App/usbd_cdc_if.c **** {
 283              		.loc 1 282 1
 284              		.cfi_startproc
 285              		@ args = 0, pretend = 0, frame = 16
 286              		@ frame_needed = 1, uses_anonymous_args = 0
 287 0000 80B5     		push	{r7, lr}
 288              	.LCFI17:
 289              		.cfi_def_cfa_offset 8
 290              		.cfi_offset 7, -8
 291              		.cfi_offset 14, -4
 292 0002 84B0     		sub	sp, sp, #16
 293              	.LCFI18:
 294              		.cfi_def_cfa_offset 24
 295 0004 00AF     		add	r7, sp, #0
ARM GAS  C:\Users\EI\AppData\Local\Temp\ccuhEs7k.s 			page 11


 296              	.LCFI19:
 297              		.cfi_def_cfa_register 7
 298 0006 7860     		str	r0, [r7, #4]
 299 0008 0B46     		mov	r3, r1
 300 000a 7B80     		strh	r3, [r7, #2]	@ movhi
 283:USB_DEVICE/App/usbd_cdc_if.c ****   uint8_t result = USBD_OK;
 301              		.loc 1 283 11
 302 000c 0023     		movs	r3, #0
 303 000e FB73     		strb	r3, [r7, #15]
 284:USB_DEVICE/App/usbd_cdc_if.c ****   /* USER CODE BEGIN 7 */
 285:USB_DEVICE/App/usbd_cdc_if.c ****   USBD_CDC_HandleTypeDef *hcdc = (USBD_CDC_HandleTypeDef*)hUsbDeviceFS.pClassData;
 304              		.loc 1 285 27
 305 0010 0D4B     		ldr	r3, .L29
 306 0012 D3F8BC32 		ldr	r3, [r3, #700]
 307 0016 BB60     		str	r3, [r7, #8]
 286:USB_DEVICE/App/usbd_cdc_if.c ****   if (hcdc->TxState != 0){
 308              		.loc 1 286 11
 309 0018 BB68     		ldr	r3, [r7, #8]
 310 001a D3F81432 		ldr	r3, [r3, #532]
 311              		.loc 1 286 6
 312 001e 002B     		cmp	r3, #0
 313 0020 01D0     		beq	.L27
 287:USB_DEVICE/App/usbd_cdc_if.c ****     return USBD_BUSY;
 314              		.loc 1 287 12
 315 0022 0123     		movs	r3, #1
 316 0024 0BE0     		b	.L28
 317              	.L27:
 288:USB_DEVICE/App/usbd_cdc_if.c ****   }
 289:USB_DEVICE/App/usbd_cdc_if.c ****   USBD_CDC_SetTxBuffer(&hUsbDeviceFS, Buf, Len);
 318              		.loc 1 289 3
 319 0026 7B88     		ldrh	r3, [r7, #2]
 320 0028 1A46     		mov	r2, r3
 321 002a 7968     		ldr	r1, [r7, #4]
 322 002c 0648     		ldr	r0, .L29
 323 002e FFF7FEFF 		bl	USBD_CDC_SetTxBuffer
 290:USB_DEVICE/App/usbd_cdc_if.c ****   result = USBD_CDC_TransmitPacket(&hUsbDeviceFS);
 324              		.loc 1 290 12
 325 0032 0548     		ldr	r0, .L29
 326 0034 FFF7FEFF 		bl	USBD_CDC_TransmitPacket
 327 0038 0346     		mov	r3, r0
 328 003a FB73     		strb	r3, [r7, #15]
 291:USB_DEVICE/App/usbd_cdc_if.c ****   /* USER CODE END 7 */
 292:USB_DEVICE/App/usbd_cdc_if.c ****   return result;
 329              		.loc 1 292 10
 330 003c FB7B     		ldrb	r3, [r7, #15]	@ zero_extendqisi2
 331              	.L28:
 293:USB_DEVICE/App/usbd_cdc_if.c **** }
 332              		.loc 1 293 1
 333 003e 1846     		mov	r0, r3
 334 0040 1037     		adds	r7, r7, #16
 335              	.LCFI20:
 336              		.cfi_def_cfa_offset 8
 337 0042 BD46     		mov	sp, r7
 338              	.LCFI21:
 339              		.cfi_def_cfa_register 13
 340              		@ sp needed
 341 0044 80BD     		pop	{r7, pc}
ARM GAS  C:\Users\EI\AppData\Local\Temp\ccuhEs7k.s 			page 12


 342              	.L30:
 343 0046 00BF     		.align	2
 344              	.L29:
 345 0048 00000000 		.word	hUsbDeviceFS
 346              		.cfi_endproc
 347              	.LFE224:
 349              		.section	.text.CDC_TransmitCplt_FS,"ax",%progbits
 350              		.align	1
 351              		.syntax unified
 352              		.thumb
 353              		.thumb_func
 354              		.fpu fpv4-sp-d16
 356              	CDC_TransmitCplt_FS:
 357              	.LFB225:
 294:USB_DEVICE/App/usbd_cdc_if.c **** 
 295:USB_DEVICE/App/usbd_cdc_if.c **** /**
 296:USB_DEVICE/App/usbd_cdc_if.c ****   * @brief  CDC_TransmitCplt_FS
 297:USB_DEVICE/App/usbd_cdc_if.c ****   *         Data transmitted callback
 298:USB_DEVICE/App/usbd_cdc_if.c ****   *
 299:USB_DEVICE/App/usbd_cdc_if.c ****   *         @note
 300:USB_DEVICE/App/usbd_cdc_if.c ****   *         This function is IN transfer complete callback used to inform user that
 301:USB_DEVICE/App/usbd_cdc_if.c ****   *         the submitted Data is successfully sent over USB.
 302:USB_DEVICE/App/usbd_cdc_if.c ****   *
 303:USB_DEVICE/App/usbd_cdc_if.c ****   * @param  Buf: Buffer of data to be received
 304:USB_DEVICE/App/usbd_cdc_if.c ****   * @param  Len: Number of data received (in bytes)
 305:USB_DEVICE/App/usbd_cdc_if.c ****   * @retval Result of the operation: USBD_OK if all operations are OK else USBD_FAIL
 306:USB_DEVICE/App/usbd_cdc_if.c ****   */
 307:USB_DEVICE/App/usbd_cdc_if.c **** static int8_t CDC_TransmitCplt_FS(uint8_t *Buf, uint32_t *Len, uint8_t epnum)
 308:USB_DEVICE/App/usbd_cdc_if.c **** {
 358              		.loc 1 308 1
 359              		.cfi_startproc
 360              		@ args = 0, pretend = 0, frame = 24
 361              		@ frame_needed = 1, uses_anonymous_args = 0
 362              		@ link register save eliminated.
 363 0000 80B4     		push	{r7}
 364              	.LCFI22:
 365              		.cfi_def_cfa_offset 4
 366              		.cfi_offset 7, -4
 367 0002 87B0     		sub	sp, sp, #28
 368              	.LCFI23:
 369              		.cfi_def_cfa_offset 32
 370 0004 00AF     		add	r7, sp, #0
 371              	.LCFI24:
 372              		.cfi_def_cfa_register 7
 373 0006 F860     		str	r0, [r7, #12]
 374 0008 B960     		str	r1, [r7, #8]
 375 000a 1346     		mov	r3, r2
 376 000c FB71     		strb	r3, [r7, #7]
 309:USB_DEVICE/App/usbd_cdc_if.c ****   uint8_t result = USBD_OK;
 377              		.loc 1 309 11
 378 000e 0023     		movs	r3, #0
 379 0010 FB75     		strb	r3, [r7, #23]
 310:USB_DEVICE/App/usbd_cdc_if.c ****   /* USER CODE BEGIN 13 */
 311:USB_DEVICE/App/usbd_cdc_if.c ****   UNUSED(Buf);
 312:USB_DEVICE/App/usbd_cdc_if.c ****   UNUSED(Len);
 313:USB_DEVICE/App/usbd_cdc_if.c ****   UNUSED(epnum);
 314:USB_DEVICE/App/usbd_cdc_if.c ****   /* USER CODE END 13 */
ARM GAS  C:\Users\EI\AppData\Local\Temp\ccuhEs7k.s 			page 13


 315:USB_DEVICE/App/usbd_cdc_if.c ****   return result;
 380              		.loc 1 315 10
 381 0012 97F91730 		ldrsb	r3, [r7, #23]
 316:USB_DEVICE/App/usbd_cdc_if.c **** }
 382              		.loc 1 316 1
 383 0016 1846     		mov	r0, r3
 384 0018 1C37     		adds	r7, r7, #28
 385              	.LCFI25:
 386              		.cfi_def_cfa_offset 4
 387 001a BD46     		mov	sp, r7
 388              	.LCFI26:
 389              		.cfi_def_cfa_register 13
 390              		@ sp needed
 391 001c 5DF8047B 		ldr	r7, [sp], #4
 392              	.LCFI27:
 393              		.cfi_restore 7
 394              		.cfi_def_cfa_offset 0
 395 0020 7047     		bx	lr
 396              		.cfi_endproc
 397              	.LFE225:
 399              		.text
 400              	.Letext0:
 401              		.file 2 "c:\\arm-gcc\\tools\\gcc-arm-none-eabi-10-2020-q4-major\\arm-none-eabi\\include\\machine\\
 402              		.file 3 "c:\\arm-gcc\\tools\\gcc-arm-none-eabi-10-2020-q4-major\\arm-none-eabi\\include\\sys\\_std
 403              		.file 4 "Middlewares/ST/STM32_USB_Device_Library/Core/Inc/usbd_def.h"
 404              		.file 5 "Middlewares/ST/STM32_USB_Device_Library/Class/CDC/Inc/usbd_cdc.h"
 405              		.file 6 "USB_DEVICE/App/usbd_cdc_if.h"
ARM GAS  C:\Users\EI\AppData\Local\Temp\ccuhEs7k.s 			page 14


DEFINED SYMBOLS
                            *ABS*:00000000 usbd_cdc_if.c
C:\Users\EI\AppData\Local\Temp\ccuhEs7k.s:22     .bss.UserRxBufferFS:00000000 UserRxBufferFS
C:\Users\EI\AppData\Local\Temp\ccuhEs7k.s:19     .bss.UserRxBufferFS:00000000 $d
C:\Users\EI\AppData\Local\Temp\ccuhEs7k.s:29     .bss.UserTxBufferFS:00000000 UserTxBufferFS
C:\Users\EI\AppData\Local\Temp\ccuhEs7k.s:26     .bss.UserTxBufferFS:00000000 $d
C:\Users\EI\AppData\Local\Temp\ccuhEs7k.s:36     .data.USBD_Interface_fops_FS:00000000 USBD_Interface_fops_FS
C:\Users\EI\AppData\Local\Temp\ccuhEs7k.s:33     .data.USBD_Interface_fops_FS:00000000 $d
C:\Users\EI\AppData\Local\Temp\ccuhEs7k.s:50     .text.CDC_Init_FS:00000000 CDC_Init_FS
C:\Users\EI\AppData\Local\Temp\ccuhEs7k.s:95     .text.CDC_DeInit_FS:00000000 CDC_DeInit_FS
C:\Users\EI\AppData\Local\Temp\ccuhEs7k.s:132    .text.CDC_Control_FS:00000000 CDC_Control_FS
C:\Users\EI\AppData\Local\Temp\ccuhEs7k.s:228    .text.CDC_Receive_FS:00000000 CDC_Receive_FS
C:\Users\EI\AppData\Local\Temp\ccuhEs7k.s:356    .text.CDC_TransmitCplt_FS:00000000 CDC_TransmitCplt_FS
C:\Users\EI\AppData\Local\Temp\ccuhEs7k.s:43     .text.CDC_Init_FS:00000000 $t
C:\Users\EI\AppData\Local\Temp\ccuhEs7k.s:82     .text.CDC_Init_FS:0000001c $d
C:\Users\EI\AppData\Local\Temp\ccuhEs7k.s:89     .text.CDC_DeInit_FS:00000000 $t
C:\Users\EI\AppData\Local\Temp\ccuhEs7k.s:126    .text.CDC_Control_FS:00000000 $t
C:\Users\EI\AppData\Local\Temp\ccuhEs7k.s:162    .text.CDC_Control_FS:0000001c $d
C:\Users\EI\AppData\Local\Temp\ccuhEs7k.s:198    .text.CDC_Control_FS:000000ac $t
C:\Users\EI\AppData\Local\Temp\ccuhEs7k.s:222    .text.CDC_Receive_FS:00000000 $t
C:\Users\EI\AppData\Local\Temp\ccuhEs7k.s:269    .text.CDC_Receive_FS:00000024 $d
C:\Users\EI\AppData\Local\Temp\ccuhEs7k.s:274    .text.CDC_Transmit_FS:00000000 $t
C:\Users\EI\AppData\Local\Temp\ccuhEs7k.s:281    .text.CDC_Transmit_FS:00000000 CDC_Transmit_FS
C:\Users\EI\AppData\Local\Temp\ccuhEs7k.s:345    .text.CDC_Transmit_FS:00000048 $d
C:\Users\EI\AppData\Local\Temp\ccuhEs7k.s:350    .text.CDC_TransmitCplt_FS:00000000 $t

UNDEFINED SYMBOLS
USBD_CDC_SetTxBuffer
USBD_CDC_SetRxBuffer
hUsbDeviceFS
USBD_CDC_ReceivePacket
USBD_CDC_TransmitPacket
